number,value,datetime_start,datetime_complete,duration,params_colsample_bytree,params_learning_rate,params_max_depth,params_min_child_samples,params_min_split_gain,params_n_estimators,params_num_leaves,params_reg_alpha,params_reg_lambda,params_subsample,system_attrs_cma:generation,system_attrs_cma:optimizer:0,system_attrs_cma:optimizer:1,system_attrs_cma:optimizer:2,system_attrs_cma:optimizer:3,state
60,0.4883323300126259,2026-03-24 01:42:15.376136,2026-03-24 01:46:34.504646,0 days 00:04:19.128510,0.5000070079474461,0.0010581079278547743,11,72,0.16463294096715347,1800,136,2.064132833887136e-08,0.0004937165729055819,0.44495859082004535,1.0,800495ca0d0000000000008c0a636d6165732e5f636d61948c03434d419493942981947d94288c065f6e5f64696d944b0a8c085f706f7073697a65944b0a8c035f6d75944b058c075f6d755f656666948c166e756d70792e5f636f72652e6d756c74696172726179948c067363616c61729493948c056e756d7079948c0564747970659493948c02663894898887945294284b038c013c944e4e4e4affffffff4affffffff4b007494624308186d7201a156094094869452948c035f636394680b68114308d170f1571fe1d23f94869452948c035f633194680b68114308efd1ee33204d8f3f94869452948c045f636d7594680b681143086bbc550553a3943f94869452948c085f635f7369676d6194680b6811430824bcd1f61334d23f94869452948c085f645f7369676d6194680b68114308096fb4fd048df43f94869452948c035f636d944b018c065f6368695f6e94474008ad851f1406cd8c085f776569676874739468098c0c5f7265636f6e737472756374949394680c8c076e6461727261799493944b0085944301629487945294284b014b0a85946811894350649b20309233dd3fde743acc0454d13f25864b3ffdc3c43f663951a1ddd1b53f5de5adba2f1f9a3f61fb228a96d7b5bfd8a31982dd44cebfee6bfe92b483d7bf8f47a053f8e7debf1bced94754c2e2bf947494628c085f705f7369676d6194682f68314b008594683387945294284b014b0a859468118943508163a94cdbcfc3bf4a583187c084d6bf64388bcdf3d3d1bf418c8b7bf9c3cfbf0335c3e8bbe3e23f18deb38a96ceda3fb6bf820ca2f6cebfb5567310fdadec3fcfa19d5a159de1bf4666200ed4e3dc3f947494628c035f706394682f68314b008594683387945294284b014b0a859468118943509d01f8ea3d1dc4bf24ecb396b5dcd6bf09d7728d9619d2bf309ccf710620d0bff3e4333c842de33fac3ff8bc4b37db3f4457bf64936fcfbf566137cb021eed3fa7513dc9e1e1e1bfc2ee1b15ac54dd3f947494628c055f6d65616e94682f68314b008594683387945294284b014b0a859468118943507c720e4dec69ce3f03578ebe8f80e03fd0a0dbef850ce93f40b9b9c11240e93f2cb1e0ddeb8fca3fc8120797c49ac73fddc2adf90759ea3f76dcf6e3b743d53f0df6781fc586e03f0ed09a8b0fa2d43f947494628c055f635f316494682f68314b008594683387945294284b014b37859468118942b80100001fa91b9bac9cee3fcfff0b0279696fbf1db1293a7157703fdb4d2a8dcae3853ff033fa2c4f6a99bf3dedc4472ccc94bff6a1eb9a18aa79bfd38487cbaa61a5bff1503b4e60d88d3f7d565dc49aa871bf75c83ffdca74ef3f05873ca1d1f88f3f1c0026dc1816683f8a18dd50ec2191bf8993e7d0d87788bf29ffd59e19e998bfde5ecf4,26d5c8abf4f38769a7460923fcf1e6ec29aa4723ff77d6fa4060fef3f4c66211991b146bf542c0f6093e7903fd28eef4b50e55a3f4de2f35a8f9597bf9e2f39e78317643f9b2fb85a2eb894bf2308b288187b85bf4231d998adfdef3f302b98def1066e3ff09644a0766b41bf8746308477be803f00c91eace10b7e3fda42fae872397e3ff94fbd17c92e783f686a076ca098ef3fb44bd710b3af76bf528124c7e1a87e3f606fbcb1657384bf5ed7b3c75430823ffaa00ebf3cd6673f60f47b8d37d7ef3f4282685b3b8783bfbe16f8e6d0d083bfd4a9328796cb743fbc0db22cf9d2693f7bb61ab04187ec3f93cd1944914b843f3c41727fe7b598bf28ba0213d196803f7b2579bb00aeef3f22b9099bf099873fd2c6da491aaa7d3f2d042ba8c82cef3f56e1b13e75946ebf8ed192abff00f03f947494628c065f7369676d6194680b681143089905bbff311bd13f94869452948c025f44944e8c025f42944e8c075f626f756e647394682f68314b008594683387945294284b014b0a4b02869468118943a00000000000000000000000000000f03f0000000000000000000000000000f03f0000000000000000000000000000f03f0000000000000000000000000000f03f0000000000000000000000000000f03f0000000000000000000000000000f03f0000000000000000000000000000f03f0000000000000000000000000000f03f0000000000000000000000000000f03f0000000000000000000000000000f03f947494628c115f6e5f6d61785f726573616d706c696e67944b648c025f67944b018c095f6c725f616461707494898c065f616c70686194473ff66666666666668c0a5f626574615f6d65616e94473fb999999999999a8c0b5f626574615f5369676d6194473f9eb851eb851eb88c065f67616d6d6194473fb999999999999a8c065f456d65616e94682f68314b008594683387945294284b014b0a4b01869468118943500000000000000000000000000000000000000000000000000000000000000000000000000000000000000000000000000000000000000000000000000000000000000000000000000000000000000000947494628c075f455369676d6194682f68314b008594683387945294284b014b644b0186946811894220030000000000000000000000000000000000000000000000000000000000000000000000000000000000000000000000000000000000000000000000000000000000000000000000000000000000000000000000000000000000000000000000000000000000000000000000000000000000000000000000000000000000000000000000000000000000000000000000000000000000000000000000000000000000000000000000000000000000000000000000000000000000,0000000000000000000000000000000000000000000000000000000000000000000000000000000000000000000000000000000000000000000000000000000000000000000000000000000000000000000000000000000000000000000000000000000000000000000000000000000000000000000000000000000000000000000000000000000000000000000000000000000000000000000000000000000000000000000000000000000000000000000000000000000000000000000000000000000000000000000000000000000000000000000000000000000000000000000000000000000000000000000000000000000000000000000000000000000000000000000000000000000000000000000000000000000000000000000000000000000000000000000000000000000000000000000000000000000000000000000000000000000000000000000000000000000000000000000000000000000000000000000000000000000000000000000000000000000000000000000000000000000000000000000000000000000000000000000000000000000000000000000000000000000000000000000000000000000000000000000000000000000000000000000000000000000000000000000000000000000000000000000000000000000000000000000000000000000000000000000000000000000000000000000000000000000000000000000000000000000000000000000000000000000000000000000000000000000000000000000000000000000000000000000000000000000000000000000000000000000000000000000000000000000000000000000000000000000000947494628c065f566d65616e944700000000000000008c075f565369676d61944700000000000000008c095f6574615f6d65616e94473ff00000000000008c0a5f6574615f5369676d6194473ff00000000000008c055f746f6c7894473d551c51ce3718e18c075f746f6c787570944740c38800000000008c075f746f6c66756e94473d719799812dea118c105f746f6c636f6e646974696f6e636f76944742d6bcc41e9000008c0d5f66756e686973745f7465726d944b288c0f5f66756e686973745f76616c75657394682f68314b008594683387945294284b014b50859468118942800200006e9cee2a6c22e5bf00000000000000005988cb2023b0e0bfeb7a43dd5349dfbf4f11cb61ab86a6be00000000000000008aa8f64b9b8379bf000000000000000045436f09a57e2ebf0000000000000000000000000000008000000000000000006462942f3a46eabe00000000000000007c252b9a4bc478be00000000000000000000000000000080000000000000000000000000000000800000000000000000000000000000008000000000000,0000035ce8375a2b7eebf0000000000000000000000000000008000000000000000000000000000000080000000000000000000000000000000800000000000000000010000000000b4bc0000000000000000000000000000008000000000000000005100000000f821bd000000000000000072e701000414c6bd00000000000000000000000000000080000000000000000000000000000000800000000000000000fff94aa97bba39be0000000000000000a861f0d9edd2b5be0000000000000000000000000000008000000000000000000000000000000080000000000000000000000000000000800000000000000000000000000000a0bc000000000000000038218828be5527be00000000000000004f11cb61ab86a6be0000000000000000428b0480a40de1bd0000000000000000cf8c63d077f423be00000000000000001708394834c39cbe0000000000000000549a44ca84bfd1be0000000000000000b0e2298d86bc01bf000000000000000085dac67721f452bf00000000000000009b14ddfd266574bf0000000000000000108087096d0892bf000000000000000017e5299a827faabf000000000000000097caccd2b4a5d1bf00000000000000004e70a4e29cbde0bf00000000000000009474946275622e,COMPLETE
61,0.48592511478385103,2026-03-24 01:46:34.505572,2026-03-24 01:46:53.843122,0 days 00:00:19.337550,0.5036581043837192,0.02033579313897186,6,41,3.41868163599172,600,158,7.07380889491493e-08,1.1914326404095077,0.8643817159496954,1.0,,,,,COMPLETE
62,0.4854093645099982,2026-03-24 01:46:53.844014,2026-03-24 01:47:02.955928,0 days 00:00:09.111914,0.49556138733188115,0.2184050715190874,12,56,1.9004471312331446,1000,121,0.000868867600931823,5.466978170930527e-07,0.4625996236178613,1.0,,,,,COMPLETE
63,0.5000238515951833,2026-03-24 01:47:02.956766,2026-03-24 01:47:17.077825,0 days 00:00:14.121059,0.5875049654873445,0.06705543287585886,10,74,1.2762910164862613,600,241,6.484348939885857e-07,1.3909854266446888e-06,0.5009595850145067,1.0,,,,,COMPLETE
64,0.4824464811762959,2026-03-24 01:47:17.078653,2026-03-24 01:47:29.334291,0 days 00:00:12.255638,0.47717550588764845,0.03537889101600435,7,93,3.3731979732551176,800,116,3.529947010672783e-05,0.019059012262095998,0.6610694061657219,1.0,,,,,COMPLETE
65,0.5164758753040686,2026-03-24 01:47:29.335375,2026-03-24 01:48:06.672766,0 days 00:00:37.337391,0.3709512051709588,0.01902345729815614,8,72,0.39435248340558493,400,187,0.00248123231927023,0.06176123744756077,0.7534746142627069,1.0,,,,,COMPLETE
66,0.5009688286496972,2026-03-24 01:48:06.673758,2026-03-24 01:49:15.073826,0 days 00:01:08.400068,0.3553081829528416,0.01192570781799991,11,76,1.223643561403838,1400,192,1.5173293868948682e-06,0.0004521151338661513,0.6842094990666978,1.0,,,,,COMPLETE
67,0.4930802802856828,2026-03-24 01:49:15.074919,2026-03-24 01:50:31.286799,0 days 00:01:16.211880,0.394844391801347,0.019694804888450296,12,34,0.6982187919413165,1300,215,1.972449830455809e-06,7.373045842435953e-08,0.5196142016376862,1.0,,,,,COMPLETE
68,0.4842711741339239,2026-03-24 01:50:31.287862,2026-03-24 01:50:50.039088,0 days 00:00:18.751226,0.6987711501966505,0.0212872454799813,9,85,2.446603555375572,400,221,4.7523092130501875e-05,3.704974379284193e-07,0.9114493185538752,1.0,,,,,COMPLETE
69,0.5049377552592852,2026-03-24 01:50:50.043551,2026-03-24 01:51:17.686639,0 days 00:00:27.643088,0.6549001512211035,0.03366945296299488,10,52,0.80906069361809,300,193,8.547180017676702e-08,0.0007348313745958585,0.5529746738204684,1.0,,,,,COMPLETE
70,0.4745757078044221,2026-03-24 01:51:17.687511,2026-03-24 01:53:19.320683,0 days 00:02:01.633172,0.5947444511673291,0.002039693884020981,8,56,1.743078524286354,900,183,7.482942682745912e-05,5.192882840990918e-08,0.5023244258858911,2.0,800495ec0d0000000000008c0a636d6165732e5f636d61948c03434d419493942981947d94288c065f6e5f64696d944b0a8c085f706f7073697a65944b0a8c035f6d75944b058c075f6d755f656666948c166e756d70792e5f636f72652e6d756c74696172726179948c067363616c61729493948c056e756d7079948c0564747970659493948c02663894898887945294284b038c013c944e4e4e4affffffff4affffffff4b007494624308186d7201a156094094869452948c035f636394680b68114308d170f1571fe1d23f94869452948c035f633194680b68114308efd1ee33204d8f3f94869452948c045f636d7594680b681143086bbc550553a3943f94869452948c085f635f7369676d6194680b6811430824bcd1f61334d23f94869452948c085f645f7369676d6194680b68114308096fb4fd048df43f94869452948c035f636d944b018c065f6368695f6e94474008ad851f1406cd8c085f776569676874739468098c0c5f7265636f6e737472756374949394680c8c076e6461727261799493944b0085944301629487945294284b014b0a8594680e8c02663894898887945294284b0368124e4e4e4affffffff4affffffff4b00749462894350649b20309233dd3fde743acc0454d13f25864b3ffdc3c43f663951a1ddd1b53f5de5adba2f1f9a3f61fb228a96d7b5bfd8a31982dd44cebfee6bfe92b483d7bf8f47a053f8e7debf1bced94754c2e2bf947494628c085f705f7369676d6194682f68314b008594683387945294284b014b0a859468118943501e24dc599682bfbf5067bab07796b9bf747daaa0dad3e5bf79965f5cbd24ebbf627a0fc9134dc13f0bca4975e2e2d13fd8aec798b467e1bfd1dfac9bf399e73f1436b9f8c14abcbf8cfbcf364c00eb3f947494628c035f706394682f68314b008594683387945294284b014b0a85946811894350d7161b9a17c1bfbf04ac9f2990eab7bfc685009d7de6e5bfb1b9a2f8536eebbfc817af23752fc03f1b0dd8edad0cd23f4839dc4765f0e0bf626406e6399ee73f48c2d83a3274babf569eb03d5938eb3f947494628c055f6d65616e94682f68314b008594683387945294284b014b0a85946839894350e39a02adf40dce3f7b816a8d6493e13fd9b6ef3523c3e53fb46c54f51da5e43fc40685f86d89c23f9d82fdc9601fc73fe7e90e4a17efe73f49ae46fcc492d63f1524e3fbf97ee23fc170c70762c8db3f947494628c065f7369676d6194680b6811430818acb5ae53f6ce3f94869452948c025f44944e8c025f42944e8c075f626f756e647394682f68314b008594683387945294284b014b0a4b02869468398943a00000000000000000000000000000f03f0000000000000000000000000000f03f0000000000000000000000000000f03f00000000000000000,00000000000f03f0000000000000000000000000000f03f0000000000000000000000000000f03f0000000000000000000000000000f03f0000000000000000000000000000f03f0000000000000000000000000000f03f0000000000000000000000000000f03f947494628c115f6e5f6d61785f726573616d706c696e67944b648c025f67944b028c095f6c725f616461707494898c065f616c70686194473ff66666666666668c0a5f626574615f6d65616e94473fb999999999999a8c0b5f626574615f5369676d6194473f9eb851eb851eb88c065f67616d6d6194473fb999999999999a8c065f456d65616e94682f68314b008594683387945294284b014b0a4b01869468398943500000000000000000000000000000000000000000000000000000000000000000000000000000000000000000000000000000000000000000000000000000000000000000000000000000000000000000947494628c075f455369676d6194682f68314b008594683387945294284b014b644b0186946839894220030000000000000000000000000000000000000000000000000000000000000000000000000000000000000000000000000000000000000000000000000000000000000000000000000000000000000000000000000000000000000000000000000000000000000000000000000000000000000000000000000000000000000000000000000000000000000000000000000000000000000000000000000000000000000000000000000000000000000000000000000000000000000000000000000000000000000000000000000000000000000000000000000000000000000000000000000000000000000000000000000000000000000000000000000000000000000000000000000000000000000000000000000000000000000000000000000000000000000000000000000000000000000000000000000000000000000000000000000000000000000000000000000000000000000000000000000000000000000000000000000000000000000000000000000000000000000000000000000000000000000000000000000000000000000000000000000000000000000000000000000000000000000000000000000000000000000000000000000000000000000000000000000000000000000000000000000000000000000000000000000000000000000000000000000000000000000000000000000000000000000000000000000000000000000000000000000000000000000000000000000000000000000000000000000000000000000000000000000000000000000000000000000000000000000000000000000000000000000000000000000000000000000000000000000000000000000000000000000000000000000000,0000000000000000000000000000000000000000000000000000000000000000000000000000000000000000000000000000000000000000000000000000000000000000000000000000000000000000000000000000000000000000000000000000000000000000000000000000000000000000000000000000000000000000000000000000000000000000000000000000000000000000000000000000000000000000000000000000947494628c065f566d65616e944700000000000000008c075f565369676d61944700000000000000008c095f6574615f6d65616e94473ff00000000000008c0a5f6574615f5369676d6194473ff00000000000008c055f746f6c7894473d551c51ce3718e18c075f746f6c787570944740c38800000000008c075f746f6c66756e94473d719799812dea118c105f746f6c636f6e646974696f6e636f76944742d6bcc41e9000008c0d5f66756e686973745f7465726d944b288c0f5f66756e686973745f76616c75657394682f68314b008594683387945294284b014b50859468398942800200006e9cee2a6c22e5bf00000000000000005988cb2023b0e0bfeb7a43dd5349dfbf8c53336af886e0bff53cae3467e0debf8aa8f64b9b8379bf000000000000000045436f09a57e2ebf0000000000000000000000000000008000000000000000006462942f3a46eabe00000000000000007c252b9a4bc478be000000000000000000000000000000800000000000000000000000000000008000000000000000000000000000000080000000000000000035ce8375a2b7eebf0000000000000000000000000000008000000000000000000000000000000080000000000000000000000000000000800000000000000000010000000000b4bc0000000000000000000000000000008000000000000000005100000000f821bd000000000000000072e701000414c6bd00000000000000000000000000000080000000000000000000000000000000800000000000000000fff94aa97bba39be0000000000000000a861f0d9edd2b5be0000000000000000000000000000008000000000000000000000000000000080000000000000000000000000000000800000000000000000000000000000a0bc000000000000000038218828be5527be00000000000000004f11cb61ab86a6be0000000000000000428b0480a40de1bd0000000000000000cf8c63d077f423be00000000000000001708394834c39cbe0000000000000000549a44ca84bfd1be0000000000000000b0e2298d86bc01bf000000000000000085dac67721f452bf00000000000000009b14ddfd266574bf0000000000000000108087096d0892bf000000000000000017e5299a827faabf000000000000000097caccd2b4a5d1bf000000000,00000004e70a4e29cbde0bf0000000000000000947494628c055f635f316494682f68314b008594683387945294284b014b37859468118942b801000091883156fc64ee3f4422b09d005a67bf2de28e00063b903f10539da90e767e3fd6ab42253df4a4bf2bc1154fb04497bfc806e26dd38b60bfc1fef5142959acbfa26c221f8f6c9c3fccf3199ae6a6a4bfcaa7b331b2baee3fb33dff5d8c5e913fae940235c39b823f79cb87060efaa2bf18f42186cb2d96bfe09160d7b1a051bfa6f6e88eb8ea9cbf7c3faa465df09c3fbc3bb3d83f43723f1877d3b9b464ee3f3f0318b6c80f913fbd806dde7477af3f18bb69137ea3753ff041a94ab919a3bf5d4bd2cda32390bffc1549d6debf84bf80d7e692c0d16f3f09b87702fb09f03f11da6baa5fde6c3fa0412cfa4fd9663f598209eab83b8c3f1a36ccd0848a49bf085e0b9fa60c743f0a7e444d9da185bf1e4478cae082ed3f60d5766be1ad86bfba594f8d5b9fab3f16f896d52ebb92bff84c0d88878b6b3f817f4a2021dfa3bfb4e5c9ecf8c2ef3f380e5d36ea39873f5cd744276ca485bfe8b8d5509b2a53bf2af087706679943f6b0e10797026eb3f4bee84714657823f380e752c4f8996bf0d5d79a2b72060bfb93e03649808f03ff43488f7fe3a9f3fc6a45f785c229d3fb8d107231d35ee3fcc155cd6da048b3fd5460f58c8cfee3f9474946275622e,COMPLETE
71,0.5114119238431605,2026-03-24 01:53:19.321545,2026-03-24 01:54:08.271202,0 days 00:00:48.949657,0.5542918065726817,0.021862373871133867,9,50,0.7779070673552303,1100,61,0.00013419778359234042,0.012971002482827669,0.6844042530611585,2.0,,,,,COMPLETE
72,0.4888303219871464,2026-03-24 01:54:08.272055,2026-03-24 01:54:18.274212,0 days 00:00:10.002157,0.6246878857353095,0.14362755213108985,6,72,1.2708428585108207,900,197,8.044775107945657e-05,0.12134100700020116,0.6111057048684692,2.0,,,,,COMPLETE
73,0.4903333033641409,2026-03-24 01:54:18.275070,2026-03-24 01:54:30.591055,0 days 00:00:12.315985,0.3841947714024275,0.13088969483363372,8,59,0.6681527804663866,400,193,5.486192468276281e-07,0.0002523516708589325,0.7283386246983672,2.0,,,,,COMPLETE
74,0.49909960686634786,2026-03-24 01:54:30.591943,2026-03-24 01:54:47.798097,0 days 00:00:17.206154,0.48741811521922696,0.09658135364552078,10,41,1.959342135490811,2000,250,1.0364047054514486e-06,0.0021018195700324743,0.44634293118270535,2.0,,,,,COMPLETE
75,0.4886042951154148,2026-03-24 01:54:47.799160,2026-03-24 01:55:35.835268,0 days 00:00:48.036108,0.5437088099903409,0.016224491291181736,9,73,1.271880988372687,900,245,0.0006034917092230872,0.00012517205884090735,0.9279402190123927,2.0,,,,,COMPLETE
76,0.49530105296256594,2026-03-24 01:55:35.836637,2026-03-24 01:57:35.939879,0 days 00:02:00.103242,0.6898359849877751,0.0054386719050494485,10,17,2.225791901524782,1000,242,0.0006265723537618267,1.2695927867243162,0.919262977823128,2.0,,,,,COMPLETE
77,0.4784394712450976,2026-03-24 01:57:35.940706,2026-03-24 01:57:44.395644,0 days 00:00:08.454938,0.32994229423634547,0.19820624907993709,8,22,2.1333144713477386,900,169,1.8538428632485677e-07,3.0604942374892814,0.6426304167391756,2.0,,,,,COMPLETE
78,0.5017589439466569,2026-03-24 01:57:44.396545,2026-03-24 01:58:12.264470,0 days 00:00:27.867925,0.6908878077550973,0.010839046068242464,11,90,1.72186530750911,300,184,4.89562444575539e-06,1.7213165147867318e-05,0.5636670904501982,2.0,,,,,COMPLETE
79,0.5192749355008486,2026-03-24 01:58:12.265369,2026-03-24 01:58:30.458924,0 days 00:00:18.193555,0.6458081727571175,0.06343367638862868,6,67,0.6284568882296303,600,226,1.1145008931911797e-05,2.406528776579544,0.6422562703382758,2.0,,,,,COMPLETE
