number,value,datetime_start,datetime_complete,duration,params_colsample_bytree,params_learning_rate,params_max_depth,params_min_child_samples,params_min_split_gain,params_n_estimators,params_num_leaves,params_reg_alpha,params_reg_lambda,params_subsample,system_attrs_cma:generation,system_attrs_cma:optimizer:0,system_attrs_cma:optimizer:1,system_attrs_cma:optimizer:2,system_attrs_cma:optimizer:3,state
220,0.5323792351513766,2026-03-24 04:04:39.667017,2026-03-24 04:05:52.407422,0 days 00:01:12.740405,0.4498047984662623,0.030997317732843015,8,86,0.06817054160556994,900,157,0.00037245247792892723,1.1478394507802365e-07,0.6478516448757126,17.0,800495ec0d0000000000008c0a636d6165732e5f636d61948c03434d419493942981947d94288c065f6e5f64696d944b0a8c085f706f7073697a65944b0a8c035f6d75944b058c075f6d755f656666948c166e756d70792e5f636f72652e6d756c74696172726179948c067363616c61729493948c056e756d7079948c0564747970659493948c02663894898887945294284b038c013c944e4e4e4affffffff4affffffff4b007494624308186d7201a156094094869452948c035f636394680b68114308d170f1571fe1d23f94869452948c035f633194680b68114308efd1ee33204d8f3f94869452948c045f636d7594680b681143086bbc550553a3943f94869452948c085f635f7369676d6194680b6811430824bcd1f61334d23f94869452948c085f645f7369676d6194680b68114308096fb4fd048df43f94869452948c035f636d944b018c065f6368695f6e94474008ad851f1406cd8c085f776569676874739468098c0c5f7265636f6e737472756374949394680c8c076e6461727261799493944b0085944301629487945294284b014b0a8594680e8c02663894898887945294284b0368124e4e4e4affffffff4affffffff4b00749462894350649b20309233dd3fde743acc0454d13f25864b3ffdc3c43f663951a1ddd1b53f5de5adba2f1f9a3f61fb228a96d7b5bfd8a31982dd44cebfee6bfe92b483d7bf8f47a053f8e7debf1bced94754c2e2bf947494628c085f705f7369676d6194682f68314b008594683387945294284b014b0a85946811894350ce16006de7bdf1bf5841e9b76717c9bfdac18cc3b124c23f36d7ac0f5527c2bf54653e7aaabcbebfb87c56c52b17ebbf72e47b9e05b6c53fc953d5e48067dd3f61525d1ccde0f5bfac2644f55217f4bf947494628c035f706394682f68314b008594683387945294284b014b0a859468118943505ae11cfb5891f0bff080f742d954afbfee3a6ca72ccac63fec316afba662bbbf34a115f22d0bb7bfc03f2fdd969decbf18138e77c463c83f3c94d3e4dfaedf3f0c60c00e28caf5bf4a9dbbbb7fd7f1bf947494628c055f6d65616e94682f68314b008594683387945294284b014b0a85946839894350a4c74eab6b0bc93f7f0e928a2749df3f6a3510158c7ede3fc477d3414a7ae93f0a7bc5f38fedb63f7be5847014edd83f2a77bccdc380e43f9ac1c3823a2fda3f6cdbae0c2de0cc3f77c8c9907df1d03f947494628c065f7369676d6194680b681143084a0e86d88461be3f94869452948c025f44944e8c025f42944e8c075f626f756e647394682f68314b008594683387945294284b014b0a4b02869468398943a00000000000000000000000000000f03f0000000000000000000000000000f03f0000000000000000000000000000f03f00000000000000000,00000000000f03f0000000000000000000000000000f03f0000000000000000000000000000f03f0000000000000000000000000000f03f0000000000000000000000000000f03f0000000000000000000000000000f03f0000000000000000000000000000f03f947494628c115f6e5f6d61785f726573616d706c696e67944b648c025f67944b118c095f6c725f616461707494898c065f616c70686194473ff66666666666668c0a5f626574615f6d65616e94473fb999999999999a8c0b5f626574615f5369676d6194473f9eb851eb851eb88c065f67616d6d6194473fb999999999999a8c065f456d65616e94682f68314b008594683387945294284b014b0a4b01869468398943500000000000000000000000000000000000000000000000000000000000000000000000000000000000000000000000000000000000000000000000000000000000000000000000000000000000000000947494628c075f455369676d6194682f68314b008594683387945294284b014b644b0186946839894220030000000000000000000000000000000000000000000000000000000000000000000000000000000000000000000000000000000000000000000000000000000000000000000000000000000000000000000000000000000000000000000000000000000000000000000000000000000000000000000000000000000000000000000000000000000000000000000000000000000000000000000000000000000000000000000000000000000000000000000000000000000000000000000000000000000000000000000000000000000000000000000000000000000000000000000000000000000000000000000000000000000000000000000000000000000000000000000000000000000000000000000000000000000000000000000000000000000000000000000000000000000000000000000000000000000000000000000000000000000000000000000000000000000000000000000000000000000000000000000000000000000000000000000000000000000000000000000000000000000000000000000000000000000000000000000000000000000000000000000000000000000000000000000000000000000000000000000000000000000000000000000000000000000000000000000000000000000000000000000000000000000000000000000000000000000000000000000000000000000000000000000000000000000000000000000000000000000000000000000000000000000000000000000000000000000000000000000000000000000000000000000000000000000000000000000000000000000000000000000000000000000000000000000000000000000000000000000000000000000000000000,0000000000000000000000000000000000000000000000000000000000000000000000000000000000000000000000000000000000000000000000000000000000000000000000000000000000000000000000000000000000000000000000000000000000000000000000000000000000000000000000000000000000000000000000000000000000000000000000000000000000000000000000000000000000000000000000000000947494628c065f566d65616e944700000000000000008c075f565369676d61944700000000000000008c095f6574615f6d65616e94473ff00000000000008c0a5f6574615f5369676d6194473ff00000000000008c055f746f6c7894473d551c51ce3718e18c075f746f6c787570944740c38800000000008c075f746f6c66756e94473d719799812dea118c105f746f6c636f6e646974696f6e636f76944742d6bcc41e9000008c0d5f66756e686973745f7465726d944b288c0f5f66756e686973745f76616c75657394682f68314b008594683387945294284b014b50859468398942800200006e9cee2a6c22e5bf00000000000000005988cb2023b0e0bfeb7a43dd5349dfbf8c53336af886e0bff53cae3467e0debf187a3378e69de0bf33bf1fca725fdebfe8d1368ca770e0bf9bd936aa1742dfbf6f9deddadcc5e0bfab6a5b1b0fd1debf116b7e1a39b6e0bfcd635791b07cddbfdf61880c9786e0bf7738f5582d2edebf65e130c894a2e0bff186a344f2afdebfa21dc6610288e0bfdb681f843bf2debfd29f3739cc25e1bf0b247574f6cbdebf14294914c3bee0bfa8e04b24e870dfbf9b9c7a420be6e0bf73e70c95482ddebf8ed8972bbfd1e0bf712ba2b40ddcdfbfc793b94225b7e0bfc58f5a6b632de0bfdb0e5e4d904be1bf6b9301627d02e0bfdf8a0deec2bde0bf132b99ea713ae0bfa54ca7b393cce0bf739fcf26390be0bf72e701000414c6bd00000000000000000000000000000080000000000000000000000000000000800000000000000000fff94aa97bba39be0000000000000000a861f0d9edd2b5be0000000000000000000000000000008000000000000000000000000000000080000000000000000000000000000000800000000000000000000000000000a0bc000000000000000038218828be5527be00000000000000004f11cb61ab86a6be0000000000000000428b0480a40de1bd0000000000000000cf8c63d077f423be00000000000000001708394834c39cbe0000000000000000549a44ca84bfd1be0000000000000000b0e2298d86bc01bf000000000000000085dac67721f452bf00000000000000009b14ddfd266574bf0000000000000000108087096d0892bf000000000000000017e5299a827faabf000000000000000097caccd2b4a5d1bf000000000,00000004e70a4e29cbde0bf0000000000000000947494628c055f635f316494682f68314b008594683387945294284b014b37859468118942b80100007060f9450460e73f68609a1737a3a43fecc9369a3745ae3fd05395ea283f87bf4cad9dea8008a7bf764ffa932c945c3f890345c848096dbfb2946b54b34ab5bfb2f2102bf0f4c43f8eeaea673ea5b83f3dd022c82cf1e53f1f8f371af828a63f74eb1de96a92a03f97f3025e934cc0bf318016b30991903fd5c0eb037e60b1bf2920b91d06c5ba3fd98e6308e8d9aabf1a9bc119fd8e993f265057c13a03f13fde43f4b9252fab3f8093e65a21cdb9bf00e4cbdd10e0273f1fedebc50d4bc13fb5807e278280c0bfdc088e96c4229abfdda5b7eb3d99c9bfd87cc18cc771ee3ff0d28cdaac809e3f7a99a2489bc5b8bfe6e27e17264b83bf83183dc42c588f3f9e4c09236fd4acbf560b229ec12c90bff9762bb2cb3ee03f71e23fab615a9a3f26bd58fb1317833f8b667b502789a4bf5ab09b7804e3683f08ea44eaa1e899bf10c632660618ec3f02fa5c05c74dbdbf38792e1039d8a7bf7cbaed9e8413b63f1ffb45dedda4ab3fd4787e39bb5de93fd2e0f90d932f6bbfd87fe604d066aa3fe764b1ba1b6ac1bf193e6b36912ceb3ff36e536760b5b8bf64365d7eb939b63f0a4d8454ba18ef3f81587a75c42caa3f480a1297c62deb3f9474946275622e,COMPLETE
221,0.5200699345035728,2026-03-24 04:05:52.408341,2026-03-24 04:06:44.149631,0 days 00:00:51.741290,0.5321725292834496,0.025464081224637697,7,73,0.5271121830144619,900,142,5.649324778535731e-06,4.906367792480512e-07,0.5646662034768039,17.0,,,,,COMPLETE
222,0.5230493505780386,2026-03-24 04:06:44.150482,2026-03-24 04:07:44.206548,0 days 00:01:00.056066,0.4262358473574729,0.014100896810878474,8,98,0.839322806165516,1400,140,3.779292572909143e-05,1.4898018687728522e-07,0.6065145242327316,17.0,,,,,COMPLETE
223,0.5161402602648737,2026-03-24 04:07:44.207396,2026-03-24 04:08:19.497427,0 days 00:00:35.290031,0.3068204835739997,0.03047090996247631,6,72,0.7185222963546691,1400,210,4.9044662161488774e-05,9.833719035634393e-08,0.49058048990927394,17.0,,,,,COMPLETE
224,0.5191964107637778,2026-03-24 04:08:19.498328,2026-03-24 04:09:53.739288,0 days 00:01:34.240960,0.4367377199726876,0.013760820751718153,6,83,0.030661934825962217,1000,178,3.5918565571692104e-05,9.180811967855933e-06,0.5574721617286177,17.0,,,,,COMPLETE
225,0.5098338640823223,2026-03-24 04:09:53.740001,2026-03-24 04:11:08.439910,0 days 00:01:14.699909,0.5201007811849762,0.026185944529509876,9,89,1.128477444806455,900,149,0.00027678615839328926,1.9622053294205828e-07,0.5782230467732271,17.0,,,,,COMPLETE
226,0.5065554868125678,2026-03-24 04:11:08.440696,2026-03-24 04:12:43.703163,0 days 00:01:35.262467,0.42332291189277704,0.024631062740560556,6,62,0.7860718655075596,1200,153,2.759270789699438e-06,2.4670565754001686e-06,0.6672313453860179,17.0,,,,,COMPLETE
227,0.5064045373358897,2026-03-24 04:12:43.704093,2026-03-24 04:17:28.570533,0 days 00:04:44.866440,0.4265352454962895,0.00471728059779611,8,66,0.36506119504136214,1400,164,0.00017583434204798627,5.4762409457899907e-05,0.5765975601142177,17.0,,,,,COMPLETE
228,0.5068666150093121,2026-03-24 04:17:28.571528,2026-03-24 04:20:08.794407,0 days 00:02:40.222879,0.5048376043202001,0.010677012084195555,8,76,0.8964772443651136,900,171,2.3523348463899718e-05,7.731846917596052e-06,0.46076520731115034,17.0,,,,,COMPLETE
229,0.5036953852790446,2026-03-24 04:20:08.795326,2026-03-24 04:22:20.115709,0 days 00:02:11.320383,0.40711089002394496,0.016433560637551914,7,64,0.951040176559334,1100,144,0.0007085298537041067,6.110633635417582e-07,0.5048630085558787,17.0,,,,,COMPLETE
230,0.5146509847502229,2026-03-24 04:22:20.116581,2026-03-24 04:24:33.303598,0 days 00:02:13.187017,0.5538123708723086,0.043812480054870546,7,83,0.13034621409131017,900,170,0.00014666810037957062,1.7293836746311215e-06,0.6298402750497718,18.0,800495ec0d0000000000008c0a636d6165732e5f636d61948c03434d419493942981947d94288c065f6e5f64696d944b0a8c085f706f7073697a65944b0a8c035f6d75944b058c075f6d755f656666948c166e756d70792e5f636f72652e6d756c74696172726179948c067363616c61729493948c056e756d7079948c0564747970659493948c02663894898887945294284b038c013c944e4e4e4affffffff4affffffff4b007494624308186d7201a156094094869452948c035f636394680b68114308d170f1571fe1d23f94869452948c035f633194680b68114308efd1ee33204d8f3f94869452948c045f636d7594680b681143086bbc550553a3943f94869452948c085f635f7369676d6194680b6811430824bcd1f61334d23f94869452948c085f645f7369676d6194680b68114308096fb4fd048df43f94869452948c035f636d944b018c065f6368695f6e94474008ad851f1406cd8c085f776569676874739468098c0c5f7265636f6e737472756374949394680c8c076e6461727261799493944b0085944301629487945294284b014b0a8594680e8c02663894898887945294284b0368124e4e4e4affffffff4affffffff4b00749462894350649b20309233dd3fde743acc0454d13f25864b3ffdc3c43f663951a1ddd1b53f5de5adba2f1f9a3f61fb228a96d7b5bfd8a31982dd44cebfee6bfe92b483d7bf8f47a053f8e7debf1bced94754c2e2bf947494628c085f705f7369676d6194682f68314b008594683387945294284b014b0a85946811894350a24e3755e917e1bfe0efd7192b04de3f00cc67aa8c5de13f6bafd916c792e03fa80d792079d9cbbf209c76873e9fab3f987bef3eba0de0bf2fef09f9793cd73f7c09c8964fa8fdbfd09a7dccd1b9b73f947494628c035f706394682f68314b008594683387945294284b014b0a85946811894350b5af569cb209e0bff6db5dca405ce23fa1dd5c7034f6df3f293981b4196be13fd7aa3c4eb0b8cebf0099101615737abfacb805c52006e2bf9caeee5ec81bdd3f1d07b03940fdfcbf9cccb8b9b6b9c23f947494628c055f6d65616e94682f68314b008594683387945294284b014b0a859468398943500a0b51b27fcccb3ff0550371c17fe13ffb64d13a425fe03fff51f979a757eb3f3b2c5907a4adb23fe8b719af59aedc3f6e6b340e7167e23f826dc2083ad2da3f63566a8604a0c23f6e0ff634f78dd63f947494628c065f7369676d6194680b681143084ef0dd637f8fbc3f94869452948c025f44944e8c025f42944e8c075f626f756e647394682f68314b008594683387945294284b014b0a4b02869468398943a00000000000000000000000000000f03f0000000000000000000000000000f03f0000000000000000000000000000f03f00000000000000000,00000000000f03f0000000000000000000000000000f03f0000000000000000000000000000f03f0000000000000000000000000000f03f0000000000000000000000000000f03f0000000000000000000000000000f03f0000000000000000000000000000f03f947494628c115f6e5f6d61785f726573616d706c696e67944b648c025f67944b128c095f6c725f616461707494898c065f616c70686194473ff66666666666668c0a5f626574615f6d65616e94473fb999999999999a8c0b5f626574615f5369676d6194473f9eb851eb851eb88c065f67616d6d6194473fb999999999999a8c065f456d65616e94682f68314b008594683387945294284b014b0a4b01869468398943500000000000000000000000000000000000000000000000000000000000000000000000000000000000000000000000000000000000000000000000000000000000000000000000000000000000000000947494628c075f455369676d6194682f68314b008594683387945294284b014b644b0186946839894220030000000000000000000000000000000000000000000000000000000000000000000000000000000000000000000000000000000000000000000000000000000000000000000000000000000000000000000000000000000000000000000000000000000000000000000000000000000000000000000000000000000000000000000000000000000000000000000000000000000000000000000000000000000000000000000000000000000000000000000000000000000000000000000000000000000000000000000000000000000000000000000000000000000000000000000000000000000000000000000000000000000000000000000000000000000000000000000000000000000000000000000000000000000000000000000000000000000000000000000000000000000000000000000000000000000000000000000000000000000000000000000000000000000000000000000000000000000000000000000000000000000000000000000000000000000000000000000000000000000000000000000000000000000000000000000000000000000000000000000000000000000000000000000000000000000000000000000000000000000000000000000000000000000000000000000000000000000000000000000000000000000000000000000000000000000000000000000000000000000000000000000000000000000000000000000000000000000000000000000000000000000000000000000000000000000000000000000000000000000000000000000000000000000000000000000000000000000000000000000000000000000000000000000000000000000000000000000000000000000000000000,0000000000000000000000000000000000000000000000000000000000000000000000000000000000000000000000000000000000000000000000000000000000000000000000000000000000000000000000000000000000000000000000000000000000000000000000000000000000000000000000000000000000000000000000000000000000000000000000000000000000000000000000000000000000000000000000000000947494628c065f566d65616e944700000000000000008c075f565369676d61944700000000000000008c095f6574615f6d65616e94473ff00000000000008c0a5f6574615f5369676d6194473ff00000000000008c055f746f6c7894473d551c51ce3718e18c075f746f6c787570944740c38800000000008c075f746f6c66756e94473d719799812dea118c105f746f6c636f6e646974696f6e636f76944742d6bcc41e9000008c0d5f66756e686973745f7465726d944b288c0f5f66756e686973745f76616c75657394682f68314b008594683387945294284b014b50859468398942800200006e9cee2a6c22e5bf00000000000000005988cb2023b0e0bfeb7a43dd5349dfbf8c53336af886e0bff53cae3467e0debf187a3378e69de0bf33bf1fca725fdebfe8d1368ca770e0bf9bd936aa1742dfbf6f9deddadcc5e0bfab6a5b1b0fd1debf116b7e1a39b6e0bfcd635791b07cddbfdf61880c9786e0bf7738f5582d2edebf65e130c894a2e0bff186a344f2afdebfa21dc6610288e0bfdb681f843bf2debfd29f3739cc25e1bf0b247574f6cbdebf14294914c3bee0bfa8e04b24e870dfbf9b9c7a420be6e0bf73e70c95482ddebf8ed8972bbfd1e0bf712ba2b40ddcdfbfc793b94225b7e0bfc58f5a6b632de0bfdb0e5e4d904be1bf6b9301627d02e0bfdf8a0deec2bde0bf132b99ea713ae0bfa54ca7b393cce0bf739fcf26390be0bfd36d812d4009e1bf7f6dddc8451ee0bf0000000000000080000000000000000000000000000000800000000000000000fff94aa97bba39be0000000000000000a861f0d9edd2b5be0000000000000000000000000000008000000000000000000000000000000080000000000000000000000000000000800000000000000000000000000000a0bc000000000000000038218828be5527be00000000000000004f11cb61ab86a6be0000000000000000428b0480a40de1bd0000000000000000cf8c63d077f423be00000000000000001708394834c39cbe0000000000000000549a44ca84bfd1be0000000000000000b0e2298d86bc01bf000000000000000085dac67721f452bf00000000000000009b14ddfd266574bf0000000000000000108087096d0892bf000000000000000017e5299a827faabf000000000000000097caccd2b4a5d1bf000000000,00000004e70a4e29cbde0bf0000000000000000947494628c055f635f316494682f68314b008594683387945294284b014b37859468118942b8010000c66612894064e73fa68c090e2b2ea53f0f7d2f961b58a83fe9fd20cc87db9bbff6f778d3598ea7bfebec57c5fe26793f6f216ac8a8cf81bfcfea3aa1f848b5bf7c693e2b6f1ac63f26a649ac7e95ba3f8cdec27f0489e53f69f2d0ac46abb03fa0e9fae95a509a3fa1486b85a37ec1bf2cb6e2716d22a03f67bc4706d645b3bfb8827fd0d8a9be3fc47deca36ca8acbf7d0c9edf12b19a3f2c5a7ca3aaeef03f0e8fd3889700ac3f75091b03b120babfce2084fb6fac803f0ad1c2ac5b92be3fe5d921ff0c4fc0bf38d8cc414c46acbfe427ce3f717ec6bf8a16986a9702ed3fbcc0df8a3763ac3f6963f7fab9d0a1bf3908cfc7f4eaa8bf7e102f199b4da03fcd391fe43e67b1bf81159205c3467ebf7cc6175063bbdf3fd19e92a252e5993fd4db15db5a4e983fa3d330a06bfaaabf9893dac87844883f98491ec8b82593bf23b3f1315a7eeb3f73b24773af5ebbbfd6ef93b05a03adbf540ca5f440abae3fc44074868db6a83f920833ab726ae93fd6b0fd3bc1ab6b3fb9ebcfb757eab23f215cd74c3c30c3bff7381151dcacea3feaa2aba145a6bbbfa45140118ce4bc3f8abe4a2b683cf03fc0b34f7f991fa13f8031e31bf878ea3f9474946275622e,COMPLETE
231,0.5203188765514883,2026-03-24 04:24:33.304590,2026-03-24 04:27:47.227939,0 days 00:03:13.923349,0.4005706367321774,0.00941885506510996,7,89,0.26004730255169606,1100,168,0.0014049424061719753,7.267725352426383e-08,0.734343377101754,18.0,,,,,COMPLETE
232,0.5209263205683253,2026-03-24 04:27:47.228848,2026-03-24 04:29:18.138630,0 days 00:01:30.909782,0.46619571403868343,0.041997277223684806,8,90,0.40239106733334395,1100,146,0.00011461242900355911,7.049138138488146e-08,0.6947105903605206,18.0,,,,,COMPLETE
233,0.5258376609268033,2026-03-24 04:29:18.139570,2026-03-24 04:30:41.300914,0 days 00:01:23.161344,0.45369035560162424,0.02369855887463071,6,81,1.052487885299242,1400,168,9.14820987885783e-06,1.4771019938239035e-07,0.6716841904072222,18.0,,,,,COMPLETE
234,0.5153541239972836,2026-03-24 04:30:41.301916,2026-03-24 04:32:55.221785,0 days 00:02:13.919869,0.44546480828085067,0.017556172088776033,6,77,0.5572665667806833,900,149,0.00016628420456247405,4.19790262097716e-08,0.5626106088353644,18.0,,,,,COMPLETE
235,0.5306998287757269,2026-03-24 04:32:55.223717,2026-03-24 04:34:23.471148,0 days 00:01:28.247431,0.35161380607660875,0.04720778612060874,8,90,0.4107396544233657,1400,126,2.3376264267644563e-05,7.497393137947498e-08,0.6469172414656378,18.0,,,,,COMPLETE
236,0.5207521530767463,2026-03-24 04:34:23.471934,2026-03-24 04:36:49.100317,0 days 00:02:25.628383,0.558997209979746,0.016569062166194408,5,75,0.2736333134041979,1200,133,0.3805200936725739,3.1424506732369247e-07,0.8406307109343434,18.0,,,,,COMPLETE
237,0.528053665361607,2026-03-24 04:36:49.101161,2026-03-24 04:38:45.718947,0 days 00:01:56.617786,0.4193666648020481,0.0259858149147738,8,72,0.5406737926032446,900,158,2.3801045259399064e-05,3.855553275895588e-07,0.5466355033773782,18.0,,,,,COMPLETE
238,0.5215232130805133,2026-03-24 04:38:45.719921,2026-03-24 04:39:59.524035,0 days 00:01:13.804114,0.5426578270414891,0.03279553024401147,9,78,0.4520574382263803,900,137,0.0015706477180674762,4.98247325152727e-07,0.5361170106852322,18.0,,,,,COMPLETE
239,0.5132658747704457,2026-03-24 04:39:59.524898,2026-03-24 04:41:19.876157,0 days 00:01:20.351259,0.52327908622441,0.02777478567174499,9,74,0.2081445203182255,1100,174,5.847913576627464e-05,4.319592517630854e-08,0.591617477777084,18.0,,,,,COMPLETE
