number,value,datetime_start,datetime_complete,duration,params_colsample_bylevel,params_colsample_bytree,params_gamma,params_learning_rate,params_max_depth,params_min_child_weight,params_n_estimators,params_reg_alpha,params_reg_lambda,params_subsample,system_attrs_cma:generation,system_attrs_cma:optimizer:0,system_attrs_cma:optimizer:1,system_attrs_cma:optimizer:2,system_attrs_cma:optimizer:3,state
220,0.513590162882986,2026-03-24 04:57:32.249919,2026-03-24 04:59:07.737156,0 days 00:01:35.487237,0.7771359711461987,0.708880080816982,4.349907592417207,0.04190385381162458,10,4,1500,0.018240588094747007,0.11669469042415975,0.49527974274967335,17.0,800495ec0d0000000000008c0a636d6165732e5f636d61948c03434d419493942981947d94288c065f6e5f64696d944b0a8c085f706f7073697a65944b0a8c035f6d75944b058c075f6d755f656666948c166e756d70792e5f636f72652e6d756c74696172726179948c067363616c61729493948c056e756d7079948c0564747970659493948c02663894898887945294284b038c013c944e4e4e4affffffff4affffffff4b007494624308186d7201a156094094869452948c035f636394680b68114308d170f1571fe1d23f94869452948c035f633194680b68114308efd1ee33204d8f3f94869452948c045f636d7594680b681143086bbc550553a3943f94869452948c085f635f7369676d6194680b6811430824bcd1f61334d23f94869452948c085f645f7369676d6194680b68114308096fb4fd048df43f94869452948c035f636d944b018c065f6368695f6e94474008ad851f1406cd8c085f776569676874739468098c0c5f7265636f6e737472756374949394680c8c076e6461727261799493944b0085944301629487945294284b014b0a8594680e8c02663894898887945294284b0368124e4e4e4affffffff4affffffff4b00749462894350649b20309233dd3fde743acc0454d13f25864b3ffdc3c43f663951a1ddd1b53f5de5adba2f1f9a3f61fb228a96d7b5bfd8a31982dd44cebfee6bfe92b483d7bf8f47a053f8e7debf1bced94754c2e2bf947494628c085f705f7369676d6194682f68314b008594683387945294284b014b0a85946811894350fe33558c3d1de43f60d2f2c549cad7bf5a8194f1c49fd23f893e04a44b20e33f1036738b9c07db3fa3a580987f5fe63fb8689f2f844eed3f82529bda8f29e23f59e106fa41c4c43f082f0b77626ad9bf947494628c035f706394682f68314b008594683387945294284b014b0a85946811894350e49123d3558bdd3fdee648c3cda0d0bf1ce60650599acd3f7ef93d20a69bd73f706ead8d2eb7dc3ff26506ee8d1de63f691ebfe346c6ef3f60970f5d66f7e13f58ed81d94a2bd03fa42f928b12b2bdbf947494628c055f6d65616e94682f68314b008594683387945294284b014b0a85946839894350814ae44b73b3e63fb9e2336c538de53f93c687bb4f8ad33fdaf1c0fe89f6e23f14cbdbdba3a1e73fb48b83d6d9c5cf3fe5ec7d5eee4fe53f08a879a154cbe43f47b40c28fee1e43f1e71c1046d39d03f947494628c065f7369676d6194680b68114308645e36b5c32bba3f94869452948c025f44944e8c025f42944e8c075f626f756e647394682f68314b008594683387945294284b014b0a4b02869468398943a00000000000000000000000000000f03f0000000000000000000000000000f03f0000000000000000000000000000f03f00000000000000000,00000000000f03f0000000000000000000000000000f03f0000000000000000000000000000f03f0000000000000000000000000000f03f0000000000000000000000000000f03f0000000000000000000000000000f03f0000000000000000000000000000f03f947494628c115f6e5f6d61785f726573616d706c696e67944b648c025f67944b118c095f6c725f616461707494898c065f616c70686194473ff66666666666668c0a5f626574615f6d65616e94473fb999999999999a8c0b5f626574615f5369676d6194473f9eb851eb851eb88c065f67616d6d6194473fb999999999999a8c065f456d65616e94682f68314b008594683387945294284b014b0a4b01869468398943500000000000000000000000000000000000000000000000000000000000000000000000000000000000000000000000000000000000000000000000000000000000000000000000000000000000000000947494628c075f455369676d6194682f68314b008594683387945294284b014b644b0186946839894220030000000000000000000000000000000000000000000000000000000000000000000000000000000000000000000000000000000000000000000000000000000000000000000000000000000000000000000000000000000000000000000000000000000000000000000000000000000000000000000000000000000000000000000000000000000000000000000000000000000000000000000000000000000000000000000000000000000000000000000000000000000000000000000000000000000000000000000000000000000000000000000000000000000000000000000000000000000000000000000000000000000000000000000000000000000000000000000000000000000000000000000000000000000000000000000000000000000000000000000000000000000000000000000000000000000000000000000000000000000000000000000000000000000000000000000000000000000000000000000000000000000000000000000000000000000000000000000000000000000000000000000000000000000000000000000000000000000000000000000000000000000000000000000000000000000000000000000000000000000000000000000000000000000000000000000000000000000000000000000000000000000000000000000000000000000000000000000000000000000000000000000000000000000000000000000000000000000000000000000000000000000000000000000000000000000000000000000000000000000000000000000000000000000000000000000000000000000000000000000000000000000000000000000000000000000000000000000000000000000000000000,0000000000000000000000000000000000000000000000000000000000000000000000000000000000000000000000000000000000000000000000000000000000000000000000000000000000000000000000000000000000000000000000000000000000000000000000000000000000000000000000000000000000000000000000000000000000000000000000000000000000000000000000000000000000000000000000000000947494628c065f566d65616e944700000000000000008c075f565369676d61944700000000000000008c095f6574615f6d65616e94473ff00000000000008c0a5f6574615f5369676d6194473ff00000000000008c055f746f6c7894473d551c51ce3718e18c075f746f6c787570944740c38800000000008c075f746f6c66756e94473d719799812dea118c105f746f6c636f6e646974696f6e636f76944742d6bcc41e9000008c0d5f66756e686973745f7465726d944b288c0f5f66756e686973745f76616c75657394682f68314b008594683387945294284b014b50859468398942800200009acbc82d88130dc00000000000000000dd066de796cde0bf4376631d31d5ddbfbcaa7c4337b4e0bf83fe5bbf618bdfbfd29c8660328ae0bf8d41c814ebc9ddbf6f752b24a7d6e0bf312601c25a0ddfbf60b72c3426ade0bf98ca001eab79debf0741eadd29d0e0bfb007aae77b66dfbf3508177eb99ce0bffc4a7a4fcfeddebf1b6006d09b9be0bf484e1ad9e5b5dfbf6dcb49c4e1bfe0bf13c9f25069a6dfbfc8c714d32e4fe1bf6d56f4e46068dfbf3fab26b23fdfe0bfa5786ad8d9dfdfbf81aff62228d4e0bf849378879843e0bf57645189e297e0bfd577bda7096fdfbf0f914eb4ffdde0bf0f4b58b3ec30e0bf90b96ee37bdfe0bffd20a985c52ce0bfafc3dc0ab2c9e0bf62306c83ca41e0bf656cd21178c9e0bfc7118de3050ce0bfdb421f74682d00c000000000000000005eb69ee7996601c000000000000000002ed3485819520fc0000000000000000064b7ece4229e00c00000000000000000937623629e4600c0000000000000000078287ed049850fc00000000000000000dcf6980ce29e0fc000000000000000000cd3968b52f001c000000000000000004bb986781dbb01c00000000000000000b4de8388d35104c00000000000000000380f6564f82304c00000000000000000b6610ae6f22704c000000000000000001ac2ea13218d07c00000000000000000879d335cabea0bc00000000000000000be7da654e10310c00000000000000000153324dd271413c000000000000000006c59a773e7d515c00000000000000000d88800f6d06a17c00000000000000000b0a9f84bc35d21c0000000000000000052f128721be623c000000000000000005e082692a87128c0000000000,000000008f906ea22b82bc00000000000000000947494628c055f635f316494682f68314b008594683387945294284b014b37859468118942b80100005321a9c90f75ec3f6c81e0e866bf603f2fd2cd1b2b069b3f71acd8491b799abfe0ac0df3d2d7c0bfcf99c495be2e8bbfd4895747e30c6a3f0611686c4f1ac1bfb7b0ef0eae2d963fd52178fc7a76783feb0cac4a5ebee73f10361c6a59334fbfb4cca27371007dbfe0522ca0becfbc3fa34681c08188a0bf2aa933259f24a73f6fffbfb39a7984bf3da89761d519babf7e5112654146953f8122860f3ee7e73f548aa403e3d0b63f49b854e5602c8fbf2dbbbdf36418bbbfe2a93fe700e2523f45e25db29d4e923f0ff3532b8d3eb9bfb116ce134a12babf923d7d5c8c53e13f3e2230cba1c788bf283522ac9fe9a6bfd9f485ef9a19b03f982d94813281c0bf4ea2573508e4b43f00456102c0ed823f22e2d709184bf13f19e3b0ea7098b6bf865f56c0c736bf3f5ee9cf897d22a63f58bd574b74998ebf58a75189fb5cc53f2c1b7e991d1eea3f582952763008b73f3893d3dd0db3b43f82f71abb0ccfbfbf4b049a5311a3b03f4f5e8295b705ec3f725f5bebb004c43f1f00cc7911a9c93f6973989ef91bb73fae5db4404fb8e93f3c515ab7d9a8bc3fe3c4afd791d1a33f2b284417b9c1f03f0cdfd69c18a9c03f63bfcca82469e93f9474946275622e,COMPLETE
221,0.4962560051158058,2026-03-24 04:59:07.737997,2026-03-24 05:01:10.132606,0 days 00:02:02.394609,0.8874115648557661,0.7437020602765345,3.4403210383180767,0.03305183728788014,10,8,1600,0.09724782685304872,0.00666341813898593,0.5055795455402174,17.0,,,,,COMPLETE
222,0.5154390316428238,2026-03-24 05:01:10.133394,2026-03-24 05:03:09.414783,0 days 00:01:59.281389,0.7011599429224642,0.6506670067199283,2.8307535888851225,0.02013403541484698,10,3,1200,0.034776801795110446,0.06322233241273101,0.5657834734295295,17.0,,,,,COMPLETE
223,0.5094208236865461,2026-03-24 05:03:09.415612,2026-03-24 05:04:26.504349,0 days 00:01:17.088737,0.8236225520182452,0.8659407845776801,3.010677999301109,0.03440476471028431,10,5,1300,0.004671420739956118,0.00139763548098277,0.5014627519915636,17.0,,,,,COMPLETE
224,0.5199812997060568,2026-03-24 05:04:26.505348,2026-03-24 05:05:07.520085,0 days 00:00:41.014737,0.8192831067715789,0.8180612626516814,2.7505431755654604,0.03894603960747063,11,5,1400,0.029807722912955678,0.008294923083993941,0.5705444267764179,17.0,,,,,COMPLETE
225,0.5212511568439329,2026-03-24 05:05:07.520987,2026-03-24 05:05:52.162534,0 days 00:00:44.641547,0.7406712749724174,0.6915695329854438,4.156969563250646,0.017334531755302054,9,3,1500,0.0018796420942740774,0.014098414500356664,0.5140633311194565,17.0,,,,,COMPLETE
226,0.515111094072301,2026-03-24 05:05:52.163327,2026-03-24 05:06:35.903712,0 days 00:00:43.740385,0.6633819667172927,0.7917996108439397,3.5502017738498513,0.02514927907542405,12,9,1500,0.020070330734868864,0.024269696469931087,0.587832154158514,17.0,,,,,COMPLETE
227,0.5065780974710323,2026-03-24 05:06:35.904612,2026-03-24 05:07:38.278181,0 days 00:01:02.373569,0.7769251640294754,0.7181096216201066,2.252460680628057,0.017791946041172166,12,6,1400,0.31327053388757164,0.00013824215321444648,0.5302606409541245,17.0,,,,,COMPLETE
228,0.5278928510274118,2026-03-24 05:07:38.279186,2026-03-24 05:08:34.749691,0 days 00:00:56.470505,0.7922121315343076,0.8106013499839633,2.466718409645841,0.020313071102898195,10,5,1500,0.0017588631622809908,0.00034576730985497363,0.565227584234242,17.0,,,,,COMPLETE
229,0.5189710478421845,2026-03-24 05:08:34.750538,2026-03-24 05:09:51.419617,0 days 00:01:16.669079,0.7388310967800935,0.7685480112942598,2.317521916386146,0.013587053067386357,9,7,1700,0.06353200866391885,0.005248073551596673,0.5383454952108715,17.0,,,,,COMPLETE
230,0.5241301851166527,2026-03-24 05:09:51.420806,2026-03-24 05:10:51.171602,0 days 00:00:59.750796,0.8414159579809832,0.7450013377293021,2.4224047887934046,0.018022605132451686,11,6,1400,0.0009514138936420411,0.0003765355879960658,0.5673587650106577,18.0,800495ec0d0000000000008c0a636d6165732e5f636d61948c03434d419493942981947d94288c065f6e5f64696d944b0a8c085f706f7073697a65944b0a8c035f6d75944b058c075f6d755f656666948c166e756d70792e5f636f72652e6d756c74696172726179948c067363616c61729493948c056e756d7079948c0564747970659493948c02663894898887945294284b038c013c944e4e4e4affffffff4affffffff4b007494624308186d7201a156094094869452948c035f636394680b68114308d170f1571fe1d23f94869452948c035f633194680b68114308efd1ee33204d8f3f94869452948c045f636d7594680b681143086bbc550553a3943f94869452948c085f635f7369676d6194680b6811430824bcd1f61334d23f94869452948c085f645f7369676d6194680b68114308096fb4fd048df43f94869452948c035f636d944b018c065f6368695f6e94474008ad851f1406cd8c085f776569676874739468098c0c5f7265636f6e737472756374949394680c8c076e6461727261799493944b0085944301629487945294284b014b0a8594680e8c02663894898887945294284b0368124e4e4e4affffffff4affffffff4b00749462894350649b20309233dd3fde743acc0454d13f25864b3ffdc3c43f663951a1ddd1b53f5de5adba2f1f9a3f61fb228a96d7b5bfd8a31982dd44cebfee6bfe92b483d7bf8f47a053f8e7debf1bced94754c2e2bf947494628c085f705f7369676d6194682f68314b008594683387945294284b014b0a85946811894350406b87b1fea19bbf68c20a08dc81d6bf0cb3a0934415b13f368602d2040fe5bff849290e1454b83f48aefc3c5cabcebf92eaaa745b30f43fae82205c8e80d4bf286cfcc98efdeabf476411ca2adccbbf947494628c035f706394682f68314b008594683387945294284b014b0a8594681189435090c033091d44a5bf9cefbdacba63c6bfce75d0d4eefeac3f37474f946a8adebf220b57aaae12cc3fc05c082094beaebfada91c4d9311f03f50b9694b00abc5bf2e39cf106892e8bf49b7f048971cc0bf947494628c055f6d65616e94682f68314b008594683387945294284b014b0a85946839894350df4bf3b5f1bfe53fafe5d65bcd92e53f6dec722c17fdd23fa48eb65a590de13ffebf5a854661e73fd4cbafb94c19ca3fa1ba2adece19e63facfd9dcf5d54e33f5effa95e4e6ee23fb99d115dd3fdcf3f947494628c065f7369676d6194680b68114308c1e2987709cab73f94869452948c025f44944e8c025f42944e8c075f626f756e647394682f68314b008594683387945294284b014b0a4b02869468398943a00000000000000000000000000000f03f0000000000000000000000000000f03f0000000000000000000000000000f03f00000000000000000,00000000000f03f0000000000000000000000000000f03f0000000000000000000000000000f03f0000000000000000000000000000f03f0000000000000000000000000000f03f0000000000000000000000000000f03f0000000000000000000000000000f03f947494628c115f6e5f6d61785f726573616d706c696e67944b648c025f67944b128c095f6c725f616461707494898c065f616c70686194473ff66666666666668c0a5f626574615f6d65616e94473fb999999999999a8c0b5f626574615f5369676d6194473f9eb851eb851eb88c065f67616d6d6194473fb999999999999a8c065f456d65616e94682f68314b008594683387945294284b014b0a4b01869468398943500000000000000000000000000000000000000000000000000000000000000000000000000000000000000000000000000000000000000000000000000000000000000000000000000000000000000000947494628c075f455369676d6194682f68314b008594683387945294284b014b644b0186946839894220030000000000000000000000000000000000000000000000000000000000000000000000000000000000000000000000000000000000000000000000000000000000000000000000000000000000000000000000000000000000000000000000000000000000000000000000000000000000000000000000000000000000000000000000000000000000000000000000000000000000000000000000000000000000000000000000000000000000000000000000000000000000000000000000000000000000000000000000000000000000000000000000000000000000000000000000000000000000000000000000000000000000000000000000000000000000000000000000000000000000000000000000000000000000000000000000000000000000000000000000000000000000000000000000000000000000000000000000000000000000000000000000000000000000000000000000000000000000000000000000000000000000000000000000000000000000000000000000000000000000000000000000000000000000000000000000000000000000000000000000000000000000000000000000000000000000000000000000000000000000000000000000000000000000000000000000000000000000000000000000000000000000000000000000000000000000000000000000000000000000000000000000000000000000000000000000000000000000000000000000000000000000000000000000000000000000000000000000000000000000000000000000000000000000000000000000000000000000000000000000000000000000000000000000000000000000000000000000000000000000000000,0000000000000000000000000000000000000000000000000000000000000000000000000000000000000000000000000000000000000000000000000000000000000000000000000000000000000000000000000000000000000000000000000000000000000000000000000000000000000000000000000000000000000000000000000000000000000000000000000000000000000000000000000000000000000000000000000000947494628c065f566d65616e944700000000000000008c075f565369676d61944700000000000000008c095f6574615f6d65616e94473ff00000000000008c0a5f6574615f5369676d6194473ff00000000000008c055f746f6c7894473d551c51ce3718e18c075f746f6c787570944740c38800000000008c075f746f6c66756e94473d719799812dea118c105f746f6c636f6e646974696f6e636f76944742d6bcc41e9000008c0d5f66756e686973745f7465726d944b288c0f5f66756e686973745f76616c75657394682f68314b008594683387945294284b014b50859468398942800200009acbc82d88130dc00000000000000000dd066de796cde0bf4376631d31d5ddbfbcaa7c4337b4e0bf83fe5bbf618bdfbfd29c8660328ae0bf8d41c814ebc9ddbf6f752b24a7d6e0bf312601c25a0ddfbf60b72c3426ade0bf98ca001eab79debf0741eadd29d0e0bfb007aae77b66dfbf3508177eb99ce0bffc4a7a4fcfeddebf1b6006d09b9be0bf484e1ad9e5b5dfbf6dcb49c4e1bfe0bf13c9f25069a6dfbfc8c714d32e4fe1bf6d56f4e46068dfbf3fab26b23fdfe0bfa5786ad8d9dfdfbf81aff62228d4e0bf849378879843e0bf57645189e297e0bfd577bda7096fdfbf0f914eb4ffdde0bf0f4b58b3ec30e0bf90b96ee37bdfe0bffd20a985c52ce0bfafc3dc0ab2c9e0bf62306c83ca41e0bf656cd21178c9e0bfc7118de3050ce0bfd18e5e8c7fe4e0bfa89f1a8ca8c2dfbf5eb69ee7996601c000000000000000002ed3485819520fc0000000000000000064b7ece4229e00c00000000000000000937623629e4600c0000000000000000078287ed049850fc00000000000000000dcf6980ce29e0fc000000000000000000cd3968b52f001c000000000000000004bb986781dbb01c00000000000000000b4de8388d35104c00000000000000000380f6564f82304c00000000000000000b6610ae6f22704c000000000000000001ac2ea13218d07c00000000000000000879d335cabea0bc00000000000000000be7da654e10310c00000000000000000153324dd271413c000000000000000006c59a773e7d515c00000000000000000d88800f6d06a17c00000000000000000b0a9f84bc35d21c0000000000000000052f128721be623c000000000000000005e082692a87128c0000000000,000000008f906ea22b82bc00000000000000000947494628c055f635f316494682f68314b008594683387945294284b014b37859468118942b8010000929ae6c25c9beb3f58bb27878856783f0e07a71e84be923fe3cff12d1e7a99bfc89feb2c50b1bebf6a2de2d1f4da9cbfeaf4040880a485bf38cc6bb6ee67c2bf7274ca02cdb2a03f91903735b0f39b3fd163039387ece63f124e3147199468bf49bd11dbb1c877bfe8bdaa8dba6dc03f828790c7684492bf53bd236ea97cb03fc8c0a2116cf98c3f54208d583312b8bf79dc2f6aaee79e3f3fbe5fc468a1e73f508f51ec90a3b33f938793a0f46d8bbfcf970349a6bebcbf91f509fa8fb681bfbcc4389e0edc8e3f4324448de317bcbf77270ea76b82b8bf2fcaa668b085e13fae4477c23d6e713f002fb670b180a2bf0df57b44175ea83f829defafa53bbdbf99383536dad1b53f9e44c43cd7dd953f2acee68a62ecf03ff8c0a898c719b8bf56da5b33b4aabf3fbdff5865b38d983f908fcaad3aba7e3f678f6edd89c0c63f2039f03b6567e93fe40c9d32bc8bb23f1ce68d1881ffb03f9bfb4da1a085bcbfb121f43294ddb23f9b0867118301ec3f38da965d946ec13fbc9ec0d4129ec53fc6164abab96eb63f071e1f7a2a11e93fe3ef7b18ee16c23f44e3e3ebc98aaa3ff67c6ec4447cf03f22aa93c438abbd3fbec4e90e50a4e83f9474946275622e,COMPLETE
231,0.5313783437904034,2026-03-24 05:10:51.172659,2026-03-24 05:11:34.036472,0 days 00:00:42.863813,0.7879197534832093,0.8195955273551545,2.9135721630427964,0.035430045538866965,9,3,1600,0.0008775832285230088,0.08349498034030596,0.5672501689267175,18.0,,,,,COMPLETE
232,0.517431759692591,2026-03-24 05:11:34.037467,2026-03-24 05:12:16.985734,0 days 00:00:42.948267,0.6183195812935259,0.7190915795130473,3.321634001731039,0.023390360431816182,11,4,1400,0.011774450678054917,0.15508589730181396,0.6020890383306288,18.0,,,,,COMPLETE
233,0.5156426267920472,2026-03-24 05:12:16.986802,2026-03-24 05:13:07.284782,0 days 00:00:50.297980,0.7762036878923368,0.7988230529193949,3.308691109043629,0.023443820483092456,10,4,1500,0.009440585474058903,0.0003216435978462763,0.40308547604423567,18.0,,,,,COMPLETE
234,0.5214116049349978,2026-03-24 05:13:07.285645,2026-03-24 05:14:00.089976,0 days 00:00:52.804331,0.7703818676148457,0.7199576131967482,3.1872034146350403,0.018655326732303617,9,6,1600,0.0103435526848411,0.000343090520891222,0.5407302988474096,18.0,,,,,COMPLETE
235,0.5224534766777472,2026-03-24 05:14:00.090940,2026-03-24 05:14:35.647991,0 days 00:00:35.557051,0.8260732731372631,0.7944707147450643,4.339800319728163,0.03148387441342938,10,3,1400,0.009747326663456835,0.015426744626550299,0.4954989198639109,18.0,,,,,COMPLETE
236,0.5157300128839529,2026-03-24 05:14:35.649038,2026-03-24 05:15:41.040073,0 days 00:01:05.391035,0.9011458707044682,0.838828863183233,1.7540300624871563,0.01444383634424841,7,3,1300,1.1632670868091009e-05,9.330579780121902e-06,0.4898076770308273,18.0,,,,,COMPLETE
237,0.5173107761715121,2026-03-24 05:15:41.040992,2026-03-24 05:16:26.402466,0 days 00:00:45.361474,0.7771969248868253,0.7843521524334143,3.266026201523089,0.030670540480786303,10,6,1700,0.026673203655719627,0.0012231880465093923,0.6026179769651696,18.0,,,,,COMPLETE
238,0.5190074085522851,2026-03-24 05:16:26.403270,2026-03-24 05:17:18.407869,0 days 00:00:52.004599,0.8453375620103794,0.7272930944013684,2.4030890244133314,0.022447365778900143,10,4,1600,0.005235000670247274,0.00047950965225225414,0.6513559203089978,18.0,,,,,COMPLETE
239,0.5166068264329038,2026-03-24 05:17:18.408748,2026-03-24 05:17:57.921764,0 days 00:00:39.513016,0.8828362288795131,0.8155171049584136,3.804911194162054,0.02262002309983853,9,4,1400,8.994348632152071e-05,0.009934292985121962,0.6037032512968126,18.0,,,,,COMPLETE
