number,value,datetime_start,datetime_complete,duration,params_colsample_bylevel,params_colsample_bytree,params_gamma,params_learning_rate,params_max_depth,params_min_child_weight,params_n_estimators,params_reg_alpha,params_reg_lambda,params_subsample,system_attrs_cma:generation,system_attrs_cma:optimizer:0,system_attrs_cma:optimizer:1,system_attrs_cma:optimizer:2,system_attrs_cma:optimizer:3,state
60,0.5007094431836288,2026-03-24 01:45:55.703169,2026-03-24 01:46:56.357240,0 days 00:01:00.654071,0.8133596288397469,0.8203343145154991,1.5162791280564016,0.04348244194581235,8,7,1700,1.736565569302498e-07,0.005721499426750582,0.6498253740542184,1.0,800495ca0d0000000000008c0a636d6165732e5f636d61948c03434d419493942981947d94288c065f6e5f64696d944b0a8c085f706f7073697a65944b0a8c035f6d75944b058c075f6d755f656666948c166e756d70792e5f636f72652e6d756c74696172726179948c067363616c61729493948c056e756d7079948c0564747970659493948c02663894898887945294284b038c013c944e4e4e4affffffff4affffffff4b007494624308186d7201a156094094869452948c035f636394680b68114308d170f1571fe1d23f94869452948c035f633194680b68114308efd1ee33204d8f3f94869452948c045f636d7594680b681143086bbc550553a3943f94869452948c085f635f7369676d6194680b6811430824bcd1f61334d23f94869452948c085f645f7369676d6194680b68114308096fb4fd048df43f94869452948c035f636d944b018c065f6368695f6e94474008ad851f1406cd8c085f776569676874739468098c0c5f7265636f6e737472756374949394680c8c076e6461727261799493944b0085944301629487945294284b014b0a85946811894350649b20309233dd3fde743acc0454d13f25864b3ffdc3c43f663951a1ddd1b53f5de5adba2f1f9a3f61fb228a96d7b5bfd8a31982dd44cebfee6bfe92b483d7bf8f47a053f8e7debf1bced94754c2e2bf947494628c085f705f7369676d6194682f68314b008594683387945294284b014b0a85946811894350c0c120e154d2e4bfca6a455db6c5a23f271ca7353c5de1bfdce54a536026dcbf66b74676c3a1bd3ff85ffb458894e63f2b772105f6ffe63f00f6b0a37acfe93f9270754d8bf8d33f77d32d71cfc0d73f947494628c035f706394682f68314b008594683387945294284b014b0a859468118943507d4e1d19a923e5bf8be60d6d090fa33f74c150400fa1e1bf60e9d75a5494dcbf7c88c55f8115be3fadbdb1f8baece63f4aee5f55cc59e73fe17cfb614b34ea3f235890d88c46d43ffc09dd05971dd83f947494628c055f6d65616e94682f68314b008594683387945294284b014b0a85946811894350b65f02172bcee43f666d768a17a5e23fea7bf26efc57d13f04876dd0b064e33f50f013a86b7ee23f46987e895565cf3ff74c79418637e83f1c86a73efb78e63fea68c9cf7638da3f94dda377f09dcc3f947494628c055f635f316494682f68314b008594683387945294284b014b37859468118942b8010000c36670a8b00df03fa3a44f232da9763fc45da5a7adbb5c3f75e5d2aec874713f576e91e1945a81bfc3eb70d616528ebf6d932038e1637cbf65b501f42eb19abfb3155efb475d93bfdc5731b165ff643fe4ea2f4faec1ef3fea61c75b3060913f86c83d28a66b803fe7c506a024fb803f2ed11084208e82bf9b673eb7f200733f95f9f16,13ef07ebff1ad5ba73f1367bf32425123e2658cbfc7c60ae1a107f03fd2e85000fe2983bfddf2091cbcfa72bf080a2ed06c8483bfdecb9ae633b891bfdbec4bb55cd788bf02e105b47a4485bf5c8305a5d47449bf8434d799b1f9ed3f1c57b3ea866a4e3ff5cd820a1f61a6bf15f9a7966faea2bf6ea89f148d6aa4bf09cef0e4f33994bf8327363ed28e903f83626afb99a0ef3f60758e519693903f2aec5e153341743f7185f10cdeda753ff8624f08885179bfd5ff6f877baf853f95644d688ee3ee3f48d8e6ed4b7a823f02350d6cee93a3bfba450e7a8b3a91bf54b0c6801a46813fd47f0d9be71cef3fa68b03b266269e3f2e881bfb4847963f9cbdc85a6a1e893f604fe78b5d27ee3fca707c6dfbfba5bf1b96e08ffd22963f1a44f13ca941ef3f95f309d83c9b933f5ef41b0244d9ef3f947494628c065f7369676d6194680b681143082e5e417d145cd13f94869452948c025f44944e8c025f42944e8c075f626f756e647394682f68314b008594683387945294284b014b0a4b02869468118943a00000000000000000000000000000f03f0000000000000000000000000000f03f0000000000000000000000000000f03f0000000000000000000000000000f03f0000000000000000000000000000f03f0000000000000000000000000000f03f0000000000000000000000000000f03f0000000000000000000000000000f03f0000000000000000000000000000f03f0000000000000000000000000000f03f947494628c115f6e5f6d61785f726573616d706c696e67944b648c025f67944b018c095f6c725f616461707494898c065f616c70686194473ff66666666666668c0a5f626574615f6d65616e94473fb999999999999a8c0b5f626574615f5369676d6194473f9eb851eb851eb88c065f67616d6d6194473fb999999999999a8c065f456d65616e94682f68314b008594683387945294284b014b0a4b01869468118943500000000000000000000000000000000000000000000000000000000000000000000000000000000000000000000000000000000000000000000000000000000000000000000000000000000000000000947494628c075f455369676d6194682f68314b008594683387945294284b014b644b0186946811894220030000000000000000000000000000000000000000000000000000000000000000000000000000000000000000000000000000000000000000000000000000000000000000000000000000000000000000000000000000000000000000000000000000000000000000000000000000000000000000000000000000000000000000000000000000000000000000000000000000000000000000000000000000000000000000000000000000000000000000000000000000000000,0000000000000000000000000000000000000000000000000000000000000000000000000000000000000000000000000000000000000000000000000000000000000000000000000000000000000000000000000000000000000000000000000000000000000000000000000000000000000000000000000000000000000000000000000000000000000000000000000000000000000000000000000000000000000000000000000000000000000000000000000000000000000000000000000000000000000000000000000000000000000000000000000000000000000000000000000000000000000000000000000000000000000000000000000000000000000000000000000000000000000000000000000000000000000000000000000000000000000000000000000000000000000000000000000000000000000000000000000000000000000000000000000000000000000000000000000000000000000000000000000000000000000000000000000000000000000000000000000000000000000000000000000000000000000000000000000000000000000000000000000000000000000000000000000000000000000000000000000000000000000000000000000000000000000000000000000000000000000000000000000000000000000000000000000000000000000000000000000000000000000000000000000000000000000000000000000000000000000000000000000000000000000000000000000000000000000000000000000000000000000000000000000000000000000000000000000000000000000000000000000000000000000000000000000000000000947494628c065f566d65616e944700000000000000008c075f565369676d61944700000000000000008c095f6574615f6d65616e94473ff00000000000008c0a5f6574615f5369676d6194473ff00000000000008c055f746f6c7894473d551c51ce3718e18c075f746f6c787570944740c38800000000008c075f746f6c66756e94473d719799812dea118c105f746f6c636f6e646974696f6e636f76944742d6bcc41e9000008c0d5f66756e686973745f7465726d944b288c0f5f66756e686973745f76616c75657394682f68314b008594683387945294284b014b50859468118942800200009acbc82d88130dc00000000000000000dd066de796cde0bf4376631d31d5ddbf206a6040019706c00000000000000000380f6564f82304c00000000000000000b4de8388d35104c000000000000000000cd3968b52f001c0000000000000000075d0725bb3b202c00000000000000000937623629e4600c000000000000000001ae19dba391c10c0000000000000000064b7ece4229e00c00000000000000000f27bb8b7300510c000000000000,00000a87b6b3ea0b901c00000000000000000ec4b12dc6de10fc00000000000000000a1a71fbb98bd0fc00000000000000000dcf6980ce29e0fc0000000000000000078287ed049850fc00000000000000000102ecf06d0700fc00000000000000000ac74915de894ffbf0000000000000000db421f74682d00c000000000000000005eb69ee7996601c000000000000000002ed3485819520fc0000000000000000064b7ece4229e00c00000000000000000937623629e4600c0000000000000000078287ed049850fc00000000000000000dcf6980ce29e0fc000000000000000000cd3968b52f001c000000000000000004bb986781dbb01c00000000000000000b4de8388d35104c00000000000000000380f6564f82304c00000000000000000b6610ae6f22704c000000000000000001ac2ea13218d07c00000000000000000879d335cabea0bc00000000000000000be7da654e10310c00000000000000000153324dd271413c000000000000000006c59a773e7d515c00000000000000000d88800f6d06a17c00000000000000000b0a9f84bc35d21c0000000000000000052f128721be623c000000000000000005e082692a87128c0000000000000000008f906ea22b82bc000000000000000009474946275622e,COMPLETE
61,0.5038589644687178,2026-03-24 01:46:56.358147,2026-03-24 01:47:39.671448,0 days 00:00:43.313301,0.5269632751667613,0.877871835626161,3.4178795304230403,0.009476887686546571,10,8,800,3.539415847731558e-05,0.005897425857533268,0.7701007494121175,1.0,,,,,COMPLETE
62,0.51946254121232,2026-03-24 01:47:39.672569,2026-03-24 01:48:16.528364,0 days 00:00:36.855795,0.580919858219111,0.9227180714902328,2.376053367628227,0.03204716737394934,4,10,1100,0.058829643660320265,1.0904783262679505e-06,0.4139487123902607,1.0,,,,,COMPLETE
63,0.5023068171054869,2026-03-24 01:48:16.529661,2026-03-24 01:49:17.926372,0 days 00:01:01.396711,0.9213414782732523,0.6399736703958576,4.750630736980806,0.009830253429635834,12,17,1800,0.010574141717184364,0.00011224763977897764,0.5916673793502076,1.0,,,,,COMPLETE
64,0.50896880024084,2026-03-24 01:49:17.927231,2026-03-24 01:50:40.902508,0 days 00:01:22.975277,0.6375907748503282,0.664169651379669,1.6032730039116467,0.0026926202106802074,9,4,1100,0.010177836594279831,0.00016203462526698814,0.4246349222974356,1.0,,,,,COMPLETE
65,0.5046533362239886,2026-03-24 01:50:40.903413,2026-03-24 01:51:31.797346,0 days 00:00:50.893933,0.5495531325376627,0.9025566718994273,3.014356665457938,0.017203264424872782,9,5,1800,3.0393385460005304,0.008391830999295198,0.4602008681651153,1.0,,,,,COMPLETE
66,0.5061300696146259,2026-03-24 01:51:31.798841,2026-03-24 01:52:13.909603,0 days 00:00:42.110762,0.7373253111465361,0.6462374611905026,0.39152449210521273,0.01671370075640823,12,9,500,0.08557067549817375,7.76326627504024e-06,0.5352566565574195,1.0,,,,,COMPLETE
67,0.5219990079979975,2026-03-24 01:52:13.910631,2026-03-24 01:52:55.208999,0 days 00:00:41.298368,0.9375563904472679,0.5615418033044239,2.153496438705081,0.06265218916916512,5,5,1900,5.177662190346055e-05,0.6749851645151166,0.7317631911052419,1.0,,,,,COMPLETE
68,0.5159658880226713,2026-03-24 01:52:55.210717,2026-03-24 01:53:07.761562,0 days 00:00:12.550845,0.505117404372309,0.7993360789276263,5.325545072476334,0.03409706595652872,9,8,400,2.062477699450766,6.3004600072353874e-06,0.5322516214527043,1.0,,,,,COMPLETE
69,0.4928821915382075,2026-03-24 01:53:07.762411,2026-03-24 01:54:53.098528,0 days 00:01:45.336117,0.7659855492759751,0.716986887670572,4.612717759574934,0.0012433615684310873,7,5,1800,0.0013200971933277372,0.011965111755134731,0.5279743832239426,1.0,,,,,COMPLETE
70,0.5168697247762799,2026-03-24 01:54:53.099675,2026-03-24 01:55:55.984996,0 days 00:01:02.885321,0.766264267184877,0.7766800049206367,0.5680124686327109,0.007861856000744892,5,12,1300,1.2620074912834622,0.00019274207097985714,0.5528613831654648,2.0,800495ec0d0000000000008c0a636d6165732e5f636d61948c03434d419493942981947d94288c065f6e5f64696d944b0a8c085f706f7073697a65944b0a8c035f6d75944b058c075f6d755f656666948c166e756d70792e5f636f72652e6d756c74696172726179948c067363616c61729493948c056e756d7079948c0564747970659493948c02663894898887945294284b038c013c944e4e4e4affffffff4affffffff4b007494624308186d7201a156094094869452948c035f636394680b68114308d170f1571fe1d23f94869452948c035f633194680b68114308efd1ee33204d8f3f94869452948c045f636d7594680b681143086bbc550553a3943f94869452948c085f635f7369676d6194680b6811430824bcd1f61334d23f94869452948c085f645f7369676d6194680b68114308096fb4fd048df43f94869452948c035f636d944b018c065f6368695f6e94474008ad851f1406cd8c085f776569676874739468098c0c5f7265636f6e737472756374949394680c8c076e6461727261799493944b0085944301629487945294284b014b0a8594680e8c02663894898887945294284b0368124e4e4e4affffffff4affffffff4b00749462894350649b20309233dd3fde743acc0454d13f25864b3ffdc3c43f663951a1ddd1b53f5de5adba2f1f9a3f61fb228a96d7b5bfd8a31982dd44cebfee6bfe92b483d7bf8f47a053f8e7debf1bced94754c2e2bf947494628c085f705f7369676d6194682f68314b008594683387945294284b014b0a859468118943503d4b0e25c433e2bf36e0d486bdcea53fd081d8756569dbbf22439ca1084dcfbf0299ff210e41f0bfad8ddd34ae3ceb3f44afc2d4447cc9bfec9dc1c83ad0bd3f161cd0f37614ea3f68026e27cf82e43f947494628c035f706394682f68314b008594683387945294284b014b0a8594681189435081cb0dac6f15e2bf4313441626b4a03f56f9fb845f0bdbbf1251247f3efdcdbf798e4f7eef67f0bf5a7eb3f44cf8ea3fe0624346267ec9bf188620e61402b83f4876d44af05bea3f8179a078a76ae43f947494628c055f6d65616e94682f68314b008594683387945294284b014b0a85946839894350e0da0bf8321fe43feeb3717153b0e23f2fe07e6daadfd03f4183819e78f2e33f50fd8838bfbed53f07a3b8d1de57d43fe06c4325314fe33f7ccac303b425e33fa8c5ef2c323de13f1b509f5b166ed33f947494628c065f7369676d6194680b68114308c40b8ac11acbcf3f94869452948c025f44944e8c025f42944e8c075f626f756e647394682f68314b008594683387945294284b014b0a4b02869468398943a00000000000000000000000000000f03f0000000000000000000000000000f03f0000000000000000000000000000f03f00000000000000000,00000000000f03f0000000000000000000000000000f03f0000000000000000000000000000f03f0000000000000000000000000000f03f0000000000000000000000000000f03f0000000000000000000000000000f03f0000000000000000000000000000f03f947494628c115f6e5f6d61785f726573616d706c696e67944b648c025f67944b028c095f6c725f616461707494898c065f616c70686194473ff66666666666668c0a5f626574615f6d65616e94473fb999999999999a8c0b5f626574615f5369676d6194473f9eb851eb851eb88c065f67616d6d6194473fb999999999999a8c065f456d65616e94682f68314b008594683387945294284b014b0a4b01869468398943500000000000000000000000000000000000000000000000000000000000000000000000000000000000000000000000000000000000000000000000000000000000000000000000000000000000000000947494628c075f455369676d6194682f68314b008594683387945294284b014b644b0186946839894220030000000000000000000000000000000000000000000000000000000000000000000000000000000000000000000000000000000000000000000000000000000000000000000000000000000000000000000000000000000000000000000000000000000000000000000000000000000000000000000000000000000000000000000000000000000000000000000000000000000000000000000000000000000000000000000000000000000000000000000000000000000000000000000000000000000000000000000000000000000000000000000000000000000000000000000000000000000000000000000000000000000000000000000000000000000000000000000000000000000000000000000000000000000000000000000000000000000000000000000000000000000000000000000000000000000000000000000000000000000000000000000000000000000000000000000000000000000000000000000000000000000000000000000000000000000000000000000000000000000000000000000000000000000000000000000000000000000000000000000000000000000000000000000000000000000000000000000000000000000000000000000000000000000000000000000000000000000000000000000000000000000000000000000000000000000000000000000000000000000000000000000000000000000000000000000000000000000000000000000000000000000000000000000000000000000000000000000000000000000000000000000000000000000000000000000000000000000000000000000000000000000000000000000000000000000000000000000000000000000000000000,0000000000000000000000000000000000000000000000000000000000000000000000000000000000000000000000000000000000000000000000000000000000000000000000000000000000000000000000000000000000000000000000000000000000000000000000000000000000000000000000000000000000000000000000000000000000000000000000000000000000000000000000000000000000000000000000000000947494628c065f566d65616e944700000000000000008c075f565369676d61944700000000000000008c095f6574615f6d65616e94473ff00000000000008c0a5f6574615f5369676d6194473ff00000000000008c055f746f6c7894473d551c51ce3718e18c075f746f6c787570944740c38800000000008c075f746f6c66756e94473d719799812dea118c105f746f6c636f6e646974696f6e636f76944742d6bcc41e9000008c0d5f66756e686973745f7465726d944b288c0f5f66756e686973745f76616c75657394682f68314b008594683387945294284b014b50859468398942800200009acbc82d88130dc00000000000000000dd066de796cde0bf4376631d31d5ddbfbcaa7c4337b4e0bf83fe5bbf618bdfbf380f6564f82304c00000000000000000b4de8388d35104c000000000000000000cd3968b52f001c0000000000000000075d0725bb3b202c00000000000000000937623629e4600c000000000000000001ae19dba391c10c0000000000000000064b7ece4229e00c00000000000000000f27bb8b7300510c00000000000000000a87b6b3ea0b901c00000000000000000ec4b12dc6de10fc00000000000000000a1a71fbb98bd0fc00000000000000000dcf6980ce29e0fc0000000000000000078287ed049850fc00000000000000000102ecf06d0700fc00000000000000000ac74915de894ffbf0000000000000000db421f74682d00c000000000000000005eb69ee7996601c000000000000000002ed3485819520fc0000000000000000064b7ece4229e00c00000000000000000937623629e4600c0000000000000000078287ed049850fc00000000000000000dcf6980ce29e0fc000000000000000000cd3968b52f001c000000000000000004bb986781dbb01c00000000000000000b4de8388d35104c00000000000000000380f6564f82304c00000000000000000b6610ae6f22704c000000000000000001ac2ea13218d07c00000000000000000879d335cabea0bc00000000000000000be7da654e10310c00000000000000000153324dd271413c000000000000000006c59a773e7d515c00000000000000000d88800f6d06a17c00000000000000000b0a9f84bc35d21c0000000000000000052f128721be623c000000000000000005e082692a87128c0000000000,000000008f906ea22b82bc00000000000000000947494628c055f635f316494682f68314b008594683387945294284b014b37859468118942b80100002390085cea22f03f8008228f959b223ffc4a4ebcfb135dbf161e10d0f590893f21a49730aa4781bfde992f213a4ca6bfac1cb8871ce5783f9c509e23f2cb9fbf64d7739fdd0971bf6812f7510d98883f553133a405baef3f8e812e5501e9973f9f572c910b82803f4504320d7c61813fc0c1eeb659a2213f12482f83c7f574bf4f141094c1a6963fbcc765d03cbba0bf746742017d2ba2bfd680c01e78beef3f6670cb136eb99a3f149514eba2f8513ffcfbb6ebb5af99bf1c75b27661769bbf8f31039a64c28abf88f253fb2e169cbfefbff5f7d36e73bfe18972b7266deb3fb55f614000d47dbf7dd3a739a9eaa1bfcf4aac0fc1c593bf378ac26d8701b0bf575c8e830c82933fec3fa0c8c709983f1a86f7b06c2cf03f7e61e7dec3599dbf75643da87eab833f56459726106a8a3f2f9642b37a5d9bbfb1b6c0cbe7ff8bbf041562fdef18ee3f36883daa75c67abfb73ffc33782c94bf0b3acdb5831291bf00786f0046b8f3bec779d35461abef3f8cfd81fe15b8913fb6e9c9926ed59f3ff94f3d608eb09f3fe57fb58042feeb3f88586409fc3a99bf1e5e6301454ba53f60057fdb7983ef3fe2c990d8ab98a23fde55cb101a00f03f9474946275622e,COMPLETE
71,0.5069259453594427,2026-03-24 01:55:55.986027,2026-03-24 01:57:04.145563,0 days 00:01:08.159536,0.7910651480013042,0.8443510837467072,2.1474825354021427,0.008363450467959267,7,12,1200,0.06002729819681262,0.0006907051620725027,0.720906475406311,2.0,,,,,COMPLETE
72,0.46544911412731765,2026-03-24 01:57:04.146423,2026-03-24 01:57:37.693615,0 days 00:00:33.547192,0.8489047539708909,0.5414025857300783,4.030350258737649,0.20863542931986276,6,5,1700,0.001429996236716856,0.00012280972205181,0.4033248568133652,2.0,,,,,COMPLETE
73,0.508195736536098,2026-03-24 01:57:37.694462,2026-03-24 01:58:06.975995,0 days 00:00:29.281533,0.9141411560542854,0.6416138308586097,3.1516837409020053,0.03781291994564636,4,8,1200,0.02877715232064133,2.3932608561150113e-06,0.6160049535564533,2.0,,,,,COMPLETE
74,0.49028942942044235,2026-03-24 01:58:06.976757,2026-03-24 01:58:54.233176,0 days 00:00:47.256419,0.9065408578962841,0.5212336419340616,0.9294321829325183,0.06514627408980488,3,14,1700,0.10906368256095177,1.3446170785511892e-05,0.5912121657283219,2.0,,,,,COMPLETE
75,0.4943932331301942,2026-03-24 01:58:54.234104,2026-03-24 01:59:09.892053,0 days 00:00:15.657949,0.6904703997500925,0.7399452690868222,4.865826742185958,0.04000813158663675,12,9,600,0.00019596163171987116,5.809811249526416e-05,0.619438242937017,2.0,,,,,COMPLETE
76,0.4852144910744472,2026-03-24 01:59:09.893042,2026-03-24 01:59:35.259768,0 days 00:00:25.366726,0.5463661616570963,0.7080125859965753,3.554718837369233,0.007542099602740952,3,13,800,2.5570518126108337e-06,0.005324867276297036,0.5400950866022137,2.0,,,,,COMPLETE
77,0.5128883344662997,2026-03-24 01:59:35.260637,2026-03-24 02:00:31.276509,0 days 00:00:56.015872,0.8261729149819135,0.7818854289845818,2.2984855441361542,0.013713044695909732,5,10,1400,1.7217718582969634,2.1254351894238124e-05,0.664759047443932,2.0,,,,,COMPLETE
78,0.5009636457445319,2026-03-24 02:00:31.277471,2026-03-24 02:00:55.361347,0 days 00:00:24.083876,0.9966286569057652,0.7573551556195812,5.166299494391719,0.04138089911904899,5,4,1000,0.0016107096690812972,4.547516813253738e-06,0.6887449869854159,2.0,,,,,COMPLETE
79,0.49881856669852764,2026-03-24 02:00:55.362239,2026-03-24 02:01:33.625107,0 days 00:00:38.262868,0.702316705499445,0.8221261341438466,1.0078924265023403,0.08839209014096813,8,9,700,0.16810690646954987,3.537711824939922e-05,0.5974714571138695,2.0,,,,,COMPLETE
