number,value,datetime_start,datetime_complete,duration,params_colsample_bylevel,params_colsample_bytree,params_gamma,params_learning_rate,params_max_depth,params_min_child_weight,params_n_estimators,params_reg_alpha,params_reg_lambda,params_subsample,system_attrs_cma:generation,system_attrs_cma:optimizer:0,system_attrs_cma:optimizer:1,system_attrs_cma:optimizer:2,system_attrs_cma:optimizer:3,state
120,0.5174782485653687,2026-03-24 02:45:50.154268,2026-03-24 02:48:12.182066,0 days 00:02:22.027798,0.5156181598063914,0.6804820538231989,0.5177753160678913,0.015089930740016936,6,7,1000,0.0006145620957423533,0.007860649298078276,0.4764160222490186,7.0,800495ec0d0000000000008c0a636d6165732e5f636d61948c03434d419493942981947d94288c065f6e5f64696d944b0a8c085f706f7073697a65944b0a8c035f6d75944b058c075f6d755f656666948c166e756d70792e5f636f72652e6d756c74696172726179948c067363616c61729493948c056e756d7079948c0564747970659493948c02663894898887945294284b038c013c944e4e4e4affffffff4affffffff4b007494624308186d7201a156094094869452948c035f636394680b68114308d170f1571fe1d23f94869452948c035f633194680b68114308efd1ee33204d8f3f94869452948c045f636d7594680b681143086bbc550553a3943f94869452948c085f635f7369676d6194680b6811430824bcd1f61334d23f94869452948c085f645f7369676d6194680b68114308096fb4fd048df43f94869452948c035f636d944b018c065f6368695f6e94474008ad851f1406cd8c085f776569676874739468098c0c5f7265636f6e737472756374949394680c8c076e6461727261799493944b0085944301629487945294284b014b0a8594680e8c02663894898887945294284b0368124e4e4e4affffffff4affffffff4b00749462894350649b20309233dd3fde743acc0454d13f25864b3ffdc3c43f663951a1ddd1b53f5de5adba2f1f9a3f61fb228a96d7b5bfd8a31982dd44cebfee6bfe92b483d7bf8f47a053f8e7debf1bced94754c2e2bf947494628c085f705f7369676d6194682f68314b008594683387945294284b014b0a85946811894350d9040d76663cf6bf20736839e95a86bf90ea62252770a6bf0af81810e66dd3bfb03b2a9e41edfc3f56c8b4aa74d0ef3f9206929429b7dc3f0337dd7bb07cc03f66997dfd7a4ce53f0a5eb880ff10dc3f947494628c035f706394682f68314b008594683387945294284b014b0a8594681189435090399a526fd8f6bf4035e87b2af0a6bfe8a9ddf88a0aafbf0b3bee7cc9b9c7bf9b9b4e51688cfc3f860098901197ec3f6a8e39b0cd62de3fc4f5ec14c298c13fdc28ea841160e33fb7a89a821aafd83f947494628c055f6d65616e94682f68314b008594683387945294284b014b0a859468398943502aeca3435774d83f25a638d76d1ae13fbeb0291dae4cc73f4e2f362d677ddf3f2455a57048e9e73fb468f4e713fddc3f24c3fc1f4a04e53f65027b659c1ee73f6a99c67cda22e23f9e74427c6608d73f947494628c065f7369676d6194680b68114308b4478365e0c8c63f94869452948c025f44944e8c025f42944e8c075f626f756e647394682f68314b008594683387945294284b014b0a4b02869468398943a00000000000000000000000000000f03f0000000000000000000000000000f03f0000000000000000000000000000f03f00000000000000000,00000000000f03f0000000000000000000000000000f03f0000000000000000000000000000f03f0000000000000000000000000000f03f0000000000000000000000000000f03f0000000000000000000000000000f03f0000000000000000000000000000f03f947494628c115f6e5f6d61785f726573616d706c696e67944b648c025f67944b078c095f6c725f616461707494898c065f616c70686194473ff66666666666668c0a5f626574615f6d65616e94473fb999999999999a8c0b5f626574615f5369676d6194473f9eb851eb851eb88c065f67616d6d6194473fb999999999999a8c065f456d65616e94682f68314b008594683387945294284b014b0a4b01869468398943500000000000000000000000000000000000000000000000000000000000000000000000000000000000000000000000000000000000000000000000000000000000000000000000000000000000000000947494628c075f455369676d6194682f68314b008594683387945294284b014b644b0186946839894220030000000000000000000000000000000000000000000000000000000000000000000000000000000000000000000000000000000000000000000000000000000000000000000000000000000000000000000000000000000000000000000000000000000000000000000000000000000000000000000000000000000000000000000000000000000000000000000000000000000000000000000000000000000000000000000000000000000000000000000000000000000000000000000000000000000000000000000000000000000000000000000000000000000000000000000000000000000000000000000000000000000000000000000000000000000000000000000000000000000000000000000000000000000000000000000000000000000000000000000000000000000000000000000000000000000000000000000000000000000000000000000000000000000000000000000000000000000000000000000000000000000000000000000000000000000000000000000000000000000000000000000000000000000000000000000000000000000000000000000000000000000000000000000000000000000000000000000000000000000000000000000000000000000000000000000000000000000000000000000000000000000000000000000000000000000000000000000000000000000000000000000000000000000000000000000000000000000000000000000000000000000000000000000000000000000000000000000000000000000000000000000000000000000000000000000000000000000000000000000000000000000000000000000000000000000000000000000000000000000000000000,0000000000000000000000000000000000000000000000000000000000000000000000000000000000000000000000000000000000000000000000000000000000000000000000000000000000000000000000000000000000000000000000000000000000000000000000000000000000000000000000000000000000000000000000000000000000000000000000000000000000000000000000000000000000000000000000000000947494628c065f566d65616e944700000000000000008c075f565369676d61944700000000000000008c095f6574615f6d65616e94473ff00000000000008c0a5f6574615f5369676d6194473ff00000000000008c055f746f6c7894473d551c51ce3718e18c075f746f6c787570944740c38800000000008c075f746f6c66756e94473d719799812dea118c105f746f6c636f6e646974696f6e636f76944742d6bcc41e9000008c0d5f66756e686973745f7465726d944b288c0f5f66756e686973745f76616c75657394682f68314b008594683387945294284b014b50859468398942800200009acbc82d88130dc00000000000000000dd066de796cde0bf4376631d31d5ddbfbcaa7c4337b4e0bf83fe5bbf618bdfbfd29c8660328ae0bf8d41c814ebc9ddbf6f752b24a7d6e0bf312601c25a0ddfbf60b72c3426ade0bf98ca001eab79debf0741eadd29d0e0bfb007aae77b66dfbf3508177eb99ce0bffc4a7a4fcfeddebf1ae19dba391c10c0000000000000000064b7ece4229e00c00000000000000000f27bb8b7300510c00000000000000000a87b6b3ea0b901c00000000000000000ec4b12dc6de10fc00000000000000000a1a71fbb98bd0fc00000000000000000dcf6980ce29e0fc0000000000000000078287ed049850fc00000000000000000102ecf06d0700fc00000000000000000ac74915de894ffbf0000000000000000db421f74682d00c000000000000000005eb69ee7996601c000000000000000002ed3485819520fc0000000000000000064b7ece4229e00c00000000000000000937623629e4600c0000000000000000078287ed049850fc00000000000000000dcf6980ce29e0fc000000000000000000cd3968b52f001c000000000000000004bb986781dbb01c00000000000000000b4de8388d35104c00000000000000000380f6564f82304c00000000000000000b6610ae6f22704c000000000000000001ac2ea13218d07c00000000000000000879d335cabea0bc00000000000000000be7da654e10310c00000000000000000153324dd271413c000000000000000006c59a773e7d515c00000000000000000d88800f6d06a17c00000000000000000b0a9f84bc35d21c0000000000000000052f128721be623c000000000000000005e082692a87128c0000000000,000000008f906ea22b82bc00000000000000000947494628c055f635f316494682f68314b008594683387945294284b014b37859468118942b80100006de223694a50f03f4204b5993717a1bf1f918ca7861ba33fbf88afd15656a5bf0abf191dde67babf16e8848a77db93bfc275a637e22aa5bfda7cee178cebb7bf268d9c10cb5da3bfce810bd7938b883f5b079d2a8474ea3f540eb612ed56a93fa08e658bdc5d38bf8eaf27f46a35a2bfaf9013e94332a03fd0627d4a73ae993fdff5aa65481b8ebf89d635712cfdb0bf438295ed0e25b2bf566b1c819c0cee3f16be9e571a889c3f6ee3d773566172bfe4761e92cc8186bf315cc8a2fab678bf9b9cc9a1eca58d3f47a9d02e5e2abebfb8c1a847885370bfaf637c03b95ae53fe490564111dc923f5f481df1cc2f92bf269f6c9facfdb1bfc57a8bc7d131b2bf1420706be9faab3f21e0084c31caa23f2fdfbb8a5737f03f71aeb812c694a2bf5356d64dd636a33f129496142b2b9f3fc0c7aa1061bd343fb978688579888e3fec8483eac6a2ee3f46417db0f2e79e3fd08b3f5b0dd05f3f1ec83f1cebcbb6bfa584d524835b923f31c5631f040eeb3f95213c49316da73fecc511f87a82b13ffe0852ffed6b743fdbd616a6629ae93fca336179ee7e983f8b5ff0155804973fd81e53e2e39aef3f52bde253c869903fd6833d9ced85ed3f9474946275622e,COMPLETE
121,0.5189951956735998,2026-03-24 02:48:12.182935,2026-03-24 02:49:20.759636,0 days 00:01:08.576701,0.7739087001219227,0.8623386503283701,2.771280014239432,0.058983252807901836,10,9,1700,0.0059570884645376515,0.1348075264770087,0.6789105974811196,7.0,,,,,COMPLETE
122,0.5152365715311951,2026-03-24 02:49:20.760523,2026-03-24 02:50:13.874689,0 days 00:00:53.114166,0.6251896434830718,0.8075351865782945,2.165604365131986,0.04251270602932213,10,8,1100,0.047704277305033294,1.1547202424790677e-06,0.6804509349930781,7.0,,,,,COMPLETE
123,0.5019662234616268,2026-03-24 02:50:13.875681,2026-03-24 02:51:06.494212,0 days 00:00:52.618531,0.5379686913603352,0.6761247919813039,1.518838353485306,0.022014058462552027,12,6,1100,7.685086985461746,0.04455927791494946,0.7624885832532039,7.0,,,,,COMPLETE
124,0.5151608988105544,2026-03-24 02:51:06.494983,2026-03-24 02:52:56.415155,0 days 00:01:49.920172,0.47758303240573496,0.5563193858642939,0.6890979675639874,0.04826582659103114,11,12,1400,0.11464687012950195,0.05902894242871287,0.6783445858413386,7.0,,,,,COMPLETE
125,0.5157549983147537,2026-03-24 02:52:56.415925,2026-03-24 02:55:21.231003,0 days 00:02:24.815078,0.4683805797301702,0.6496844403906781,1.7401613646195992,0.0086726958904184,10,10,1600,0.014939177288899503,0.10423616952149733,0.6807083110019185,7.0,,,,,COMPLETE
126,0.5015203655881261,2026-03-24 02:55:21.231998,2026-03-24 02:56:26.884629,0 days 00:01:05.652631,0.40693255633858516,0.5472774838999627,2.3580009744682706,0.032024084861411194,12,11,1600,8.322288799387794e-05,0.001300367720980307,0.8380034278058717,7.0,,,,,COMPLETE
127,0.49547716332856284,2026-03-24 02:56:26.885634,2026-03-24 02:58:08.065531,0 days 00:01:41.179897,0.4564968486612835,0.7636535437234052,3.2197441271210057,0.009926215897030466,10,10,1600,0.0032468096161816225,0.008479566741557119,0.6487042969619108,7.0,,,,,COMPLETE
128,0.5186042837580248,2026-03-24 02:58:08.066410,2026-03-24 02:59:30.101129,0 days 00:01:22.034719,0.673080532107396,0.7211632335509397,2.6700354686606165,0.02006790210929274,9,5,2000,0.0005011847063784792,0.8958648410155832,0.7538391271847371,7.0,,,,,COMPLETE
129,0.4976391093555525,2026-03-24 02:59:30.102567,2026-03-24 03:00:46.909017,0 days 00:01:16.806450,0.4628191604789136,0.6343933727565056,4.011847591295642,0.014082786339470117,11,14,1700,0.3039297917358433,0.0007869022297668439,0.6247430329989788,7.0,,,,,COMPLETE
130,0.505976010543734,2026-03-24 03:00:46.909964,2026-03-24 03:02:17.036957,0 days 00:01:30.126993,0.7597477656207731,0.9369375237309341,3.7251348001336426,0.012706306393022912,11,10,1900,0.0005750608064899938,0.0014312614055179292,0.6932033631924246,8.0,800495ec0d0000000000008c0a636d6165732e5f636d61948c03434d419493942981947d94288c065f6e5f64696d944b0a8c085f706f7073697a65944b0a8c035f6d75944b058c075f6d755f656666948c166e756d70792e5f636f72652e6d756c74696172726179948c067363616c61729493948c056e756d7079948c0564747970659493948c02663894898887945294284b038c013c944e4e4e4affffffff4affffffff4b007494624308186d7201a156094094869452948c035f636394680b68114308d170f1571fe1d23f94869452948c035f633194680b68114308efd1ee33204d8f3f94869452948c045f636d7594680b681143086bbc550553a3943f94869452948c085f635f7369676d6194680b6811430824bcd1f61334d23f94869452948c085f645f7369676d6194680b68114308096fb4fd048df43f94869452948c035f636d944b018c065f6368695f6e94474008ad851f1406cd8c085f776569676874739468098c0c5f7265636f6e737472756374949394680c8c076e6461727261799493944b0085944301629487945294284b014b0a8594680e8c02663894898887945294284b0368124e4e4e4affffffff4affffffff4b00749462894350649b20309233dd3fde743acc0454d13f25864b3ffdc3c43f663951a1ddd1b53f5de5adba2f1f9a3f61fb228a96d7b5bfd8a31982dd44cebfee6bfe92b483d7bf8f47a053f8e7debf1bced94754c2e2bf947494628c085f705f7369676d6194682f68314b008594683387945294284b014b0a8594681189435080531ec0c481ac3fcfa2969d15a4f23f6ca51fb3ee7bd43fa4cc439f0d93e33f37b4cfb0692de73fb0e6db4eca56af3f02bd3dd29514f43f9db4c6e9bf24efbfb4784f9c76befc3fb8fa4637eebfee3f947494628c035f706394682f68314b008594683387945294284b014b0a85946811894350d0c722bd46cdb43fab4b5d407fb6ef3f28c3e855a0e5d13f922255283c21e33fd965d2fc0f04e43ff06f7f289198a7bf2931757dddb1f23fa47101bc4f8fedbfba9116f5e613fc3f8a5d8784b8d6eb3f947494628c055f6d65616e94682f68314b008594683387945294284b014b0a85946839894350ae4511fb1023e13fee43bcb7e5b7e53f39be6b44881ecd3fff60282d5a08e33f8bb9a8a2990ee53f1f0139661fe3d63fb14322857fc7e83f9a9174a36483e23ffcd0d5a82321e83f2c20a7f04c6edc3f947494628c065f7369676d6194680b681143082e287bf92ca8c63f94869452948c025f44944e8c025f42944e8c075f626f756e647394682f68314b008594683387945294284b014b0a4b02869468398943a00000000000000000000000000000f03f0000000000000000000000000000f03f0000000000000000000000000000f03f00000000000000000,00000000000f03f0000000000000000000000000000f03f0000000000000000000000000000f03f0000000000000000000000000000f03f0000000000000000000000000000f03f0000000000000000000000000000f03f0000000000000000000000000000f03f947494628c115f6e5f6d61785f726573616d706c696e67944b648c025f67944b088c095f6c725f616461707494898c065f616c70686194473ff66666666666668c0a5f626574615f6d65616e94473fb999999999999a8c0b5f626574615f5369676d6194473f9eb851eb851eb88c065f67616d6d6194473fb999999999999a8c065f456d65616e94682f68314b008594683387945294284b014b0a4b01869468398943500000000000000000000000000000000000000000000000000000000000000000000000000000000000000000000000000000000000000000000000000000000000000000000000000000000000000000947494628c075f455369676d6194682f68314b008594683387945294284b014b644b0186946839894220030000000000000000000000000000000000000000000000000000000000000000000000000000000000000000000000000000000000000000000000000000000000000000000000000000000000000000000000000000000000000000000000000000000000000000000000000000000000000000000000000000000000000000000000000000000000000000000000000000000000000000000000000000000000000000000000000000000000000000000000000000000000000000000000000000000000000000000000000000000000000000000000000000000000000000000000000000000000000000000000000000000000000000000000000000000000000000000000000000000000000000000000000000000000000000000000000000000000000000000000000000000000000000000000000000000000000000000000000000000000000000000000000000000000000000000000000000000000000000000000000000000000000000000000000000000000000000000000000000000000000000000000000000000000000000000000000000000000000000000000000000000000000000000000000000000000000000000000000000000000000000000000000000000000000000000000000000000000000000000000000000000000000000000000000000000000000000000000000000000000000000000000000000000000000000000000000000000000000000000000000000000000000000000000000000000000000000000000000000000000000000000000000000000000000000000000000000000000000000000000000000000000000000000000000000000000000000000000000000000000000000,0000000000000000000000000000000000000000000000000000000000000000000000000000000000000000000000000000000000000000000000000000000000000000000000000000000000000000000000000000000000000000000000000000000000000000000000000000000000000000000000000000000000000000000000000000000000000000000000000000000000000000000000000000000000000000000000000000947494628c065f566d65616e944700000000000000008c075f565369676d61944700000000000000008c095f6574615f6d65616e94473ff00000000000008c0a5f6574615f5369676d6194473ff00000000000008c055f746f6c7894473d551c51ce3718e18c075f746f6c787570944740c38800000000008c075f746f6c66756e94473d719799812dea118c105f746f6c636f6e646974696f6e636f76944742d6bcc41e9000008c0d5f66756e686973745f7465726d944b288c0f5f66756e686973745f76616c75657394682f68314b008594683387945294284b014b50859468398942800200009acbc82d88130dc00000000000000000dd066de796cde0bf4376631d31d5ddbfbcaa7c4337b4e0bf83fe5bbf618bdfbfd29c8660328ae0bf8d41c814ebc9ddbf6f752b24a7d6e0bf312601c25a0ddfbf60b72c3426ade0bf98ca001eab79debf0741eadd29d0e0bfb007aae77b66dfbf3508177eb99ce0bffc4a7a4fcfeddebf1b6006d09b9be0bf484e1ad9e5b5dfbf64b7ece4229e00c00000000000000000f27bb8b7300510c00000000000000000a87b6b3ea0b901c00000000000000000ec4b12dc6de10fc00000000000000000a1a71fbb98bd0fc00000000000000000dcf6980ce29e0fc0000000000000000078287ed049850fc00000000000000000102ecf06d0700fc00000000000000000ac74915de894ffbf0000000000000000db421f74682d00c000000000000000005eb69ee7996601c000000000000000002ed3485819520fc0000000000000000064b7ece4229e00c00000000000000000937623629e4600c0000000000000000078287ed049850fc00000000000000000dcf6980ce29e0fc000000000000000000cd3968b52f001c000000000000000004bb986781dbb01c00000000000000000b4de8388d35104c00000000000000000380f6564f82304c00000000000000000b6610ae6f22704c000000000000000001ac2ea13218d07c00000000000000000879d335cabea0bc00000000000000000be7da654e10310c00000000000000000153324dd271413c000000000000000006c59a773e7d515c00000000000000000d88800f6d06a17c00000000000000000b0a9f84bc35d21c0000000000000000052f128721be623c000000000000000005e082692a87128c0000000000,000000008f906ea22b82bc00000000000000000947494628c055f635f316494682f68314b008594683387945294284b014b37859468118942b8010000e3d6d5e77b13f03f30d11e684e626abf9a50a82a4f75b63f487cc38d53f69bbfb4f78979f7e9b4bf805113799dea5ebf6c20eb8458c3833f101572abce51c0bff4f54e36ae2e72bf42b3ddb1eb77ac3f558330fa18dcea3ffebd622aff35ab3f307ea474211da63feb88c4972ecc90bf28bdb6688bdda13ff86b5ad4e9a9ab3f5626e75d4a629fbf8920d20aa9ee9dbf188e87f0133ea4bf4939e47c16c6ec3f5840da878a5eab3f06415a36b1ac85bf7c03dec8a2b0a6bf971c5ca1e9eb95bfca5085099cf0913fb24d7d8d1c42babf3bd5eda5582832bf2169e6207496e53f287258f8d8ee923fd599a26d6fcb92bf4ba0848c31e9a3bf30fbf8491aabb7bf90837d84ba77b53f3dbf9f02317ca73fa01e05ba9741f03f397ee527498fa3bf91a6d6566396a83f46811412b9809f3f0ce35a378734763f10d5057f2b33763f155303b8d0d0ed3f90f6244e46a480bf3a52e57666ae913fd28509faefcdb8bfefd633d2f046833f63ed37010dcfeb3f6a9410865c6fa13f54a5f26adb4dc03fed65190f3d89a43f2e2fc996801fe93fc44aa5f02a8c91bfb632a3499f88913f32f5c066dbd8f03ff2ab73547e57a73fc9830c186549ed3f9474946275622e,COMPLETE
131,0.49453194527735994,2026-03-24 03:02:17.037819,2026-03-24 03:03:38.393606,0 days 00:01:21.355787,0.6210562023541599,0.9199815114042902,1.6981011525298662,0.056691247651423034,11,9,1500,0.004661877910153732,0.27314830991346983,0.5107689591638459,8.0,,,,,COMPLETE
132,0.5199443326758505,2026-03-24 03:03:38.394594,2026-03-24 03:05:59.904691,0 days 00:02:21.510097,0.7729016990128794,0.8530058679544281,0.7056189151889247,0.012951925918826017,9,10,1400,0.0007083509215659841,0.00967127482131333,0.6651423912451806,8.0,,,,,COMPLETE
133,0.5040943417228815,2026-03-24 03:05:59.905723,2026-03-24 03:08:00.481388,0 days 00:02:00.575665,0.41924720129724224,0.8057048366278199,1.8566066699222141,0.018024603020010917,7,4,2000,0.003954442729920225,0.6154164857330442,0.4486390761190093,8.0,,,,,COMPLETE
134,0.5122670039843934,2026-03-24 03:08:00.482270,2026-03-24 03:09:52.740570,0 days 00:01:52.258300,0.47163097863080616,0.8653627564641702,0.6239639965325452,0.026184271019285797,6,11,1600,0.0019550690644760007,0.07847567242695272,0.6476607435709795,8.0,,,,,COMPLETE
135,0.5180114069976117,2026-03-24 03:09:52.741626,2026-03-24 03:11:07.076942,0 days 00:01:14.335316,0.5765058149290169,0.8317449824087206,1.5488183031694809,0.021053077247700475,11,6,1300,0.0031059112261635543,0.005857271403512066,0.5936478169574697,8.0,,,,,COMPLETE
136,0.5234230836634716,2026-03-24 03:11:07.077754,2026-03-24 03:12:40.190340,0 days 00:01:33.112586,0.7624064916657374,0.7519590925408132,1.30139580571403,0.016442347612209335,11,7,1500,0.08612814179374206,12.820759436946178,0.7052948331522607,8.0,,,,,COMPLETE
137,0.5157628645786301,2026-03-24 03:12:40.191867,2026-03-24 03:13:18.395551,0 days 00:00:38.203684,0.7269308532831076,0.6092504753049484,4.873858310923356,0.07451690124692573,11,4,1900,0.10275979745185945,0.7921110368295141,0.7171305448927487,8.0,,,,,COMPLETE
138,0.5026877144641798,2026-03-24 03:13:18.396440,2026-03-24 03:14:05.052225,0 days 00:00:46.655785,0.5785126586846052,0.7864508455384176,1.7034654233907882,0.07631520130043164,10,7,1700,0.007255348098274069,0.018315677023497977,0.717629176342073,8.0,,,,,COMPLETE
139,0.5194846650079721,2026-03-24 03:14:05.053119,2026-03-24 03:15:20.833715,0 days 00:01:15.780596,0.7315374852792227,0.6987065252032989,1.6987955418959622,0.015031608082160735,10,5,1300,0.0037648932915276294,4.118567866259382e-05,0.6190915810481877,8.0,,,,,COMPLETE
