number,value,datetime_start,datetime_complete,duration,params_colsample_bytree,params_learning_rate,params_max_depth,params_min_child_samples,params_min_split_gain,params_n_estimators,params_num_leaves,params_reg_alpha,params_reg_lambda,params_subsample,system_attrs_cma:generation,system_attrs_cma:optimizer:0,system_attrs_cma:optimizer:1,system_attrs_cma:optimizer:2,system_attrs_cma:optimizer:3,state
240,0.5236919286222085,2026-03-24 04:41:19.876938,2026-03-24 04:41:57.002633,0 days 00:00:37.125695,0.49876908675794274,0.11940813229689023,8,90,0.10475568560250913,1400,109,8.181499413876614e-05,4.3159579417339454e-07,0.5678301293247836,19.0,800495ec0d0000000000008c0a636d6165732e5f636d61948c03434d419493942981947d94288c065f6e5f64696d944b0a8c085f706f7073697a65944b0a8c035f6d75944b058c075f6d755f656666948c166e756d70792e5f636f72652e6d756c74696172726179948c067363616c61729493948c056e756d7079948c0564747970659493948c02663894898887945294284b038c013c944e4e4e4affffffff4affffffff4b007494624308186d7201a156094094869452948c035f636394680b68114308d170f1571fe1d23f94869452948c035f633194680b68114308efd1ee33204d8f3f94869452948c045f636d7594680b681143086bbc550553a3943f94869452948c085f635f7369676d6194680b6811430824bcd1f61334d23f94869452948c085f645f7369676d6194680b68114308096fb4fd048df43f94869452948c035f636d944b018c065f6368695f6e94474008ad851f1406cd8c085f776569676874739468098c0c5f7265636f6e737472756374949394680c8c076e6461727261799493944b0085944301629487945294284b014b0a8594680e8c02663894898887945294284b0368124e4e4e4affffffff4affffffff4b00749462894350649b20309233dd3fde743acc0454d13f25864b3ffdc3c43f663951a1ddd1b53f5de5adba2f1f9a3f61fb228a96d7b5bfd8a31982dd44cebfee6bfe92b483d7bf8f47a053f8e7debf1bced94754c2e2bf947494628c085f705f7369676d6194682f68314b008594683387945294284b014b0a85946811894350abd69bb175fbf4bfb1a862af40a5f73facc64c8f4a6ae23f928103090db9c3bf6fe399a135f4e13f987c5b1559f7ef3f8acebb5a1c67e9bfe6f71f6d0f7cd7bf1e1a62223294f7bf84e5a5840e74ca3f947494628c035f706394682f68314b008594683387945294284b014b0a85946811894350b1e5929b4aa0f1bf402fcb52070ef43f51049aef5a7fe03f2461f8f736ecb2bfd2a0b391a978d03f9ecdd24e4292ef3fcf170aa3cdffebbf606121ae1f4ec8bfb85ec15a99b8f7bf9dc33d01f81ec73f947494628c055f6d65616e94682f68314b008594683387945294284b014b0a85946839894350a3857a1e1c55c33f928ffd1c77e6e33f697040b59fd5e03f017bd926400cea3f48613ec5bc54bc3fceee9d9ce124e13f69eae04b670de13f86ff9754dbeed73ff84a74a6a24dc03f335e560332fed63f947494628c065f7369676d6194680b68114308203f81b5b23bbc3f94869452948c025f44944e8c025f42944e8c075f626f756e647394682f68314b008594683387945294284b014b0a4b02869468398943a00000000000000000000000000000f03f0000000000000000000000000000f03f0000000000000000000000000000f03f00000000000000000,00000000000f03f0000000000000000000000000000f03f0000000000000000000000000000f03f0000000000000000000000000000f03f0000000000000000000000000000f03f0000000000000000000000000000f03f0000000000000000000000000000f03f947494628c115f6e5f6d61785f726573616d706c696e67944b648c025f67944b138c095f6c725f616461707494898c065f616c70686194473ff66666666666668c0a5f626574615f6d65616e94473fb999999999999a8c0b5f626574615f5369676d6194473f9eb851eb851eb88c065f67616d6d6194473fb999999999999a8c065f456d65616e94682f68314b008594683387945294284b014b0a4b01869468398943500000000000000000000000000000000000000000000000000000000000000000000000000000000000000000000000000000000000000000000000000000000000000000000000000000000000000000947494628c075f455369676d6194682f68314b008594683387945294284b014b644b0186946839894220030000000000000000000000000000000000000000000000000000000000000000000000000000000000000000000000000000000000000000000000000000000000000000000000000000000000000000000000000000000000000000000000000000000000000000000000000000000000000000000000000000000000000000000000000000000000000000000000000000000000000000000000000000000000000000000000000000000000000000000000000000000000000000000000000000000000000000000000000000000000000000000000000000000000000000000000000000000000000000000000000000000000000000000000000000000000000000000000000000000000000000000000000000000000000000000000000000000000000000000000000000000000000000000000000000000000000000000000000000000000000000000000000000000000000000000000000000000000000000000000000000000000000000000000000000000000000000000000000000000000000000000000000000000000000000000000000000000000000000000000000000000000000000000000000000000000000000000000000000000000000000000000000000000000000000000000000000000000000000000000000000000000000000000000000000000000000000000000000000000000000000000000000000000000000000000000000000000000000000000000000000000000000000000000000000000000000000000000000000000000000000000000000000000000000000000000000000000000000000000000000000000000000000000000000000000000000000000000000000000000000000,0000000000000000000000000000000000000000000000000000000000000000000000000000000000000000000000000000000000000000000000000000000000000000000000000000000000000000000000000000000000000000000000000000000000000000000000000000000000000000000000000000000000000000000000000000000000000000000000000000000000000000000000000000000000000000000000000000947494628c065f566d65616e944700000000000000008c075f565369676d61944700000000000000008c095f6574615f6d65616e94473ff00000000000008c0a5f6574615f5369676d6194473ff00000000000008c055f746f6c7894473d551c51ce3718e18c075f746f6c787570944740c38800000000008c075f746f6c66756e94473d719799812dea118c105f746f6c636f6e646974696f6e636f76944742d6bcc41e9000008c0d5f66756e686973745f7465726d944b288c0f5f66756e686973745f76616c75657394682f68314b008594683387945294284b014b50859468398942800200006e9cee2a6c22e5bf00000000000000005988cb2023b0e0bfeb7a43dd5349dfbf8c53336af886e0bff53cae3467e0debf187a3378e69de0bf33bf1fca725fdebfe8d1368ca770e0bf9bd936aa1742dfbf6f9deddadcc5e0bfab6a5b1b0fd1debf116b7e1a39b6e0bfcd635791b07cddbfdf61880c9786e0bf7738f5582d2edebf65e130c894a2e0bff186a344f2afdebfa21dc6610288e0bfdb681f843bf2debfd29f3739cc25e1bf0b247574f6cbdebf14294914c3bee0bfa8e04b24e870dfbf9b9c7a420be6e0bf73e70c95482ddebf8ed8972bbfd1e0bf712ba2b40ddcdfbfc793b94225b7e0bfc58f5a6b632de0bfdb0e5e4d904be1bf6b9301627d02e0bfdf8a0deec2bde0bf132b99ea713ae0bfa54ca7b393cce0bf739fcf26390be0bfd36d812d4009e1bf7f6dddc8451ee0bf9bb412357efbe0bf3657498eac6ce0bf00000000000000800000000000000000fff94aa97bba39be0000000000000000a861f0d9edd2b5be0000000000000000000000000000008000000000000000000000000000000080000000000000000000000000000000800000000000000000000000000000a0bc000000000000000038218828be5527be00000000000000004f11cb61ab86a6be0000000000000000428b0480a40de1bd0000000000000000cf8c63d077f423be00000000000000001708394834c39cbe0000000000000000549a44ca84bfd1be0000000000000000b0e2298d86bc01bf000000000000000085dac67721f452bf00000000000000009b14ddfd266574bf0000000000000000108087096d0892bf000000000000000017e5299a827faabf000000000000000097caccd2b4a5d1bf000000000,00000004e70a4e29cbde0bf0000000000000000947494628c055f635f316494682f68314b008594683387945294284b014b37859468118942b80100004d327ebafc14e73f2c73de5af56a98bf0468cbf6ef20973f80f071887b68503f1e493ea2e358a3bf0df5dac098c993bf83806f1a93ec82bf3c8005257b6ab2bfaecd9bd5982fc93f2dee68aacabfb83f6f4a0f8f1ecde53f6e70ccd33fb9b13f61f0b93c45dea13fa38427ec59e2bebf643ef739a36db33fa86449a05fc3bdbff0186efd9f16be3f68ace18ab3c8babfb4504357dafea33fb7f0f6ebcd13f03f9ea82a092215b03f2f322891ad54b8bf30131e49623490bf27823ec0c2acb63fea2315a8e11cbbbf7221e7f1cd94acbf5c8fcacdc497c6bf0078c3db111aec3f14825effed89a73f3fa0022874bba1bfece7bd1e7fcfa0bf3ed1d3a9dbd7a23f9ecf70faf0fdb6bf479f687443958abfb86837095cc3df3f3e67e328e950a23fc05c04df1e34a03f7a8c52072448adbf382f7f4a991d843ff7b1e0011feb85bf0c2d5ab0e7aaec3f303f056d2eb5c0bf4c89260dac4cb1bfe09aafe8a59da13fdd27d6052874b03fd1c64c2ef87ce93fe8869d85eeec773fbeaf918fe7a5b93fc620c05ba339c4bf4443e2c5bf7eea3f605475a21ae2b9bf1ccb861080ceb73fbb0fdf6dab5af03fa6fe9f17d6fc8a3ff147532244f0e93f9474946275622e,COMPLETE
241,0.5142426004491764,2026-03-24 04:41:57.003401,2026-03-24 04:43:06.375036,0 days 00:01:09.371635,0.4729966648583099,0.06722657909761677,9,92,0.0626301952656709,1000,113,4.6494752433272744e-05,3.628162915701045e-06,0.5873584285195899,19.0,,,,,COMPLETE
242,0.5025264236930526,2026-03-24 04:43:06.375743,2026-03-24 04:43:57.351154,0 days 00:00:50.975411,0.3006109764950101,0.03420851859659826,8,84,0.40435932509466266,1100,151,1.0598446238347476e-06,3.4713376833538034e-08,0.612456557161046,19.0,,,,,COMPLETE
243,0.5099379650249104,2026-03-24 04:43:57.352158,2026-03-24 04:44:16.337706,0 days 00:00:18.985548,0.45626655547744055,0.07196388334834843,7,78,0.8149851566474928,1100,122,0.00018875820234778046,8.742443190420037e-08,0.5984695198640176,19.0,,,,,COMPLETE
244,0.5220920953963423,2026-03-24 04:44:16.338612,2026-03-24 04:44:51.889780,0 days 00:00:35.551168,0.38912726573078243,0.0495250505268429,7,86,0.41829604902261086,1500,122,1.9447954037979194e-06,6.074507886526479e-07,0.6299420883354253,19.0,,,,,COMPLETE
245,0.49608354056880644,2026-03-24 04:44:51.890767,2026-03-24 04:45:15.423213,0 days 00:00:23.532446,0.458624877364062,0.04023078378771112,7,99,1.1640850003909482,1200,173,0.0014362929328829988,3.082085106383384e-06,0.5953516748379489,19.0,,,,,COMPLETE
246,0.5126502280886404,2026-03-24 04:45:15.424128,2026-03-24 04:45:46.818506,0 days 00:00:31.394378,0.4202715318030398,0.027820659586506695,6,71,1.0490272841766655,1100,150,0.0029429492693403055,1.744071294879406e-07,0.5317104711131913,19.0,,,,,COMPLETE
247,0.5337172821650323,2026-03-24 04:45:46.819472,2026-03-24 04:47:08.039664,0 days 00:01:21.220192,0.4123556516913582,0.01555431803736251,7,88,0.3223934148070958,1200,182,6.524225579490724e-05,1.8418772696060265e-05,0.5306650026125062,19.0,,,,,COMPLETE
248,0.49650353384051393,2026-03-24 04:47:08.040705,2026-03-24 04:47:43.862910,0 days 00:00:35.822205,0.3962946405408189,0.034193171289671184,8,68,0.8103037473180118,1300,150,3.244969317022008e-05,2.8310884438594653e-06,0.5786618990305101,19.0,,,,,COMPLETE
249,0.5139371897842139,2026-03-24 04:47:43.863853,2026-03-24 04:48:18.972548,0 days 00:00:35.108695,0.5090004458214757,0.10908561994912606,5,74,0.10567447955295135,1300,116,0.0001654333567913697,1.0529485250375732e-06,0.7408860302763556,19.0,,,,,COMPLETE
250,0.5263204813911616,2026-03-24 04:48:18.973556,2026-03-24 04:49:47.347199,0 days 00:01:28.373643,0.4195450559926237,0.01633750989489055,8,95,0.26823901036861714,1200,110,3.6344010420779504e-05,2.1229881392022042e-08,0.5732416298780758,20.0,800495ec0d0000000000008c0a636d6165732e5f636d61948c03434d419493942981947d94288c065f6e5f64696d944b0a8c085f706f7073697a65944b0a8c035f6d75944b058c075f6d755f656666948c166e756d70792e5f636f72652e6d756c74696172726179948c067363616c61729493948c056e756d7079948c0564747970659493948c02663894898887945294284b038c013c944e4e4e4affffffff4affffffff4b007494624308186d7201a156094094869452948c035f636394680b68114308d170f1571fe1d23f94869452948c035f633194680b68114308efd1ee33204d8f3f94869452948c045f636d7594680b681143086bbc550553a3943f94869452948c085f635f7369676d6194680b6811430824bcd1f61334d23f94869452948c085f645f7369676d6194680b68114308096fb4fd048df43f94869452948c035f636d944b018c065f6368695f6e94474008ad851f1406cd8c085f776569676874739468098c0c5f7265636f6e737472756374949394680c8c076e6461727261799493944b0085944301629487945294284b014b0a8594680e8c02663894898887945294284b0368124e4e4e4affffffff4affffffff4b00749462894350649b20309233dd3fde743acc0454d13f25864b3ffdc3c43f663951a1ddd1b53f5de5adba2f1f9a3f61fb228a96d7b5bfd8a31982dd44cebfee6bfe92b483d7bf8f47a053f8e7debf1bced94754c2e2bf947494628c085f705f7369676d6194682f68314b008594683387945294284b014b0a8594681189435082507a4d790edabff6dd73d38249f53f4a0b14151f9ac4bfe36b4a01a0afe63f5064cc864c63e4bf77404abbd02cf43f6334a79cc51ce1bf909f3736f9cd9abf26db32b63a89e03fe2bea5665b57f0bf947494628c035f706394682f68314b008594683387945294284b014b0a85946811894350d83d4530f07bccbfdae4db0861b7f13f200379baca0aafbf51a239254388e33f89a9da7fed4fe0bf9ae01df164a7f23f935bf91820afe0bf80458a18e66f763f24143dfbab03e23fe677fc29de8be9bf947494628c055f6d65616e94682f68314b008594683387945294284b014b0a8594683989435048a3e4e8b787c93f400dcb168486e43f7e88f4f61a4cdf3f9bd89ed578e6eb3f997af2b12abda93fe8adf4608775e23f62461865c151e13fd0e3eba959b6d83faab1d0b91c25d13f7f54480bfcd0d13f947494628c065f7369676d6194680b68114308a42165c343ffba3f94869452948c025f44944e8c025f42944e8c075f626f756e647394682f68314b008594683387945294284b014b0a4b02869468398943a00000000000000000000000000000f03f0000000000000000000000000000f03f0000000000000000000000000000f03f00000000000000000,00000000000f03f0000000000000000000000000000f03f0000000000000000000000000000f03f0000000000000000000000000000f03f0000000000000000000000000000f03f0000000000000000000000000000f03f0000000000000000000000000000f03f947494628c115f6e5f6d61785f726573616d706c696e67944b648c025f67944b148c095f6c725f616461707494898c065f616c70686194473ff66666666666668c0a5f626574615f6d65616e94473fb999999999999a8c0b5f626574615f5369676d6194473f9eb851eb851eb88c065f67616d6d6194473fb999999999999a8c065f456d65616e94682f68314b008594683387945294284b014b0a4b01869468398943500000000000000000000000000000000000000000000000000000000000000000000000000000000000000000000000000000000000000000000000000000000000000000000000000000000000000000947494628c075f455369676d6194682f68314b008594683387945294284b014b644b0186946839894220030000000000000000000000000000000000000000000000000000000000000000000000000000000000000000000000000000000000000000000000000000000000000000000000000000000000000000000000000000000000000000000000000000000000000000000000000000000000000000000000000000000000000000000000000000000000000000000000000000000000000000000000000000000000000000000000000000000000000000000000000000000000000000000000000000000000000000000000000000000000000000000000000000000000000000000000000000000000000000000000000000000000000000000000000000000000000000000000000000000000000000000000000000000000000000000000000000000000000000000000000000000000000000000000000000000000000000000000000000000000000000000000000000000000000000000000000000000000000000000000000000000000000000000000000000000000000000000000000000000000000000000000000000000000000000000000000000000000000000000000000000000000000000000000000000000000000000000000000000000000000000000000000000000000000000000000000000000000000000000000000000000000000000000000000000000000000000000000000000000000000000000000000000000000000000000000000000000000000000000000000000000000000000000000000000000000000000000000000000000000000000000000000000000000000000000000000000000000000000000000000000000000000000000000000000000000000000000000000000000000000000,0000000000000000000000000000000000000000000000000000000000000000000000000000000000000000000000000000000000000000000000000000000000000000000000000000000000000000000000000000000000000000000000000000000000000000000000000000000000000000000000000000000000000000000000000000000000000000000000000000000000000000000000000000000000000000000000000000947494628c065f566d65616e944700000000000000008c075f565369676d61944700000000000000008c095f6574615f6d65616e94473ff00000000000008c0a5f6574615f5369676d6194473ff00000000000008c055f746f6c7894473d551c51ce3718e18c075f746f6c787570944740c38800000000008c075f746f6c66756e94473d719799812dea118c105f746f6c636f6e646974696f6e636f76944742d6bcc41e9000008c0d5f66756e686973745f7465726d944b288c0f5f66756e686973745f76616c75657394682f68314b008594683387945294284b014b50859468398942800200006e9cee2a6c22e5bf00000000000000005988cb2023b0e0bfeb7a43dd5349dfbf8c53336af886e0bff53cae3467e0debf187a3378e69de0bf33bf1fca725fdebfe8d1368ca770e0bf9bd936aa1742dfbf6f9deddadcc5e0bfab6a5b1b0fd1debf116b7e1a39b6e0bfcd635791b07cddbfdf61880c9786e0bf7738f5582d2edebf65e130c894a2e0bff186a344f2afdebfa21dc6610288e0bfdb681f843bf2debfd29f3739cc25e1bf0b247574f6cbdebf14294914c3bee0bfa8e04b24e870dfbf9b9c7a420be6e0bf73e70c95482ddebf8ed8972bbfd1e0bf712ba2b40ddcdfbfc793b94225b7e0bfc58f5a6b632de0bfdb0e5e4d904be1bf6b9301627d02e0bfdf8a0deec2bde0bf132b99ea713ae0bfa54ca7b393cce0bf739fcf26390be0bfd36d812d4009e1bf7f6dddc8451ee0bf9bb412357efbe0bf3657498eac6ce0bfa3ae06443614e1bf24ecb42dd5bfdfbffff94aa97bba39be0000000000000000a861f0d9edd2b5be0000000000000000000000000000008000000000000000000000000000000080000000000000000000000000000000800000000000000000000000000000a0bc000000000000000038218828be5527be00000000000000004f11cb61ab86a6be0000000000000000428b0480a40de1bd0000000000000000cf8c63d077f423be00000000000000001708394834c39cbe0000000000000000549a44ca84bfd1be0000000000000000b0e2298d86bc01bf000000000000000085dac67721f452bf00000000000000009b14ddfd266574bf0000000000000000108087096d0892bf000000000000000017e5299a827faabf000000000000000097caccd2b4a5d1bf000000000,00000004e70a4e29cbde0bf0000000000000000947494628c055f635f316494682f68314b008594683387945294284b014b37859468118942b80100002f576c08d794e63f4fc29e5c6fa694bf9a6b502e0a13a23f841d891a95c670bf99f073640b37acbf3a090611271f98bf45d6d13d00648ebf29726b8549e3b9bf8d0c28a64931c83f5f7f5e5e7e6bb83f344fdfed5263e73f824fa27db358b53f68b95e1f2d42a83f4f7abd0e6818c2bf31c31e74d5b4bc3fd8a5872edefec3bf462c11d7dab1bb3fd7ba359ea935bcbfd212fea3237fa23fc167261ab912f03ffcb11b5d1c9ab23f88215b7af771b5bf92305405a5a89abf1cf0fe83fcb4b43f827ce55578cbb5bf8e57f8ea82d4b0bf8146e00d996dc6bf46bb096a9788ea3f72990c6a4155a23fc3a53d02580484bf346c8d7254a2a8bffdaa68cad808993f8499e6bfa8b5abbfb0b34b79a380a6bf916faa3fca4ddf3fc67e7b9a4d33953f6a4133e11eeb9c3fd22fddaaebb1b5bfd2487d57435aa0bf52575ece37b68b3f63087ac94074ed3fb6e9f73a276ec3bf398485f0c815b3bfb05a6f732107a03f9442b81ee08caa3f35e9f1374d1fea3f8828934d1965553f97f2e4e514e2b83f4ce216d4b36cc4bf2051bda51903e93f345f5f995c5cbfbfe9e66fab0f72b83f8078a41c2058f03f22ff36a1562666bfa0ccd95d3399ea3f9474946275622e,COMPLETE
251,0.5217818518579976,2026-03-24 04:49:47.348190,2026-03-24 04:50:54.322612,0 days 00:01:06.974422,0.5165826400504439,0.0780432044890768,7,81,0.05125905653423971,1300,125,2.0960702793772685e-06,0.00019611733287866758,0.5299387691003794,20.0,,,,,COMPLETE
252,0.5121107465519853,2026-03-24 04:50:54.323566,2026-03-24 04:52:11.759094,0 days 00:01:17.435528,0.3369346304674235,0.022196696232841578,8,83,0.6638405520440069,1200,147,2.858969483438053e-05,3.948240970792191e-06,0.6490412098877416,20.0,,,,,COMPLETE
253,0.5212326131390501,2026-03-24 04:52:11.759982,2026-03-24 04:53:10.934048,0 days 00:00:59.174066,0.4994137385039182,0.04181063103481165,6,88,0.31292610074890365,1000,158,6.331365025542976e-05,4.87076525544359e-06,0.5739584469351272,20.0,,,,,COMPLETE
254,0.5294567413380886,2026-03-24 04:53:10.934973,2026-03-24 04:55:17.282296,0 days 00:02:06.347323,0.5102219957022314,0.04765520072864216,9,79,0.07234271804322671,1200,164,1.4785048273860253e-05,3.923969152119503e-06,0.604771287278812,20.0,,,,,COMPLETE
255,0.5144931504514269,2026-03-24 04:55:17.283156,2026-03-24 04:56:23.690358,0 days 00:01:06.407202,0.38310619246522887,0.020109952436816653,7,69,1.0696649115191101,1500,187,1.4238129385002037e-05,1.3126935882496568e-07,0.48178321990051154,20.0,,,,,COMPLETE
256,0.5337952623999918,2026-03-24 04:56:23.691366,2026-03-24 04:58:52.027724,0 days 00:02:28.336358,0.5028330711544794,0.033684878244588726,6,95,0.0655897694577855,1400,147,0.00010520314340643332,8.698337311033642e-07,0.5752865193193925,20.0,,,,,COMPLETE
257,0.530223248785385,2026-03-24 04:58:52.028671,2026-03-24 05:00:19.201444,0 days 00:01:27.172773,0.4907800151674121,0.0462035615680027,8,98,0.3853296360163141,1400,171,6.2836326419161496e-06,1.344769788358583e-06,0.619563129343654,20.0,,,,,COMPLETE
258,0.528705009165285,2026-03-24 05:00:19.202480,2026-03-24 05:01:28.926590,0 days 00:01:09.724110,0.5154348972372556,0.046243482693406904,7,91,0.5616925348659766,1400,127,1.8920197660986918e-05,2.908583418877375e-06,0.6391247489908458,20.0,,,,,COMPLETE
259,0.526086331547586,2026-03-24 05:01:28.928726,2026-03-24 05:02:44.869773,0 days 00:01:15.941047,0.5393753540514947,0.048598853694952496,6,86,0.3858490435706584,1300,127,1.3683867858261065e-05,1.9435920944498395e-06,0.49175048421732337,20.0,,,,,COMPLETE
