number,value,datetime_start,datetime_complete,duration,params_colsample_bytree,params_learning_rate,params_max_depth,params_min_child_samples,params_min_split_gain,params_n_estimators,params_num_leaves,params_reg_alpha,params_reg_lambda,params_subsample,system_attrs_cma:generation,system_attrs_cma:optimizer:0,system_attrs_cma:optimizer:1,system_attrs_cma:optimizer:2,system_attrs_cma:optimizer:3,state
100,0.510761281837045,2026-03-24 02:13:48.189247,2026-03-24 02:14:19.646631,0 days 00:00:31.457384,0.46397350652337555,0.03770574214102388,7,73,0.7848797531036724,1300,125,0.000990999994925753,0.016163219010372445,0.6405969812925606,5.0,800495ec0d0000000000008c0a636d6165732e5f636d61948c03434d419493942981947d94288c065f6e5f64696d944b0a8c085f706f7073697a65944b0a8c035f6d75944b058c075f6d755f656666948c166e756d70792e5f636f72652e6d756c74696172726179948c067363616c61729493948c056e756d7079948c0564747970659493948c02663894898887945294284b038c013c944e4e4e4affffffff4affffffff4b007494624308186d7201a156094094869452948c035f636394680b68114308d170f1571fe1d23f94869452948c035f633194680b68114308efd1ee33204d8f3f94869452948c045f636d7594680b681143086bbc550553a3943f94869452948c085f635f7369676d6194680b6811430824bcd1f61334d23f94869452948c085f645f7369676d6194680b68114308096fb4fd048df43f94869452948c035f636d944b018c065f6368695f6e94474008ad851f1406cd8c085f776569676874739468098c0c5f7265636f6e737472756374949394680c8c076e6461727261799493944b0085944301629487945294284b014b0a8594680e8c02663894898887945294284b0368124e4e4e4affffffff4affffffff4b00749462894350649b20309233dd3fde743acc0454d13f25864b3ffdc3c43f663951a1ddd1b53f5de5adba2f1f9a3f61fb228a96d7b5bfd8a31982dd44cebfee6bfe92b483d7bf8f47a053f8e7debf1bced94754c2e2bf947494628c085f705f7369676d6194682f68314b008594683387945294284b014b0a8594681189435004501676cc2fe03fb049de155415c13fdfd10e80cdf1d5bfb6229e2333c8e23f93ae45f515bbccbfa072084aaed8d13fd866aeffd22df1bfaa87e1a5dc29ef3fc9a6221437a2e3bfd7173ae530d1e33f947494628c035f706394682f68314b008594683387945294284b014b0a85946811894350c0a7765e7d27d93f411f7704504ac83f4555f80b4cecd5bf421b22844aa3e13fe7dccc05f60dcfbf284236ae5fc0c43f36e142965b81efbf0571b6dcf0b2ed3fa09502aa8df9e1bfe4283ee98681e23f947494628c055f6d65616e94682f68314b008594683387945294284b014b0a85946839894350ff330b91d88dd73f92f70ca3af72e43fbe75b9312d45e43fd27afbd28d6de93fed7db60dbb41bb3f4cdd38ed23e3d43fee4568c434fee03fbd6cc721bb0cde3f612d85624818e33fdd2432ff673fdf3f947494628c065f7369676d6194680b6811430816bd678df129ca3f94869452948c025f44944e8c025f42944e8c075f626f756e647394682f68314b008594683387945294284b014b0a4b02869468398943a00000000000000000000000000000f03f0000000000000000000000000000f03f0000000000000000000000000000f03f00000000000000000,00000000000f03f0000000000000000000000000000f03f0000000000000000000000000000f03f0000000000000000000000000000f03f0000000000000000000000000000f03f0000000000000000000000000000f03f0000000000000000000000000000f03f947494628c115f6e5f6d61785f726573616d706c696e67944b648c025f67944b058c095f6c725f616461707494898c065f616c70686194473ff66666666666668c0a5f626574615f6d65616e94473fb999999999999a8c0b5f626574615f5369676d6194473f9eb851eb851eb88c065f67616d6d6194473fb999999999999a8c065f456d65616e94682f68314b008594683387945294284b014b0a4b01869468398943500000000000000000000000000000000000000000000000000000000000000000000000000000000000000000000000000000000000000000000000000000000000000000000000000000000000000000947494628c075f455369676d6194682f68314b008594683387945294284b014b644b0186946839894220030000000000000000000000000000000000000000000000000000000000000000000000000000000000000000000000000000000000000000000000000000000000000000000000000000000000000000000000000000000000000000000000000000000000000000000000000000000000000000000000000000000000000000000000000000000000000000000000000000000000000000000000000000000000000000000000000000000000000000000000000000000000000000000000000000000000000000000000000000000000000000000000000000000000000000000000000000000000000000000000000000000000000000000000000000000000000000000000000000000000000000000000000000000000000000000000000000000000000000000000000000000000000000000000000000000000000000000000000000000000000000000000000000000000000000000000000000000000000000000000000000000000000000000000000000000000000000000000000000000000000000000000000000000000000000000000000000000000000000000000000000000000000000000000000000000000000000000000000000000000000000000000000000000000000000000000000000000000000000000000000000000000000000000000000000000000000000000000000000000000000000000000000000000000000000000000000000000000000000000000000000000000000000000000000000000000000000000000000000000000000000000000000000000000000000000000000000000000000000000000000000000000000000000000000000000000000000000000000000000000000000,0000000000000000000000000000000000000000000000000000000000000000000000000000000000000000000000000000000000000000000000000000000000000000000000000000000000000000000000000000000000000000000000000000000000000000000000000000000000000000000000000000000000000000000000000000000000000000000000000000000000000000000000000000000000000000000000000000947494628c065f566d65616e944700000000000000008c075f565369676d61944700000000000000008c095f6574615f6d65616e94473ff00000000000008c0a5f6574615f5369676d6194473ff00000000000008c055f746f6c7894473d551c51ce3718e18c075f746f6c787570944740c38800000000008c075f746f6c66756e94473d719799812dea118c105f746f6c636f6e646974696f6e636f76944742d6bcc41e9000008c0d5f66756e686973745f7465726d944b288c0f5f66756e686973745f76616c75657394682f68314b008594683387945294284b014b50859468398942800200006e9cee2a6c22e5bf00000000000000005988cb2023b0e0bfeb7a43dd5349dfbf8c53336af886e0bff53cae3467e0debf187a3378e69de0bf33bf1fca725fdebfe8d1368ca770e0bf9bd936aa1742dfbf6f9deddadcc5e0bfab6a5b1b0fd1debf6462942f3a46eabe00000000000000007c252b9a4bc478be000000000000000000000000000000800000000000000000000000000000008000000000000000000000000000000080000000000000000035ce8375a2b7eebf0000000000000000000000000000008000000000000000000000000000000080000000000000000000000000000000800000000000000000010000000000b4bc0000000000000000000000000000008000000000000000005100000000f821bd000000000000000072e701000414c6bd00000000000000000000000000000080000000000000000000000000000000800000000000000000fff94aa97bba39be0000000000000000a861f0d9edd2b5be0000000000000000000000000000008000000000000000000000000000000080000000000000000000000000000000800000000000000000000000000000a0bc000000000000000038218828be5527be00000000000000004f11cb61ab86a6be0000000000000000428b0480a40de1bd0000000000000000cf8c63d077f423be00000000000000001708394834c39cbe0000000000000000549a44ca84bfd1be0000000000000000b0e2298d86bc01bf000000000000000085dac67721f452bf00000000000000009b14ddfd266574bf0000000000000000108087096d0892bf000000000000000017e5299a827faabf000000000000000097caccd2b4a5d1bf000000000,00000004e70a4e29cbde0bf0000000000000000947494628c055f635f316494682f68314b008594683387945294284b014b37859468118942b801000008cb81c32207eb3f4677896b8d20ad3fee3ac3e33abaa7bf5810339f36aa96bf17c2a66de491aebfd96bccbbb8b9b0bff6c62ecbea53a0bfb93fdf0f1b2298bfc8b98f23b020b43fbc1e66c528169fbf2c1e36738df4e83fb52fa5b64d53a03f8a0bb54c4c9ba03ffc29b127d814b2bf3a60eb389548a63fd5625451af93793f1d69dc2ce0b482bf9e3795344f6dacbfd09391d1b56692bfe126dc768e69ee3f1af395ce354ca53f6953b9c0b4d8b03f0e2e6bbf8e24af3f10d4b080d1638bbf0c652b8c4721b1bfc446f1ddc80981bf7ceb986008b39bbf0ab42d63f99eef3f0744b159034c903f83ad7749d46893bf685c5735cf11683f66e460173bd293bf1bbe91625dbe90bffe332828b9b496bfe06afce822b5eb3f48dcccfc747174bfa953aa70d817af3f22398b2d88e691bfa4ea38201975823f201543058e469abfc7b3f14da288f03fd5595fcd23b8a9bf754b1c5b62a18a3f84298f3c9780b73fb16694f75496a53f3c17310322bcec3f2d34dd61a29fa0bfe64e21a77bba86bf24fa5eb55fe2a2bf8d5cc43893f1ef3f511859c2ed21a03f464bf60b2736a43fe2fefed0885fee3f1819fdaad163613f9b5f11f37aeeec3f9474946275622e,COMPLETE
101,0.5222440259416051,2026-03-24 02:14:19.647593,2026-03-24 02:15:14.535464,0 days 00:00:54.887871,0.6959717967126107,0.021197706804091478,7,85,0.8106105537898807,1100,157,2.2504536897419925e-07,0.03945987096540536,0.7427382779136831,5.0,,,,,COMPLETE
102,0.5175844939235597,2026-03-24 02:15:14.536299,2026-03-24 02:15:41.416379,0 days 00:00:26.880080,0.49683487943018145,0.030189350825056898,8,91,0.8962249444274974,900,61,0.8624132813578241,0.0004504727818942494,0.6794917706984589,5.0,,,,,COMPLETE
103,0.48232059995358717,2026-03-24 02:15:41.417307,2026-03-24 02:16:05.032015,0 days 00:00:23.614708,0.5629037244259829,0.16910930304383373,7,37,0.21247092296166184,1600,168,0.01696598899292346,0.00029562814678046987,0.6503535848981319,5.0,,,,,COMPLETE
104,0.5022242054349956,2026-03-24 02:16:05.032990,2026-03-24 02:16:34.269682,0 days 00:00:29.236692,0.4917842629926076,0.021747243950370494,9,89,1.710931061413693,1000,175,2.852956248427294e-05,0.43611778007613444,0.584171501502113,5.0,,,,,COMPLETE
105,0.5048562868269048,2026-03-24 02:16:34.270536,2026-03-24 02:16:50.202028,0 days 00:00:15.931492,0.4980289606328161,0.052302149778785646,11,78,1.4403667280688572,800,78,0.0023910074265261257,2.926795820378271e-07,0.6119975946865137,5.0,,,,,COMPLETE
106,0.5105090219071672,2026-03-24 02:16:50.202929,2026-03-24 02:17:19.989274,0 days 00:00:29.786345,0.6694794079929046,0.02516908787574217,5,66,0.9365239938484224,1300,61,3.2055698863895484e-06,0.001965678880365261,0.6621934613531097,5.0,,,,,COMPLETE
107,0.4607354564046176,2026-03-24 02:17:19.990118,2026-03-24 02:17:28.542938,0 days 00:00:08.552820,0.3525344050476372,0.1415143356447833,10,87,1.928250545804244,700,144,2.189901578484948e-06,0.0022834740222185466,0.671957263915631,5.0,,,,,COMPLETE
108,0.479124784761398,2026-03-24 02:17:28.544105,2026-03-24 02:17:38.049309,0 days 00:00:09.505204,0.4801631926029445,0.050723120964946376,8,95,0.3504631621515859,400,189,15.162811688564064,1.007504214692306,0.8075911475840643,5.0,,,,,COMPLETE
109,0.4963296352861055,2026-03-24 02:17:38.050327,2026-03-24 02:17:52.559295,0 days 00:00:14.508968,0.6698917038252474,0.04904774077668787,11,77,1.3090630077482392,300,155,1.0031869647122085e-06,0.0067166797030419195,0.5771026989568957,5.0,,,,,COMPLETE
110,0.4931601777508319,2026-03-24 02:17:52.560287,2026-03-24 02:18:11.489627,0 days 00:00:18.929340,0.650080766252473,0.03901875772512439,6,99,1.6250126213913765,1200,124,0.3386484606318201,0.011849967549879818,0.7917590306418905,6.0,800495ec0d0000000000008c0a636d6165732e5f636d61948c03434d419493942981947d94288c065f6e5f64696d944b0a8c085f706f7073697a65944b0a8c035f6d75944b058c075f6d755f656666948c166e756d70792e5f636f72652e6d756c74696172726179948c067363616c61729493948c056e756d7079948c0564747970659493948c02663894898887945294284b038c013c944e4e4e4affffffff4affffffff4b007494624308186d7201a156094094869452948c035f636394680b68114308d170f1571fe1d23f94869452948c035f633194680b68114308efd1ee33204d8f3f94869452948c045f636d7594680b681143086bbc550553a3943f94869452948c085f635f7369676d6194680b6811430824bcd1f61334d23f94869452948c085f645f7369676d6194680b68114308096fb4fd048df43f94869452948c035f636d944b018c065f6368695f6e94474008ad851f1406cd8c085f776569676874739468098c0c5f7265636f6e737472756374949394680c8c076e6461727261799493944b0085944301629487945294284b014b0a8594680e8c02663894898887945294284b0368124e4e4e4affffffff4affffffff4b00749462894350649b20309233dd3fde743acc0454d13f25864b3ffdc3c43f663951a1ddd1b53f5de5adba2f1f9a3f61fb228a96d7b5bfd8a31982dd44cebfee6bfe92b483d7bf8f47a053f8e7debf1bced94754c2e2bf947494628c085f705f7369676d6194682f68314b008594683387945294284b014b0a85946811894350f650d3d5452ce83fbfa1539e88bfd5bf32ea0baf6403f5bf14cac0934fece23f504b0782d196d43fc01f3e69202bf13f0d3e9d19c1b6f7bf263c3d16b933d73fc414192e36c7d7bfcd8478efe360de3f947494628c035f706394682f68314b008594683387945294284b014b0a85946811894350a6a0314a6403e43ff473c437d9a7d0bfe29b904a1cfdf3bf371e5cf5aebfe03fa57fabdbb454cd3fabcddee06e20ef3f7e4408d1e41df6bf8fbf9660c62cd73fa74394047531d0bf6c2d025f32fadd3f947494628c055f6d65616e94682f68314b008594683387945294284b014b0a859468398943507ee7c797122adb3f9eda8430ed67e23f5abb9fca4918de3f443a928f6720ea3fbb1f485897ecc53f74b3b1dcd5c8dd3f0dc03f7063dada3fe74dde0f6505db3f41ded5fefdd5e33f607d654d6ae0df3f947494628c065f7369676d6194680b681143087ae40e892340c93f94869452948c025f44944e8c025f42944e8c075f626f756e647394682f68314b008594683387945294284b014b0a4b02869468398943a00000000000000000000000000000f03f0000000000000000000000000000f03f0000000000000000000000000000f03f00000000000000000,00000000000f03f0000000000000000000000000000f03f0000000000000000000000000000f03f0000000000000000000000000000f03f0000000000000000000000000000f03f0000000000000000000000000000f03f0000000000000000000000000000f03f947494628c115f6e5f6d61785f726573616d706c696e67944b648c025f67944b068c095f6c725f616461707494898c065f616c70686194473ff66666666666668c0a5f626574615f6d65616e94473fb999999999999a8c0b5f626574615f5369676d6194473f9eb851eb851eb88c065f67616d6d6194473fb999999999999a8c065f456d65616e94682f68314b008594683387945294284b014b0a4b01869468398943500000000000000000000000000000000000000000000000000000000000000000000000000000000000000000000000000000000000000000000000000000000000000000000000000000000000000000947494628c075f455369676d6194682f68314b008594683387945294284b014b644b0186946839894220030000000000000000000000000000000000000000000000000000000000000000000000000000000000000000000000000000000000000000000000000000000000000000000000000000000000000000000000000000000000000000000000000000000000000000000000000000000000000000000000000000000000000000000000000000000000000000000000000000000000000000000000000000000000000000000000000000000000000000000000000000000000000000000000000000000000000000000000000000000000000000000000000000000000000000000000000000000000000000000000000000000000000000000000000000000000000000000000000000000000000000000000000000000000000000000000000000000000000000000000000000000000000000000000000000000000000000000000000000000000000000000000000000000000000000000000000000000000000000000000000000000000000000000000000000000000000000000000000000000000000000000000000000000000000000000000000000000000000000000000000000000000000000000000000000000000000000000000000000000000000000000000000000000000000000000000000000000000000000000000000000000000000000000000000000000000000000000000000000000000000000000000000000000000000000000000000000000000000000000000000000000000000000000000000000000000000000000000000000000000000000000000000000000000000000000000000000000000000000000000000000000000000000000000000000000000000000000000000000000000000000,0000000000000000000000000000000000000000000000000000000000000000000000000000000000000000000000000000000000000000000000000000000000000000000000000000000000000000000000000000000000000000000000000000000000000000000000000000000000000000000000000000000000000000000000000000000000000000000000000000000000000000000000000000000000000000000000000000947494628c065f566d65616e944700000000000000008c075f565369676d61944700000000000000008c095f6574615f6d65616e94473ff00000000000008c0a5f6574615f5369676d6194473ff00000000000008c055f746f6c7894473d551c51ce3718e18c075f746f6c787570944740c38800000000008c075f746f6c66756e94473d719799812dea118c105f746f6c636f6e646974696f6e636f76944742d6bcc41e9000008c0d5f66756e686973745f7465726d944b288c0f5f66756e686973745f76616c75657394682f68314b008594683387945294284b014b50859468398942800200006e9cee2a6c22e5bf00000000000000005988cb2023b0e0bfeb7a43dd5349dfbf8c53336af886e0bff53cae3467e0debf187a3378e69de0bf33bf1fca725fdebfe8d1368ca770e0bf9bd936aa1742dfbf6f9deddadcc5e0bfab6a5b1b0fd1debf116b7e1a39b6e0bfcd635791b07cddbf7c252b9a4bc478be000000000000000000000000000000800000000000000000000000000000008000000000000000000000000000000080000000000000000035ce8375a2b7eebf0000000000000000000000000000008000000000000000000000000000000080000000000000000000000000000000800000000000000000010000000000b4bc0000000000000000000000000000008000000000000000005100000000f821bd000000000000000072e701000414c6bd00000000000000000000000000000080000000000000000000000000000000800000000000000000fff94aa97bba39be0000000000000000a861f0d9edd2b5be0000000000000000000000000000008000000000000000000000000000000080000000000000000000000000000000800000000000000000000000000000a0bc000000000000000038218828be5527be00000000000000004f11cb61ab86a6be0000000000000000428b0480a40de1bd0000000000000000cf8c63d077f423be00000000000000001708394834c39cbe0000000000000000549a44ca84bfd1be0000000000000000b0e2298d86bc01bf000000000000000085dac67721f452bf00000000000000009b14ddfd266574bf0000000000000000108087096d0892bf000000000000000017e5299a827faabf000000000000000097caccd2b4a5d1bf000000000,00000004e70a4e29cbde0bf0000000000000000947494628c055f635f316494682f68314b008594683387945294284b014b37859468118942b8010000e1af88ad906cea3fa58f457b3869b23f03f84e85e972afbfece1fefaed1b74bf265301c02c6d9fbfce2dd51c9b51acbff8582e1b3556a2bfc2444aebbdf9a7bf11189de47bfeb53f62d0a2881ab991bf446fa2f7452ce83f0a99f138e3e7a33f96a1a43e65d4a33f830a4dfd199fb7bfa3da68c4a3a8a03ffcb6d4b54aaf803f4c21535fb89f653f9e0bdf7ccb9faabf85d26f0b68a492bf82e675fd5e29ef3feddefe04f015973f30ad03aacf46a33f9b634659f59ea83fa82d74a95977973ff49241134b68a0bf2901a6b2a77e80bf346da9a1b93c9cbf39ef2f90e5d3ee3fdd9134bf93e7813faeae8ca7ceac913fbd15768d801483bfa0366126c2e187bf58d6f632800ca1bf9cd1c23aafe399bf94db083765a3ea3f1cb3ffbcd6ef913f266385789105a93f74984f1e914e923f619c87c308d4753f7bcbce8e5d5487bf3613c6dfb028f03f1be7e1df6c28b2bfc00ee8e1de18683ff665bfa147f8bb3f820906790fc8aa3fce8c2aa42b0bee3fbf845f99a770b3bf192e3c36011b82bf94ec17b7abf4a6bf4c83db54ccd9ee3f68602ea5096a64bf7833ed1ba47c7b3f8261195de306ee3f18f1977eccbd67bfd1c398723297ec3f9474946275622e,COMPLETE
111,0.4916948790352053,2026-03-24 02:18:11.490477,2026-03-24 02:18:30.856207,0 days 00:00:19.365730,0.5604890128071937,0.023399277513722644,8,87,2.550896511953317,1000,153,3.7411676993395234e-05,0.0002392698952629282,0.8135663653757571,6.0,,,,,COMPLETE
112,0.492017087402701,2026-03-24 02:18:30.857176,2026-03-24 02:18:47.328945,0 days 00:00:16.471769,0.7143685041043856,0.08623907706544248,10,97,1.5018258586533215,1100,133,4.553240079567876e-06,0.0018482373147796455,0.8498989943864663,6.0,,,,,COMPLETE
113,0.5017526849786569,2026-03-24 02:18:47.330408,2026-03-24 02:19:13.480522,0 days 00:00:26.150114,0.44923996620205164,0.02625536883276967,9,82,1.6270416259786136,600,123,2.033708812816829e-06,0.0003716775709699919,0.7059417618152164,6.0,,,,,COMPLETE
114,0.49195111489839743,2026-03-24 02:19:13.481575,2026-03-24 02:20:35.780866,0 days 00:01:22.299291,0.7435705813237912,0.006614889323033921,5,74,0.8521913539149795,1100,107,0.013731205793394787,19.723419720187593,0.7961016527685336,6.0,,,,,COMPLETE
115,0.5164294476299424,2026-03-24 02:20:35.781841,2026-03-24 02:21:04.531719,0 days 00:00:28.749878,0.5088610365800734,0.048040962466491074,5,89,0.6261581876978778,1100,124,0.0009685540771835501,4.5043817634836575e-05,0.6911224284352792,6.0,,,,,COMPLETE
116,0.511413114724731,2026-03-24 02:21:04.532787,2026-03-24 02:21:41.665486,0 days 00:00:37.132699,0.6413155125492802,0.020285367783048857,6,81,1.3553034792616074,1000,100,0.0001288350901509797,0.03192155208922918,0.7373249804149777,6.0,,,,,COMPLETE
117,0.47326541760267754,2026-03-24 02:21:41.666505,2026-03-24 02:22:51.898651,0 days 00:01:10.232146,0.46724989174706943,0.003259716769707494,9,81,1.6876914716818985,600,73,8.772773667728505e-06,0.0021180169377241747,0.6135694442707739,6.0,,,,,COMPLETE
118,0.49938580417288575,2026-03-24 02:22:51.899509,2026-03-24 02:23:21.613703,0 days 00:00:29.714194,0.3711243554155888,0.01944182034401721,7,88,1.9378404134192297,700,110,0.00490780442976684,0.0002032438984399321,0.6480600428824456,6.0,,,,,COMPLETE
119,0.47156842887205336,2026-03-24 02:23:21.614833,2026-03-24 02:23:36.212342,0 days 00:00:14.597509,0.826932222561414,0.05201700488224088,8,68,2.0952404379289593,800,84,0.004002741302587565,5.986321840644174e-05,0.670524720973575,6.0,,,,,COMPLETE
