number,value,datetime_start,datetime_complete,duration,params_colsample_bylevel,params_colsample_bytree,params_gamma,params_learning_rate,params_max_depth,params_min_child_weight,params_n_estimators,params_reg_alpha,params_reg_lambda,params_subsample,system_attrs_cma:generation,system_attrs_cma:optimizer:0,system_attrs_cma:optimizer:1,system_attrs_cma:optimizer:2,system_attrs_cma:optimizer:3,state
180,0.5178976156236542,2026-03-24 04:03:30.424628,2026-03-24 04:04:07.817335,0 days 00:00:37.392707,0.7628250746391261,0.9300459063557505,3.643781852366393,0.047150990394764156,10,5,1300,0.027736045495368122,0.037014298815178426,0.6536087243691423,13.0,800495ec0d0000000000008c0a636d6165732e5f636d61948c03434d419493942981947d94288c065f6e5f64696d944b0a8c085f706f7073697a65944b0a8c035f6d75944b058c075f6d755f656666948c166e756d70792e5f636f72652e6d756c74696172726179948c067363616c61729493948c056e756d7079948c0564747970659493948c02663894898887945294284b038c013c944e4e4e4affffffff4affffffff4b007494624308186d7201a156094094869452948c035f636394680b68114308d170f1571fe1d23f94869452948c035f633194680b68114308efd1ee33204d8f3f94869452948c045f636d7594680b681143086bbc550553a3943f94869452948c085f635f7369676d6194680b6811430824bcd1f61334d23f94869452948c085f645f7369676d6194680b68114308096fb4fd048df43f94869452948c035f636d944b018c065f6368695f6e94474008ad851f1406cd8c085f776569676874739468098c0c5f7265636f6e737472756374949394680c8c076e6461727261799493944b0085944301629487945294284b014b0a8594680e8c02663894898887945294284b0368124e4e4e4affffffff4affffffff4b00749462894350649b20309233dd3fde743acc0454d13f25864b3ffdc3c43f663951a1ddd1b53f5de5adba2f1f9a3f61fb228a96d7b5bfd8a31982dd44cebfee6bfe92b483d7bf8f47a053f8e7debf1bced94754c2e2bf947494628c085f705f7369676d6194682f68314b008594683387945294284b014b0a859468118943502ac501bf584cbe3f0cf4935b462ef13f487ca95b22b5ca3f934e4d80a265e13f7ca300716718e83f1777ce13be55e4bf15dd82d3f429ef3fb2870b10bf7fe43f061789b977fdd03fb8c03455dcb0d4bf947494628c035f706394682f68314b008594683387945294284b014b0a85946811894350044ed17445839d3f9ae324757d36e93fda1ad00d12a4d33fdf55e556e44bd83fe0a826c311a0e53fb125f7e5583ee1bf0e68af8b089fef3fd84cd2153170e43fd58c410b482bd73fc60cda0c5f25cfbf947494628c055f6d65616e94682f68314b008594683387945294284b014b0a8594683989435004eaa3a43f59e33f2ab2e0c2ab8fe93f14bc3805c12bd13f15c52b822324e23fe408a1e8198ceb3faa22b130d8b2c43fc74a233e054be53fa69629007ddee43f46fa61508ee3e43f782881c24958d43f947494628c065f7369676d6194680b6811430860d47fcb99aec13f94869452948c025f44944e8c025f42944e8c075f626f756e647394682f68314b008594683387945294284b014b0a4b02869468398943a00000000000000000000000000000f03f0000000000000000000000000000f03f0000000000000000000000000000f03f00000000000000000,00000000000f03f0000000000000000000000000000f03f0000000000000000000000000000f03f0000000000000000000000000000f03f0000000000000000000000000000f03f0000000000000000000000000000f03f0000000000000000000000000000f03f947494628c115f6e5f6d61785f726573616d706c696e67944b648c025f67944b0d8c095f6c725f616461707494898c065f616c70686194473ff66666666666668c0a5f626574615f6d65616e94473fb999999999999a8c0b5f626574615f5369676d6194473f9eb851eb851eb88c065f67616d6d6194473fb999999999999a8c065f456d65616e94682f68314b008594683387945294284b014b0a4b01869468398943500000000000000000000000000000000000000000000000000000000000000000000000000000000000000000000000000000000000000000000000000000000000000000000000000000000000000000947494628c075f455369676d6194682f68314b008594683387945294284b014b644b0186946839894220030000000000000000000000000000000000000000000000000000000000000000000000000000000000000000000000000000000000000000000000000000000000000000000000000000000000000000000000000000000000000000000000000000000000000000000000000000000000000000000000000000000000000000000000000000000000000000000000000000000000000000000000000000000000000000000000000000000000000000000000000000000000000000000000000000000000000000000000000000000000000000000000000000000000000000000000000000000000000000000000000000000000000000000000000000000000000000000000000000000000000000000000000000000000000000000000000000000000000000000000000000000000000000000000000000000000000000000000000000000000000000000000000000000000000000000000000000000000000000000000000000000000000000000000000000000000000000000000000000000000000000000000000000000000000000000000000000000000000000000000000000000000000000000000000000000000000000000000000000000000000000000000000000000000000000000000000000000000000000000000000000000000000000000000000000000000000000000000000000000000000000000000000000000000000000000000000000000000000000000000000000000000000000000000000000000000000000000000000000000000000000000000000000000000000000000000000000000000000000000000000000000000000000000000000000000000000000000000000000000000000000,0000000000000000000000000000000000000000000000000000000000000000000000000000000000000000000000000000000000000000000000000000000000000000000000000000000000000000000000000000000000000000000000000000000000000000000000000000000000000000000000000000000000000000000000000000000000000000000000000000000000000000000000000000000000000000000000000000947494628c065f566d65616e944700000000000000008c075f565369676d61944700000000000000008c095f6574615f6d65616e94473ff00000000000008c0a5f6574615f5369676d6194473ff00000000000008c055f746f6c7894473d551c51ce3718e18c075f746f6c787570944740c38800000000008c075f746f6c66756e94473d719799812dea118c105f746f6c636f6e646974696f6e636f76944742d6bcc41e9000008c0d5f66756e686973745f7465726d944b288c0f5f66756e686973745f76616c75657394682f68314b008594683387945294284b014b50859468398942800200009acbc82d88130dc00000000000000000dd066de796cde0bf4376631d31d5ddbfbcaa7c4337b4e0bf83fe5bbf618bdfbfd29c8660328ae0bf8d41c814ebc9ddbf6f752b24a7d6e0bf312601c25a0ddfbf60b72c3426ade0bf98ca001eab79debf0741eadd29d0e0bfb007aae77b66dfbf3508177eb99ce0bffc4a7a4fcfeddebf1b6006d09b9be0bf484e1ad9e5b5dfbf6dcb49c4e1bfe0bf13c9f25069a6dfbfc8c714d32e4fe1bf6d56f4e46068dfbf3fab26b23fdfe0bfa5786ad8d9dfdfbf81aff62228d4e0bf849378879843e0bf57645189e297e0bfd577bda7096fdfbfdcf6980ce29e0fc0000000000000000078287ed049850fc00000000000000000102ecf06d0700fc00000000000000000ac74915de894ffbf0000000000000000db421f74682d00c000000000000000005eb69ee7996601c000000000000000002ed3485819520fc0000000000000000064b7ece4229e00c00000000000000000937623629e4600c0000000000000000078287ed049850fc00000000000000000dcf6980ce29e0fc000000000000000000cd3968b52f001c000000000000000004bb986781dbb01c00000000000000000b4de8388d35104c00000000000000000380f6564f82304c00000000000000000b6610ae6f22704c000000000000000001ac2ea13218d07c00000000000000000879d335cabea0bc00000000000000000be7da654e10310c00000000000000000153324dd271413c000000000000000006c59a773e7d515c00000000000000000d88800f6d06a17c00000000000000000b0a9f84bc35d21c0000000000000000052f128721be623c000000000000000005e082692a87128c0000000000,000000008f906ea22b82bc00000000000000000947494628c055f635f316494682f68314b008594683387945294284b014b37859468118942b8010000263fb3346c39ec3fcd37a2b06a71933faf8fa8b3612aab3fea48113d10c6a3bf875ba7820372b0bf70a653323e0798bf6e83308311c68f3fe49a038c274bbfbf527c407960f99e3f99d4a45d3281953f2644ea6a6fe8e83f7a085b891f79a13f287156e9742ea13f85cc528f4b94a43f46b7cf418c2a9dbf11cfce3d6b8ba2bf1f3d913bd872b6bfc8e8403a1cbeb0bffc0a1de92a019cbf001bf52014dde83fabf237ddebaeaf3f800e06d77c0b983f901e0a7c5970c0bf20a12391a68f8bbfe889b79c11ea873f896b2d90dc80c0bff1cd5f2ec111abbfcb0191ec76d2e33f8c4c95db2f82a73f6c0b4b4f2a51a7bf44ba7c05e7b15abfb3f3ef942816c1bfe9a37254b9adb13f384d932b81949f3f7472acbc619eee3f43442e335d87bdbf2c35b862ef84903fa72aa83583af86bf4efc32b4927993bfc1a39b3e8750943fa39a0e195e78ed3f9276cafbea0db53f52df99566a10b03fd0f5ae1e4777b0bfbef4ebbc7f36953fc91dcb1cc0fdeb3fec135a70d137c13fbc4f90d9f4fec73fe8f2d8a6c0d6b03f88361c21feafea3f0473081616dfba3f67caa147de8ca33f6529b773b598f13fb0d7c937b30ac03f327320257076e93f9474946275622e,COMPLETE
181,0.5115224708618723,2026-03-24 04:04:07.818207,2026-03-24 04:05:16.711859,0 days 00:01:08.893652,0.7347641360873519,0.6785301456159176,0.8204525596839668,0.07273148891208561,11,4,1900,1.437722261620586,0.19086848209878648,0.6360589578691656,13.0,,,,,COMPLETE
182,0.5158089160545246,2026-03-24 04:05:16.712898,2026-03-24 04:06:33.112250,0 days 00:01:16.399352,0.8129560616785505,0.866771496070442,1.4404833253398075,0.04072509780193249,12,4,1700,0.005472080842624626,0.07587305440189641,0.5332245273941304,13.0,,,,,COMPLETE
183,0.5103763590368466,2026-03-24 04:06:33.113195,2026-03-24 04:07:20.434882,0 days 00:00:47.321687,0.8219920393400877,0.8716012682523122,3.0590301074026396,0.04237229445314216,12,6,2000,0.0002776683205046691,9.270856795539812,0.798108775427227,13.0,,,,,COMPLETE
184,0.5070047938694834,2026-03-24 04:07:20.435841,2026-03-24 04:07:53.716799,0 days 00:00:33.280958,0.7446094595491166,0.9235168924108415,3.5357277164318788,0.028244301371619727,10,1,1300,0.12802155981584448,0.00012698362753200615,0.681910984340897,13.0,,,,,COMPLETE
185,0.5270994683856162,2026-03-24 04:07:53.718582,2026-03-24 04:08:39.236464,0 days 00:00:45.517882,0.6889770040806472,0.7977812248471463,3.174107078154753,0.02377739961201324,10,3,1500,0.14413780745557517,0.06210075215413216,0.5083144603066535,13.0,,,,,COMPLETE
186,0.5216669762516415,2026-03-24 04:08:39.237379,2026-03-24 04:11:34.123723,0 days 00:02:54.886344,0.8238448186448311,0.822262988367811,1.8314329061095536,0.013486418265772975,12,4,1800,0.542088926885276,0.009211571022603898,0.7079367847959335,13.0,,,,,COMPLETE
187,0.5059722426252352,2026-03-24 04:11:34.124420,2026-03-24 04:13:50.864180,0 days 00:02:16.739760,0.6934587999496766,0.9144480365746017,1.7148746656526803,0.0369845415463117,12,6,1400,0.015451470932880476,0.031171309974190896,0.6514896151739304,13.0,,,,,COMPLETE
188,0.5233358460373047,2026-03-24 04:13:50.865133,2026-03-24 04:16:20.694646,0 days 00:02:29.829513,0.8503038685084816,0.8411749252486853,1.7024293612265198,0.0191885704263513,9,7,1100,4.0962740762127465e-05,0.0010008596319850554,0.612010503926758,13.0,,,,,COMPLETE
189,0.5121588820773023,2026-03-24 04:16:20.695540,2026-03-24 04:17:19.730902,0 days 00:00:59.035362,0.6817334797036047,0.7955259945026436,4.006318918289224,0.015680342863528485,9,1,1500,0.005643529054359715,0.13949904074460298,0.6594438356171736,13.0,,,,,COMPLETE
190,0.514642056687269,2026-03-24 04:17:19.731768,2026-03-24 04:19:21.953419,0 days 00:02:02.221651,0.801482916515398,0.7358969693090696,2.666737690971377,0.008493219845706002,8,4,1000,0.06233877935126755,0.0002513767783359548,0.4736194575094884,14.0,800495ec0d0000000000008c0a636d6165732e5f636d61948c03434d419493942981947d94288c065f6e5f64696d944b0a8c085f706f7073697a65944b0a8c035f6d75944b058c075f6d755f656666948c166e756d70792e5f636f72652e6d756c74696172726179948c067363616c61729493948c056e756d7079948c0564747970659493948c02663894898887945294284b038c013c944e4e4e4affffffff4affffffff4b007494624308186d7201a156094094869452948c035f636394680b68114308d170f1571fe1d23f94869452948c035f633194680b68114308efd1ee33204d8f3f94869452948c045f636d7594680b681143086bbc550553a3943f94869452948c085f635f7369676d6194680b6811430824bcd1f61334d23f94869452948c085f645f7369676d6194680b68114308096fb4fd048df43f94869452948c035f636d944b018c065f6368695f6e94474008ad851f1406cd8c085f776569676874739468098c0c5f7265636f6e737472756374949394680c8c076e6461727261799493944b0085944301629487945294284b014b0a8594680e8c02663894898887945294284b0368124e4e4e4affffffff4affffffff4b00749462894350649b20309233dd3fde743acc0454d13f25864b3ffdc3c43f663951a1ddd1b53f5de5adba2f1f9a3f61fb228a96d7b5bfd8a31982dd44cebfee6bfe92b483d7bf8f47a053f8e7debf1bced94754c2e2bf947494628c085f705f7369676d6194682f68314b008594683387945294284b014b0a859468118943501af3f60bce30e43fe5fdc9e8ae95d43f7e4f40410c1da73f075449f3ed7bc73f46ba4b01cc31d5bf70515c83be25c7bfb48dae975a07e23f5bbb22865400e33fb8e7508f72d4d03fbe2d9c4bc807d9bf947494628c035f706394682f68314b008594683387945294284b014b0a859468118943507acb3744d8aae13f4c7c8ac7d19bc03fa6bb75059623b93ff4b62daffdefa33f4a994d656734dcbfa05b0821d320adbfc54d44a41828e33f44a722da2a76e23ff24b2438bbaad53fd60c94e3b6b0d3bf947494628c055f6d65616e94682f68314b008594683387945294284b014b0a85946839894350063e00b30c36e53ffe699361f711e83f90c65829de57d03f4092c4001557e13f4c8aeb1ecb55e83f8e4eb08f4b39c93f45cb76a922f3e43fdea3d75e0850e53fea679cdf422ee53f9dfb04f73564d33f947494628c065f7369676d6194680b68114308ab0920261902bf3f94869452948c025f44944e8c025f42944e8c075f626f756e647394682f68314b008594683387945294284b014b0a4b02869468398943a00000000000000000000000000000f03f0000000000000000000000000000f03f0000000000000000000000000000f03f00000000000000000,00000000000f03f0000000000000000000000000000f03f0000000000000000000000000000f03f0000000000000000000000000000f03f0000000000000000000000000000f03f0000000000000000000000000000f03f0000000000000000000000000000f03f947494628c115f6e5f6d61785f726573616d706c696e67944b648c025f67944b0e8c095f6c725f616461707494898c065f616c70686194473ff66666666666668c0a5f626574615f6d65616e94473fb999999999999a8c0b5f626574615f5369676d6194473f9eb851eb851eb88c065f67616d6d6194473fb999999999999a8c065f456d65616e94682f68314b008594683387945294284b014b0a4b01869468398943500000000000000000000000000000000000000000000000000000000000000000000000000000000000000000000000000000000000000000000000000000000000000000000000000000000000000000947494628c075f455369676d6194682f68314b008594683387945294284b014b644b0186946839894220030000000000000000000000000000000000000000000000000000000000000000000000000000000000000000000000000000000000000000000000000000000000000000000000000000000000000000000000000000000000000000000000000000000000000000000000000000000000000000000000000000000000000000000000000000000000000000000000000000000000000000000000000000000000000000000000000000000000000000000000000000000000000000000000000000000000000000000000000000000000000000000000000000000000000000000000000000000000000000000000000000000000000000000000000000000000000000000000000000000000000000000000000000000000000000000000000000000000000000000000000000000000000000000000000000000000000000000000000000000000000000000000000000000000000000000000000000000000000000000000000000000000000000000000000000000000000000000000000000000000000000000000000000000000000000000000000000000000000000000000000000000000000000000000000000000000000000000000000000000000000000000000000000000000000000000000000000000000000000000000000000000000000000000000000000000000000000000000000000000000000000000000000000000000000000000000000000000000000000000000000000000000000000000000000000000000000000000000000000000000000000000000000000000000000000000000000000000000000000000000000000000000000000000000000000000000000000000000000000000000000000,0000000000000000000000000000000000000000000000000000000000000000000000000000000000000000000000000000000000000000000000000000000000000000000000000000000000000000000000000000000000000000000000000000000000000000000000000000000000000000000000000000000000000000000000000000000000000000000000000000000000000000000000000000000000000000000000000000947494628c065f566d65616e944700000000000000008c075f565369676d61944700000000000000008c095f6574615f6d65616e94473ff00000000000008c0a5f6574615f5369676d6194473ff00000000000008c055f746f6c7894473d551c51ce3718e18c075f746f6c787570944740c38800000000008c075f746f6c66756e94473d719799812dea118c105f746f6c636f6e646974696f6e636f76944742d6bcc41e9000008c0d5f66756e686973745f7465726d944b288c0f5f66756e686973745f76616c75657394682f68314b008594683387945294284b014b50859468398942800200009acbc82d88130dc00000000000000000dd066de796cde0bf4376631d31d5ddbfbcaa7c4337b4e0bf83fe5bbf618bdfbfd29c8660328ae0bf8d41c814ebc9ddbf6f752b24a7d6e0bf312601c25a0ddfbf60b72c3426ade0bf98ca001eab79debf0741eadd29d0e0bfb007aae77b66dfbf3508177eb99ce0bffc4a7a4fcfeddebf1b6006d09b9be0bf484e1ad9e5b5dfbf6dcb49c4e1bfe0bf13c9f25069a6dfbfc8c714d32e4fe1bf6d56f4e46068dfbf3fab26b23fdfe0bfa5786ad8d9dfdfbf81aff62228d4e0bf849378879843e0bf57645189e297e0bfd577bda7096fdfbf0f914eb4ffdde0bf0f4b58b3ec30e0bf78287ed049850fc00000000000000000102ecf06d0700fc00000000000000000ac74915de894ffbf0000000000000000db421f74682d00c000000000000000005eb69ee7996601c000000000000000002ed3485819520fc0000000000000000064b7ece4229e00c00000000000000000937623629e4600c0000000000000000078287ed049850fc00000000000000000dcf6980ce29e0fc000000000000000000cd3968b52f001c000000000000000004bb986781dbb01c00000000000000000b4de8388d35104c00000000000000000380f6564f82304c00000000000000000b6610ae6f22704c000000000000000001ac2ea13218d07c00000000000000000879d335cabea0bc00000000000000000be7da654e10310c00000000000000000153324dd271413c000000000000000006c59a773e7d515c00000000000000000d88800f6d06a17c00000000000000000b0a9f84bc35d21c0000000000000000052f128721be623c000000000000000005e082692a87128c0000000000,000000008f906ea22b82bc00000000000000000947494628c055f635f316494682f68314b008594683387945294284b014b37859468118942b8010000ef16864e2999ec3fa639e19d13b3983fdc56e0334cf6a23f4a5dc9c80002a5bf704077302eb8b1bfb8e452c2e4a17bbfc0ad5cd5eb6d773fe61a4edf562fc0bfe25e0b27de87993fdb9a30df2eb5993ff56854864a3de83f907e7fd6c26ba33ff4e07f99e969a03f375574d1018ea13f79df3b62ca5ea3bf786eb44ada2895bf70e85212abfbb6bf9e86b0cf9641adbf797195f217d4a5bf36a0b6b5712ee83f80f3a2448dd2b43fc8e8dcf1959fa73fdefe1db36a2cbbbfb9ece233681a7cbfac78faa862db993f76bb5cabb1efbabf114722829105aabf6a050f781278e33fecc1aa442592a13fc8df06cd3c05b0bfb7b4f4246c8b85bfb926c2486bd6c1bfc13e56770104af3f18a7c07b80677f3f58c7b3e51588ee3f752b0b95a7c6c3bfdcee1c9f26f1953f0825c9d52282713f1ae29fca926ea5bfb7459a2b7f72933f7dc36c37478bec3f4fb194356196b03f86beb61e3840ad3fc52ee1a4c804babfe0cd74861f6b873fb34d105e31c1eb3fd8043438e0a5c53f36faa8668a69c53f3d827f212277ab3fac25e6608e3aeb3ff0525028abcfc13f016aee7a4e469d3f0af3e604b6eef03fa49372c53cc4ba3f880e69016149e83f9474946275622e,COMPLETE
191,0.5272807542840372,2026-03-24 04:19:21.954258,2026-03-24 04:20:55.195040,0 days 00:01:33.240782,0.7450684919265644,0.7506582667700643,4.103140652993,0.021982282203416095,8,2,1100,0.003708188832634013,0.00048513108593650783,0.43251696248315175,14.0,,,,,COMPLETE
192,0.5092264010951053,2026-03-24 04:20:55.195881,2026-03-24 04:23:30.645779,0 days 00:02:35.449898,0.8568801043571119,0.8460980013052701,3.0865532291573428,0.017636666570369885,11,7,1600,0.4072950881129649,0.09996496941625618,0.516524991439196,14.0,,,,,COMPLETE
193,0.5144320556459722,2026-03-24 04:23:30.646766,2026-03-24 04:25:51.250863,0 days 00:02:20.604097,0.7447443169983606,0.7094512774420144,2.8361646529899693,0.02032394464958377,10,3,1600,0.016682961085539953,0.007566471537492127,0.5800844900320208,14.0,,,,,COMPLETE
194,0.5161533148684923,2026-03-24 04:25:51.251955,2026-03-24 04:27:19.973680,0 days 00:01:28.721725,0.7628743362238083,0.8444683882326876,3.3310697594489493,0.023259732994093507,8,7,900,0.0001201824536247496,0.0017320840894810955,0.5688220969341015,14.0,,,,,COMPLETE
195,0.5197498481895664,2026-03-24 04:27:19.974424,2026-03-24 04:31:41.446984,0 days 00:04:21.472560,0.8637426931007663,0.7955966465533124,0.08052694487005935,0.013322623815507402,10,3,1200,0.01971712139898735,0.019550491989720184,0.6395411181651238,14.0,,,,,COMPLETE
196,0.5108822702686222,2026-03-24 04:31:41.447764,2026-03-24 04:33:36.838703,0 days 00:01:55.390939,0.67055583937323,0.7730599264698097,2.5854753101462054,0.029605511174160905,10,3,1500,0.38570287110648194,0.08411747208795724,0.6409933940148155,14.0,,,,,COMPLETE
197,0.5054652796325453,2026-03-24 04:33:36.839652,2026-03-24 04:36:03.002707,0 days 00:02:26.163055,0.716476059576691,0.9814456447099764,2.1983602272208773,0.028941221023410384,11,6,1300,0.0009159204296666781,0.18141484476658606,0.5045707330295452,14.0,,,,,COMPLETE
198,0.5131105425563017,2026-03-24 04:36:03.003730,2026-03-24 04:39:56.583013,0 days 00:03:53.579283,0.7816233496458023,0.8253144470997578,0.627881757853638,0.018204167368906378,8,6,1500,0.00876009112884614,0.05518490259114828,0.5398085947570935,14.0,,,,,COMPLETE
199,0.5199319735840877,2026-03-24 04:39:56.584091,2026-03-24 04:40:44.792387,0 days 00:00:48.208296,0.9135107986015212,0.8672299100937695,2.573639681845567,0.04316859106184603,9,7,1500,0.0022668519925638417,0.05168501136391798,0.5767232020090272,14.0,,,,,COMPLETE
