number,value,datetime_start,datetime_complete,duration,params_colsample_bylevel,params_colsample_bytree,params_gamma,params_learning_rate,params_max_depth,params_min_child_weight,params_n_estimators,params_reg_alpha,params_reg_lambda,params_subsample,system_attrs_cma:generation,system_attrs_cma:optimizer:0,system_attrs_cma:optimizer:1,system_attrs_cma:optimizer:2,system_attrs_cma:optimizer:3,state
140,0.5228659985381287,2026-03-24 03:15:20.834774,2026-03-24 03:17:01.474853,0 days 00:01:40.640079,0.7748207258543816,0.795873669164517,1.7078184219876236,0.01228458908568738,11,7,1600,0.07228147877597638,7.310341338192896,0.6098740188112379,9.0,800495ec0d0000000000008c0a636d6165732e5f636d61948c03434d419493942981947d94288c065f6e5f64696d944b0a8c085f706f7073697a65944b0a8c035f6d75944b058c075f6d755f656666948c166e756d70792e5f636f72652e6d756c74696172726179948c067363616c61729493948c056e756d7079948c0564747970659493948c02663894898887945294284b038c013c944e4e4e4affffffff4affffffff4b007494624308186d7201a156094094869452948c035f636394680b68114308d170f1571fe1d23f94869452948c035f633194680b68114308efd1ee33204d8f3f94869452948c045f636d7594680b681143086bbc550553a3943f94869452948c085f635f7369676d6194680b6811430824bcd1f61334d23f94869452948c085f645f7369676d6194680b68114308096fb4fd048df43f94869452948c035f636d944b018c065f6368695f6e94474008ad851f1406cd8c085f776569676874739468098c0c5f7265636f6e737472756374949394680c8c076e6461727261799493944b0085944301629487945294284b014b0a8594680e8c02663894898887945294284b0368124e4e4e4affffffff4affffffff4b00749462894350649b20309233dd3fde743acc0454d13f25864b3ffdc3c43f663951a1ddd1b53f5de5adba2f1f9a3f61fb228a96d7b5bfd8a31982dd44cebfee6bfe92b483d7bf8f47a053f8e7debf1bced94754c2e2bf947494628c085f705f7369676d6194682f68314b008594683387945294284b014b0a8594681189435093065f2a567eea3f09051d0a13afed3f10fbc546fd31e0bf60215bafd5fddcbf00d56b4620aef63f920fec7914eeb6bff86a87f551beb1bfd0e64bee29b9bdbf4cdf160b7215f63f274f52e60845e83f947494628c035f706394682f68314b008594683387945294284b014b0a8594681189435042314fc25b33e83fc0502ff648f3e53f18199ae5c81bdfbf519c56055700d6bf30c99e079aedf43f30edea7bb50bc3bfc0415425614b82bf3a3f4470bbc3c3bfed712979b050f43f22f825e28668e53f947494628c055f6d65616e94682f68314b008594683387945294284b014b0a85946839894350ad90035d1a46e43fbd433dee43a9e53fc11da90ed2dac03f66ca99176932df3f90aafec9b2f2e83ff48b4d3de3d7d53fb6222e6bdb0ae53f1bae2a6131bee43fa2f060517c46e83ffd9c5a3e3ceedc3f947494628c065f7369676d6194680b68114308c825f5e65ecfc53f94869452948c025f44944e8c025f42944e8c075f626f756e647394682f68314b008594683387945294284b014b0a4b02869468398943a00000000000000000000000000000f03f0000000000000000000000000000f03f0000000000000000000000000000f03f00000000000000000,00000000000f03f0000000000000000000000000000f03f0000000000000000000000000000f03f0000000000000000000000000000f03f0000000000000000000000000000f03f0000000000000000000000000000f03f0000000000000000000000000000f03f947494628c115f6e5f6d61785f726573616d706c696e67944b648c025f67944b098c095f6c725f616461707494898c065f616c70686194473ff66666666666668c0a5f626574615f6d65616e94473fb999999999999a8c0b5f626574615f5369676d6194473f9eb851eb851eb88c065f67616d6d6194473fb999999999999a8c065f456d65616e94682f68314b008594683387945294284b014b0a4b01869468398943500000000000000000000000000000000000000000000000000000000000000000000000000000000000000000000000000000000000000000000000000000000000000000000000000000000000000000947494628c075f455369676d6194682f68314b008594683387945294284b014b644b0186946839894220030000000000000000000000000000000000000000000000000000000000000000000000000000000000000000000000000000000000000000000000000000000000000000000000000000000000000000000000000000000000000000000000000000000000000000000000000000000000000000000000000000000000000000000000000000000000000000000000000000000000000000000000000000000000000000000000000000000000000000000000000000000000000000000000000000000000000000000000000000000000000000000000000000000000000000000000000000000000000000000000000000000000000000000000000000000000000000000000000000000000000000000000000000000000000000000000000000000000000000000000000000000000000000000000000000000000000000000000000000000000000000000000000000000000000000000000000000000000000000000000000000000000000000000000000000000000000000000000000000000000000000000000000000000000000000000000000000000000000000000000000000000000000000000000000000000000000000000000000000000000000000000000000000000000000000000000000000000000000000000000000000000000000000000000000000000000000000000000000000000000000000000000000000000000000000000000000000000000000000000000000000000000000000000000000000000000000000000000000000000000000000000000000000000000000000000000000000000000000000000000000000000000000000000000000000000000000000000000000000000000000000,0000000000000000000000000000000000000000000000000000000000000000000000000000000000000000000000000000000000000000000000000000000000000000000000000000000000000000000000000000000000000000000000000000000000000000000000000000000000000000000000000000000000000000000000000000000000000000000000000000000000000000000000000000000000000000000000000000947494628c065f566d65616e944700000000000000008c075f565369676d61944700000000000000008c095f6574615f6d65616e94473ff00000000000008c0a5f6574615f5369676d6194473ff00000000000008c055f746f6c7894473d551c51ce3718e18c075f746f6c787570944740c38800000000008c075f746f6c66756e94473d719799812dea118c105f746f6c636f6e646974696f6e636f76944742d6bcc41e9000008c0d5f66756e686973745f7465726d944b288c0f5f66756e686973745f76616c75657394682f68314b008594683387945294284b014b50859468398942800200009acbc82d88130dc00000000000000000dd066de796cde0bf4376631d31d5ddbfbcaa7c4337b4e0bf83fe5bbf618bdfbfd29c8660328ae0bf8d41c814ebc9ddbf6f752b24a7d6e0bf312601c25a0ddfbf60b72c3426ade0bf98ca001eab79debf0741eadd29d0e0bfb007aae77b66dfbf3508177eb99ce0bffc4a7a4fcfeddebf1b6006d09b9be0bf484e1ad9e5b5dfbf6dcb49c4e1bfe0bf13c9f25069a6dfbff27bb8b7300510c00000000000000000a87b6b3ea0b901c00000000000000000ec4b12dc6de10fc00000000000000000a1a71fbb98bd0fc00000000000000000dcf6980ce29e0fc0000000000000000078287ed049850fc00000000000000000102ecf06d0700fc00000000000000000ac74915de894ffbf0000000000000000db421f74682d00c000000000000000005eb69ee7996601c000000000000000002ed3485819520fc0000000000000000064b7ece4229e00c00000000000000000937623629e4600c0000000000000000078287ed049850fc00000000000000000dcf6980ce29e0fc000000000000000000cd3968b52f001c000000000000000004bb986781dbb01c00000000000000000b4de8388d35104c00000000000000000380f6564f82304c00000000000000000b6610ae6f22704c000000000000000001ac2ea13218d07c00000000000000000879d335cabea0bc00000000000000000be7da654e10310c00000000000000000153324dd271413c000000000000000006c59a773e7d515c00000000000000000d88800f6d06a17c00000000000000000b0a9f84bc35d21c0000000000000000052f128721be623c000000000000000005e082692a87128c0000000000,000000008f906ea22b82bc00000000000000000947494628c055f635f316494682f68314b008594683387945294284b014b37859468118942b8010000bc8c140b1a01ef3fd0a20392cd14903f4a3191ec804aac3f34b4012846078bbf2ae8b0d565ebafbfc602fdcf4a8d8fbf3c2b90e1489e8a3fbdc5d54aa1dcbcbf86311aad1d238d3f7cfbad2acb62a53fe047c11f2913ea3fadd0c0ec78c5a83f2e4e77a964309e3ff38cbfa256a2a1bf9e6930f6d19b993fea207214bdc5ab3f74d183750e37a3bf04c770894f258abf382cc5b51da364bfb396b6e444ceec3fe8c5cb5435d2b43fb9284b48871f99bf8b127c41ca5da8bf461e43bee5dd90bfae273f79ab88963f8b82318fa104bcbf96a32051b0d78bbf0e4df7c4d19ee43fba23b1ec560d96bf116a1cfce88b90bf08416972dd1a97bfda4889913f82bbbfa3312f4e6da8b53f03833949269ca43f491438502517f03f9542d66b8b9cadbf152f91cd234ca83ff9e8df1fead5a03f74552470167faa3f22a210f262909a3f599b9268768ded3f802896d5cdaf3e3fb83729332444913fdd5aa12c7591b8bfe2de73f02e23833fc5bbaaf75faceb3f591732122f77a03f06811f1c4f02c23f870979c7398aa33fa8aec5f01f4ce93fc0e8adae5d8480bf656e28b2a860953f62225859737cf13f1d0a7f133376b63f3ac67677155deb3f9474946275622e,COMPLETE
141,0.5281076088379665,2026-03-24 03:17:01.475928,2026-03-24 03:17:51.864081,0 days 00:00:50.388153,0.714672731814796,0.704718913624529,2.4372259996637173,0.017514953725637297,10,4,1200,0.01634395513979069,0.05719802937701684,0.7146460172979707,9.0,,,,,COMPLETE
142,0.5170640573109592,2026-03-24 03:17:51.865000,2026-03-24 03:18:44.911992,0 days 00:00:53.046992,0.8358303287813307,0.8258747323108755,2.1251923503795056,0.03062944283296133,11,6,1300,0.00012554751826097713,0.029364364180657854,0.610571522714943,9.0,,,,,COMPLETE
143,0.4907457576640358,2026-03-24 03:18:44.912858,2026-03-24 03:19:13.183217,0 days 00:00:28.270359,0.8118377552803004,0.5383780587418825,4.437281850336106,0.034333112345508746,10,12,1000,0.04161594278921897,0.06980075183503821,0.7275427956757048,9.0,,,,,COMPLETE
144,0.5409158823661011,2026-03-24 03:19:13.184087,2026-03-24 03:20:04.288733,0 days 00:00:51.104646,0.8105427579091431,0.9113055828575027,2.3904642999581247,0.018838524399359832,11,5,900,0.00035632040543803566,0.0009499285146600121,0.5521430312561746,9.0,,,,,COMPLETE
145,0.5108714734765861,2026-03-24 03:20:04.290181,2026-03-24 03:20:48.032651,0 days 00:00:43.742470,0.7774652204403449,0.882693021772337,3.111532645821921,0.02084904205940855,10,10,1200,0.0006055370482508144,4.701550073081287,0.6811021373124311,9.0,,,,,COMPLETE
146,0.517487285049329,2026-03-24 03:20:48.033877,2026-03-24 03:22:13.615748,0 days 00:01:25.581871,0.7107818353959725,0.728944065762785,0.9057483378998005,0.015847696463156157,8,11,1400,0.2481457241172802,0.40658893724467343,0.7054470790554044,9.0,,,,,COMPLETE
147,0.5132451940912538,2026-03-24 03:22:13.616788,2026-03-24 03:23:28.311024,0 days 00:01:14.694236,0.6024690496063607,0.6578052408521964,0.10001602775606064,0.02825365932719953,11,9,900,0.0016139566484494072,0.037965271858425347,0.656939596144732,9.0,,,,,COMPLETE
148,0.5199516622958221,2026-03-24 03:23:28.312025,2026-03-24 03:24:20.906746,0 days 00:00:52.594721,0.7672491683710968,0.6616920562092107,1.8634599771888694,0.04218278008100891,12,3,1600,1.209046619944991,0.06813756950334804,0.6938244576724868,9.0,,,,,COMPLETE
149,0.5142897303792519,2026-03-24 03:24:20.910480,2026-03-24 03:26:38.602896,0 days 00:02:17.692416,0.6425724517935045,0.767500531232965,1.5754588115337032,0.0065048265441412095,10,12,1600,0.00281536508845213,0.23267135737432176,0.6898430688257804,9.0,,,,,COMPLETE
150,0.5037608369547515,2026-03-24 03:26:38.603939,2026-03-24 03:27:55.651483,0 days 00:01:17.047544,0.7278612966581981,0.8743913403207568,1.1673739547661404,0.01895839531896267,10,6,1400,0.08103696564900925,0.011683027006184841,0.790073699502856,10.0,800495ec0d0000000000008c0a636d6165732e5f636d61948c03434d419493942981947d94288c065f6e5f64696d944b0a8c085f706f7073697a65944b0a8c035f6d75944b058c075f6d755f656666948c166e756d70792e5f636f72652e6d756c74696172726179948c067363616c61729493948c056e756d7079948c0564747970659493948c02663894898887945294284b038c013c944e4e4e4affffffff4affffffff4b007494624308186d7201a156094094869452948c035f636394680b68114308d170f1571fe1d23f94869452948c035f633194680b68114308efd1ee33204d8f3f94869452948c045f636d7594680b681143086bbc550553a3943f94869452948c085f635f7369676d6194680b6811430824bcd1f61334d23f94869452948c085f645f7369676d6194680b68114308096fb4fd048df43f94869452948c035f636d944b018c065f6368695f6e94474008ad851f1406cd8c085f776569676874739468098c0c5f7265636f6e737472756374949394680c8c076e6461727261799493944b0085944301629487945294284b014b0a8594680e8c02663894898887945294284b0368124e4e4e4affffffff4affffffff4b00749462894350649b20309233dd3fde743acc0454d13f25864b3ffdc3c43f663951a1ddd1b53f5de5adba2f1f9a3f61fb228a96d7b5bfd8a31982dd44cebfee6bfe92b483d7bf8f47a053f8e7debf1bced94754c2e2bf947494628c085f705f7369676d6194682f68314b008594683387945294284b014b0a859468118943509ae6ac9773dcec3f9282974898e0f13f2657d4379a83ce3f3cf4d3fd34c5c2bfbaa7bfac6c30f63f1ecbd00189a2edbfe8540e74d7e5f2bfce393ebe3aeed0bfa019dc309c3ce03f505c34c0c929b2bf947494628c035f706394682f68314b008594683387945294284b014b0a85946811894350b471b9d962e7ea3f1835f17d99f6eb3fb6704119ce64d43fc49bcfc26b8fb2bf3ca7aa6f46fdf33f2729a24f917eeebfc7823d19b7a4f1bfa2385f876838d5bf902d2e35088cd33fa086a2c9e336c2bf947494628c055f6d65616e94682f68314b008594683387945294284b014b0a85946839894350ea6186df3f9ae53fd3019abada58e73f00b6efee5e48cc3fe21072db0e55e03fb9dcdaae875cea3f0e910af44508cd3f01ac696e4e4ee03f2681de7fe5c7e33f9427e4b04abae53f017a434a41a0d73f947494628c065f7369676d6194680b6811430881597ea21b08c53f94869452948c025f44944e8c025f42944e8c075f626f756e647394682f68314b008594683387945294284b014b0a4b02869468398943a00000000000000000000000000000f03f0000000000000000000000000000f03f0000000000000000000000000000f03f00000000000000000,00000000000f03f0000000000000000000000000000f03f0000000000000000000000000000f03f0000000000000000000000000000f03f0000000000000000000000000000f03f0000000000000000000000000000f03f0000000000000000000000000000f03f947494628c115f6e5f6d61785f726573616d706c696e67944b648c025f67944b0a8c095f6c725f616461707494898c065f616c70686194473ff66666666666668c0a5f626574615f6d65616e94473fb999999999999a8c0b5f626574615f5369676d6194473f9eb851eb851eb88c065f67616d6d6194473fb999999999999a8c065f456d65616e94682f68314b008594683387945294284b014b0a4b01869468398943500000000000000000000000000000000000000000000000000000000000000000000000000000000000000000000000000000000000000000000000000000000000000000000000000000000000000000947494628c075f455369676d6194682f68314b008594683387945294284b014b644b0186946839894220030000000000000000000000000000000000000000000000000000000000000000000000000000000000000000000000000000000000000000000000000000000000000000000000000000000000000000000000000000000000000000000000000000000000000000000000000000000000000000000000000000000000000000000000000000000000000000000000000000000000000000000000000000000000000000000000000000000000000000000000000000000000000000000000000000000000000000000000000000000000000000000000000000000000000000000000000000000000000000000000000000000000000000000000000000000000000000000000000000000000000000000000000000000000000000000000000000000000000000000000000000000000000000000000000000000000000000000000000000000000000000000000000000000000000000000000000000000000000000000000000000000000000000000000000000000000000000000000000000000000000000000000000000000000000000000000000000000000000000000000000000000000000000000000000000000000000000000000000000000000000000000000000000000000000000000000000000000000000000000000000000000000000000000000000000000000000000000000000000000000000000000000000000000000000000000000000000000000000000000000000000000000000000000000000000000000000000000000000000000000000000000000000000000000000000000000000000000000000000000000000000000000000000000000000000000000000000000000000000000000000000,0000000000000000000000000000000000000000000000000000000000000000000000000000000000000000000000000000000000000000000000000000000000000000000000000000000000000000000000000000000000000000000000000000000000000000000000000000000000000000000000000000000000000000000000000000000000000000000000000000000000000000000000000000000000000000000000000000947494628c065f566d65616e944700000000000000008c075f565369676d61944700000000000000008c095f6574615f6d65616e94473ff00000000000008c0a5f6574615f5369676d6194473ff00000000000008c055f746f6c7894473d551c51ce3718e18c075f746f6c787570944740c38800000000008c075f746f6c66756e94473d719799812dea118c105f746f6c636f6e646974696f6e636f76944742d6bcc41e9000008c0d5f66756e686973745f7465726d944b288c0f5f66756e686973745f76616c75657394682f68314b008594683387945294284b014b50859468398942800200009acbc82d88130dc00000000000000000dd066de796cde0bf4376631d31d5ddbfbcaa7c4337b4e0bf83fe5bbf618bdfbfd29c8660328ae0bf8d41c814ebc9ddbf6f752b24a7d6e0bf312601c25a0ddfbf60b72c3426ade0bf98ca001eab79debf0741eadd29d0e0bfb007aae77b66dfbf3508177eb99ce0bffc4a7a4fcfeddebf1b6006d09b9be0bf484e1ad9e5b5dfbf6dcb49c4e1bfe0bf13c9f25069a6dfbfc8c714d32e4fe1bf6d56f4e46068dfbfa87b6b3ea0b901c00000000000000000ec4b12dc6de10fc00000000000000000a1a71fbb98bd0fc00000000000000000dcf6980ce29e0fc0000000000000000078287ed049850fc00000000000000000102ecf06d0700fc00000000000000000ac74915de894ffbf0000000000000000db421f74682d00c000000000000000005eb69ee7996601c000000000000000002ed3485819520fc0000000000000000064b7ece4229e00c00000000000000000937623629e4600c0000000000000000078287ed049850fc00000000000000000dcf6980ce29e0fc000000000000000000cd3968b52f001c000000000000000004bb986781dbb01c00000000000000000b4de8388d35104c00000000000000000380f6564f82304c00000000000000000b6610ae6f22704c000000000000000001ac2ea13218d07c00000000000000000879d335cabea0bc00000000000000000be7da654e10310c00000000000000000153324dd271413c000000000000000006c59a773e7d515c00000000000000000d88800f6d06a17c00000000000000000b0a9f84bc35d21c0000000000000000052f128721be623c000000000000000005e082692a87128c0000000000,000000008f906ea22b82bc00000000000000000947494628c055f635f316494682f68314b008594683387945294284b014b37859468118942b8010000f8e0cddf0da0ee3f37918ad344ed993f240f85af27b3a43f641374e209dc94bf50096fe2c321a4bfa8ce217faed897bfc030ee1a1f458bbff3853b82a6c2bfbf269e659611697f3f148e6415d32ca03fe79818b4123ae93f89982f7b7701b03f94107426219da43f5a935bc26f9686bfe72cfbd150759a3fe03554b193e36bbf79cfd6ed9964a4bf894861936986a4bf72c21b3cd35f88bf38969519d374eb3f68a35aa57124b23fc4c62b0b2f4880bf927f91130e53b7bfab4446c3522d8abfb83dd3536a0c983f79ec7b63a4edc0bfcfe138eaf22f9ebf8ec51228ed19e43fc403e0c912b698bf3c393456935f95bf0079cf3137e26b3f28846ebbe535babf0975cb3095f0b43f9fc5eb7f1372a43fe472c668607ff03fbfb173f30f71b3bf4677e6ec556d9b3fe27e506c8ed89b3f8a8b7efcd702ae3f2a50d343fb1a953fc8e79bf9cb00ed3ff2c0b77c74aaac3f53f99ca81cf5a13fe15b6e2a8c93babfaee63c413da07b3f2e3f5e6d6175eb3f117ebe45404aa43f06d2af837de8c43f06b544957a7dae3fa872a6051d13e93f48363db5dcff8b3f31474447b9999c3f9ab78e7f198af13f54748d278f88b83f80611c5105b4eb3f9474946275622e,COMPLETE
151,0.49803777822843137,2026-03-24 03:27:55.652444,2026-03-24 03:28:49.801670,0 days 00:00:54.149226,0.8411267183316387,0.910956642808384,4.043839126147977,0.01754724244708309,12,7,1200,0.005070496078951944,7.739270253989131,0.6965054958465893,10.0,,,,,COMPLETE
152,0.5167578521336674,2026-03-24 03:28:49.802457,2026-03-24 03:30:45.772777,0 days 00:01:55.970320,0.8702663239146371,0.696551908943609,1.7785350079193774,0.008857027409565557,11,3,1500,0.010769068426732675,1.135668701458247,0.749422197619897,10.0,,,,,COMPLETE
153,0.5157616047640191,2026-03-24 03:30:45.773507,2026-03-24 03:32:29.562912,0 days 00:01:43.789405,0.7645262434644953,0.8500873075788515,0.35414138601853107,0.015381270410811592,10,11,1100,0.05130309591133432,0.07595598652060749,0.5863719674011034,10.0,,,,,COMPLETE
154,0.519633597881983,2026-03-24 03:32:29.563881,2026-03-24 03:33:33.571782,0 days 00:01:04.007901,0.7704572889261152,0.8396851475911145,2.4565939371183463,0.018118249906578544,10,4,1000,0.00020005548953167505,0.024348474344490854,0.5201088895448666,10.0,,,,,COMPLETE
155,0.5136848403848672,2026-03-24 03:33:33.572761,2026-03-24 03:34:37.024102,0 days 00:01:03.451341,0.8764945098275856,0.7291217657832385,2.5635923778412706,0.0153859550080973,12,6,1000,0.007734540387763206,1.3811603991795435e-06,0.7226120668038141,10.0,,,,,COMPLETE
156,0.5082051601092307,2026-03-24 03:34:37.024978,2026-03-24 03:35:56.746746,0 days 00:01:19.721768,0.8074952227868781,0.9626685612338084,2.1301900463466734,0.036562367127801636,10,8,1600,0.010895765871168223,3.0423027899846526,0.5179067057832236,10.0,,,,,COMPLETE
157,0.5181344948236505,2026-03-24 03:35:56.747600,2026-03-24 03:37:16.357402,0 days 00:01:19.609802,0.8886618755055515,0.851923254661878,3.149027621642959,0.009654868824772988,8,4,1300,0.021354717876670735,0.00020593993052969066,0.5229120289563838,10.0,,,,,COMPLETE
158,0.5205478894249459,2026-03-24 03:37:16.358506,2026-03-24 03:38:05.343398,0 days 00:00:48.984892,0.697944990184854,0.7267500708787565,2.394713634905865,0.043028784863439244,12,1,1300,0.0003975907315778338,3.385682355638632e-05,0.5921099103605448,10.0,,,,,COMPLETE
159,0.5272520522606569,2026-03-24 03:38:05.344399,2026-03-24 03:39:14.911177,0 days 00:01:09.566778,0.6541085772589801,0.9095374340613038,1.5257491913929382,0.020202341953695187,11,5,800,1.9301880723402116e-05,0.0003529379841726483,0.6379408977094578,10.0,,,,,COMPLETE
