number,value,datetime_start,datetime_complete,duration,params_colsample_bytree,params_learning_rate,params_max_depth,params_min_child_samples,params_min_split_gain,params_n_estimators,params_num_leaves,params_reg_alpha,params_reg_lambda,params_subsample,system_attrs_cma:generation,system_attrs_cma:optimizer:0,system_attrs_cma:optimizer:1,system_attrs_cma:optimizer:2,system_attrs_cma:optimizer:3,state
280,0.5117665089551059,2026-03-24 05:18:02.931864,2026-03-24 05:18:33.784485,0 days 00:00:30.852621,0.5532111890734805,0.04055067637341985,8,97,0.6045274110550348,1600,163,6.526209681698647e-06,8.466327852691209e-07,0.5066938993260622,23.0,800495ec0d0000000000008c0a636d6165732e5f636d61948c03434d419493942981947d94288c065f6e5f64696d944b0a8c085f706f7073697a65944b0a8c035f6d75944b058c075f6d755f656666948c166e756d70792e5f636f72652e6d756c74696172726179948c067363616c61729493948c056e756d7079948c0564747970659493948c02663894898887945294284b038c013c944e4e4e4affffffff4affffffff4b007494624308186d7201a156094094869452948c035f636394680b68114308d170f1571fe1d23f94869452948c035f633194680b68114308efd1ee33204d8f3f94869452948c045f636d7594680b681143086bbc550553a3943f94869452948c085f635f7369676d6194680b6811430824bcd1f61334d23f94869452948c085f645f7369676d6194680b68114308096fb4fd048df43f94869452948c035f636d944b018c065f6368695f6e94474008ad851f1406cd8c085f776569676874739468098c0c5f7265636f6e737472756374949394680c8c076e6461727261799493944b0085944301629487945294284b014b0a8594680e8c02663894898887945294284b0368124e4e4e4affffffff4affffffff4b00749462894350649b20309233dd3fde743acc0454d13f25864b3ffdc3c43f663951a1ddd1b53f5de5adba2f1f9a3f61fb228a96d7b5bfd8a31982dd44cebfee6bfe92b483d7bf8f47a053f8e7debf1bced94754c2e2bf947494628c085f705f7369676d6194682f68314b008594683387945294284b014b0a859468118943507a72639cc653e03f002548b7a262ed3fbe7b3171ebfdfb3f04d76ccaa635f13ff239f77c88e9e13f1e4f6056dd940140348834ad0ca0ef3f1c46f5a8b43df2bf0074dceba96d49bf41347368d26b02c0947494628c035f706394682f68314b008594683387945294284b014b0a85946811894350b216bf9d66f4d83f5a9878ef6600e73f0358d708c0fe0040022f50f233b4f13fe00fb6630d06d63fc40951c59879ff3f86640dba1f05ee3f026e75f96fc7f4bfc0f048b2e0f2b53fb643b82fd7cb01c0947494628c055f6d65616e94682f68314b008594683387945294284b014b0a85946839894350dda2627115fdd13ff83494a60f71e53fd0f60252e14fe53fcabdfd5ee424ef3f77f4160b2269b93f3e25c38cfc5de73f3f9ef04a3199e43fb6adca8fc32dd13f382a4d23a2c3cb3f2e903f0ddf9bc13f947494628c065f7369676d6194680b68114308750761e5ea29bb3f94869452948c025f44944e8c025f42944e8c075f626f756e647394682f68314b008594683387945294284b014b0a4b02869468398943a00000000000000000000000000000f03f0000000000000000000000000000f03f0000000000000000000000000000f03f00000000000000000,00000000000f03f0000000000000000000000000000f03f0000000000000000000000000000f03f0000000000000000000000000000f03f0000000000000000000000000000f03f0000000000000000000000000000f03f0000000000000000000000000000f03f947494628c115f6e5f6d61785f726573616d706c696e67944b648c025f67944b178c095f6c725f616461707494898c065f616c70686194473ff66666666666668c0a5f626574615f6d65616e94473fb999999999999a8c0b5f626574615f5369676d6194473f9eb851eb851eb88c065f67616d6d6194473fb999999999999a8c065f456d65616e94682f68314b008594683387945294284b014b0a4b01869468398943500000000000000000000000000000000000000000000000000000000000000000000000000000000000000000000000000000000000000000000000000000000000000000000000000000000000000000947494628c075f455369676d6194682f68314b008594683387945294284b014b644b0186946839894220030000000000000000000000000000000000000000000000000000000000000000000000000000000000000000000000000000000000000000000000000000000000000000000000000000000000000000000000000000000000000000000000000000000000000000000000000000000000000000000000000000000000000000000000000000000000000000000000000000000000000000000000000000000000000000000000000000000000000000000000000000000000000000000000000000000000000000000000000000000000000000000000000000000000000000000000000000000000000000000000000000000000000000000000000000000000000000000000000000000000000000000000000000000000000000000000000000000000000000000000000000000000000000000000000000000000000000000000000000000000000000000000000000000000000000000000000000000000000000000000000000000000000000000000000000000000000000000000000000000000000000000000000000000000000000000000000000000000000000000000000000000000000000000000000000000000000000000000000000000000000000000000000000000000000000000000000000000000000000000000000000000000000000000000000000000000000000000000000000000000000000000000000000000000000000000000000000000000000000000000000000000000000000000000000000000000000000000000000000000000000000000000000000000000000000000000000000000000000000000000000000000000000000000000000000000000000000000000000000000000000000,0000000000000000000000000000000000000000000000000000000000000000000000000000000000000000000000000000000000000000000000000000000000000000000000000000000000000000000000000000000000000000000000000000000000000000000000000000000000000000000000000000000000000000000000000000000000000000000000000000000000000000000000000000000000000000000000000000947494628c065f566d65616e944700000000000000008c075f565369676d61944700000000000000008c095f6574615f6d65616e94473ff00000000000008c0a5f6574615f5369676d6194473ff00000000000008c055f746f6c7894473d551c51ce3718e18c075f746f6c787570944740c38800000000008c075f746f6c66756e94473d719799812dea118c105f746f6c636f6e646974696f6e636f76944742d6bcc41e9000008c0d5f66756e686973745f7465726d944b288c0f5f66756e686973745f76616c75657394682f68314b008594683387945294284b014b50859468398942800200006e9cee2a6c22e5bf00000000000000005988cb2023b0e0bfeb7a43dd5349dfbf8c53336af886e0bff53cae3467e0debf187a3378e69de0bf33bf1fca725fdebfe8d1368ca770e0bf9bd936aa1742dfbf6f9deddadcc5e0bfab6a5b1b0fd1debf116b7e1a39b6e0bfcd635791b07cddbfdf61880c9786e0bf7738f5582d2edebf65e130c894a2e0bff186a344f2afdebfa21dc6610288e0bfdb681f843bf2debfd29f3739cc25e1bf0b247574f6cbdebf14294914c3bee0bfa8e04b24e870dfbf9b9c7a420be6e0bf73e70c95482ddebf8ed8972bbfd1e0bf712ba2b40ddcdfbfc793b94225b7e0bfc58f5a6b632de0bfdb0e5e4d904be1bf6b9301627d02e0bfdf8a0deec2bde0bf132b99ea713ae0bfa54ca7b393cce0bf739fcf26390be0bfd36d812d4009e1bf7f6dddc8451ee0bf9bb412357efbe0bf3657498eac6ce0bfa3ae06443614e1bf24ecb42dd5bfdfbf069158cdd914e1bf97de8b133663e0bfc7902a8ecbe2e0bfe9a07f6ad3a3e0bf55c5559910ffe0bf80f1fa6fe807e0bf0000000000000080000000000000000000000000000000800000000000000000000000000000a0bc000000000000000038218828be5527be00000000000000004f11cb61ab86a6be0000000000000000428b0480a40de1bd0000000000000000cf8c63d077f423be00000000000000001708394834c39cbe0000000000000000549a44ca84bfd1be0000000000000000b0e2298d86bc01bf000000000000000085dac67721f452bf00000000000000009b14ddfd266574bf0000000000000000108087096d0892bf000000000000000017e5299a827faabf000000000000000097caccd2b4a5d1bf000000000,00000004e70a4e29cbde0bf0000000000000000947494628c055f635f316494682f68314b008594683387945294284b014b37859468118942b8010000a0e585c66149e53f74bfb23b1015a3bfc40fc097877db93fc6d22b81f42a93bf40c1f45de7c8a0bf6834bb20fa27973f8ada98bfebb9963f673cccda9e01c0bf378db2e12accc63f9e9f27b8e7ffb83f5830c78c197ee53fca597f46edccb73f3105c793beaea63fdcfc721ad8c9b6bf2223b7797ba7c23fc82493845b2dbebf3671f6ff4ce8a13fd47032da46a1c1bf7864fd5f8cf1953f71e05f4cd7fef03f7ed0a004fab6c03f3a5a1e6c85c5a0bffd04bdebcafc9f3fcc44ad687511c23fb280947933decabf76eb22821266b0bf224637bfce46d3bfa412465a1fdbe93f928251199380b53f5ba44830384bad3f787c66646eb4693f94ba8f6c602ba2bf6c372315f98ab2bfa1f97a59d900c0bf684ec69d008fdc3f362ef9af8514a63f4e7d14592c92793f4ad215a903feb2bf90b73344bdf0a7bf4a54f868f8508dbfdb5b36b6bee7ef3fded4bccd1c7bbbbfd304aef07b27c2bf35158acc968f8f3f4f23f11fe4e6a5bf5603297ecc69ea3f4a913b0eb3eea9bf39fd4d7a9032c13ff2bda1c4a89fcbbfb0b69c26d6bde83f9a4fb130ab21c2bf4b68c5389b2dc03f6d5b338ffb14f03fb818b8babd5077bfc193ebbfa2a0eb3f9474946275622e,COMPLETE
281,0.5109607305865839,2026-03-24 05:18:33.785332,2026-03-24 05:18:57.328751,0 days 00:00:23.543419,0.4743322873858542,0.04262880140678206,8,99,1.1471833693389402,1700,130,1.1700523287952808e-06,1.0358772396123856e-07,0.47480613783876957,23.0,,,,,COMPLETE
282,0.5144931485628795,2026-03-24 05:18:57.329753,2026-03-24 05:19:15.850910,0 days 00:00:18.521157,0.6260475990886816,0.06777509747836927,10,96,1.074396226014198,1600,206,3.8020969876339136e-07,2.90809558783292e-05,0.44352448886846496,23.0,,,,,COMPLETE
283,0.5094762646353138,2026-03-24 05:19:15.851881,2026-03-24 05:20:26.934621,0 days 00:01:11.082740,0.5262762113384667,0.05602891349876246,9,100,0.08307838638701673,1500,237,6.540087297490191e-06,1.3280694879978682e-05,0.48960230537457344,23.0,,,,,COMPLETE
284,0.49913439290342776,2026-03-24 05:20:26.935490,2026-03-24 05:21:10.271450,0 days 00:00:43.335960,0.5949704486807762,0.03257858651062058,9,84,0.891199847596559,1500,144,3.6465519491690763e-07,1.3305259741916541e-06,0.43430316304032773,23.0,,,,,COMPLETE
285,0.5081159222716035,2026-03-24 05:21:10.272308,2026-03-24 05:21:50.216852,0 days 00:00:39.944544,0.4329499946054823,0.03447459787752128,8,100,1.076321947968041,1700,181,4.410461118210339e-06,1.3793921739027988e-07,0.5697622185148336,23.0,,,,,COMPLETE
286,0.5094643492310652,2026-03-24 05:21:50.217640,2026-03-24 05:22:26.080436,0 days 00:00:35.862796,0.4659782186779783,0.07311566420627752,10,99,0.4945342225574164,1700,102,3.306633813495855e-06,4.1111661630875286e-08,0.4945334330986324,23.0,,,,,COMPLETE
287,0.5218198986393013,2026-03-24 05:22:26.081556,2026-03-24 05:23:12.574919,0 days 00:00:46.493363,0.4069847916514362,0.03178323811810462,9,99,0.4623337127443116,1200,170,6.635158401974159e-05,1.3260441039433875e-07,0.5153357777850853,23.0,,,,,COMPLETE
288,0.5094374658827873,2026-03-24 05:23:12.575883,2026-03-24 05:23:31.589953,0 days 00:00:19.014070,0.48204037935182464,0.06491555968873705,8,77,0.9016525193314834,1200,163,2.5425596999126503e-05,2.3733707564643767e-06,0.5027375258277257,23.0,,,,,COMPLETE
289,0.5207213039187214,2026-03-24 05:23:31.590816,2026-03-24 05:24:27.078788,0 days 00:00:55.487972,0.47239136795182346,0.02142877866191675,9,100,0.4759936312307222,1200,209,3.3488508394741394e-05,2.920647247054713e-06,0.42401249970959687,23.0,,,,,COMPLETE
290,0.5058224661950339,2026-03-24 05:24:27.079697,2026-03-24 05:25:12.859009,0 days 00:00:45.779312,0.5647633230662017,0.022709644234811498,10,80,0.7556614355243257,1700,184,2.056038604599643e-06,3.2701707952491044e-06,0.4259937226380553,24.0,800495ec0d0000000000008c0a636d6165732e5f636d61948c03434d419493942981947d94288c065f6e5f64696d944b0a8c085f706f7073697a65944b0a8c035f6d75944b058c075f6d755f656666948c166e756d70792e5f636f72652e6d756c74696172726179948c067363616c61729493948c056e756d7079948c0564747970659493948c02663894898887945294284b038c013c944e4e4e4affffffff4affffffff4b007494624308186d7201a156094094869452948c035f636394680b68114308d170f1571fe1d23f94869452948c035f633194680b68114308efd1ee33204d8f3f94869452948c045f636d7594680b681143086bbc550553a3943f94869452948c085f635f7369676d6194680b6811430824bcd1f61334d23f94869452948c085f645f7369676d6194680b68114308096fb4fd048df43f94869452948c035f636d944b018c065f6368695f6e94474008ad851f1406cd8c085f776569676874739468098c0c5f7265636f6e737472756374949394680c8c076e6461727261799493944b0085944301629487945294284b014b0a8594680e8c02663894898887945294284b0368124e4e4e4affffffff4affffffff4b00749462894350649b20309233dd3fde743acc0454d13f25864b3ffdc3c43f663951a1ddd1b53f5de5adba2f1f9a3f61fb228a96d7b5bfd8a31982dd44cebfee6bfe92b483d7bf8f47a053f8e7debf1bced94754c2e2bf947494628c085f705f7369676d6194682f68314b008594683387945294284b014b0a8594681189435060f24eee9320833f0008305b93eba43f45000d3aeec5f33fcdb380b06f06ed3f762451a04980e93f9032c5452cdbb03f24904f11d690f63f44d8f62b43e7c63f88e30c5462aeafbf8b04d582b9c6fbbf947494628c035f706394682f68314b008594683387945294284b014b0a859468118943507c09d96e1bcbbabf9c3dce229d28c4bf94528e71e7e5f53fd186e2ecffa9eb3fb5d902d4a58ade3f98548d33f018d2bf86d7fa6f058cf63f406f615047b5a63f11d8808ea71ea9bf5f34254073cafabf947494628c055f6d65616e94682f68314b008594683387945294284b014b0a85946839894350d8fe9fe691e4cf3ff30bf34c98a7e33f1f21959cfaf6e43fbf807bcd065fef3f1de7cf74b475be3f7b4b658719e0e23f34cd7a9e329ce63f72fe7ac9fa57d63f3c4700a8f695ca3f34f1f4808f77c03f947494628c065f7369676d6194680b68114308884aa8e6b9adba3f94869452948c025f44944e8c025f42944e8c075f626f756e647394682f68314b008594683387945294284b014b0a4b02869468398943a00000000000000000000000000000f03f0000000000000000000000000000f03f0000000000000000000000000000f03f00000000000000000,00000000000f03f0000000000000000000000000000f03f0000000000000000000000000000f03f0000000000000000000000000000f03f0000000000000000000000000000f03f0000000000000000000000000000f03f0000000000000000000000000000f03f947494628c115f6e5f6d61785f726573616d706c696e67944b648c025f67944b188c095f6c725f616461707494898c065f616c70686194473ff66666666666668c0a5f626574615f6d65616e94473fb999999999999a8c0b5f626574615f5369676d6194473f9eb851eb851eb88c065f67616d6d6194473fb999999999999a8c065f456d65616e94682f68314b008594683387945294284b014b0a4b01869468398943500000000000000000000000000000000000000000000000000000000000000000000000000000000000000000000000000000000000000000000000000000000000000000000000000000000000000000947494628c075f455369676d6194682f68314b008594683387945294284b014b644b0186946839894220030000000000000000000000000000000000000000000000000000000000000000000000000000000000000000000000000000000000000000000000000000000000000000000000000000000000000000000000000000000000000000000000000000000000000000000000000000000000000000000000000000000000000000000000000000000000000000000000000000000000000000000000000000000000000000000000000000000000000000000000000000000000000000000000000000000000000000000000000000000000000000000000000000000000000000000000000000000000000000000000000000000000000000000000000000000000000000000000000000000000000000000000000000000000000000000000000000000000000000000000000000000000000000000000000000000000000000000000000000000000000000000000000000000000000000000000000000000000000000000000000000000000000000000000000000000000000000000000000000000000000000000000000000000000000000000000000000000000000000000000000000000000000000000000000000000000000000000000000000000000000000000000000000000000000000000000000000000000000000000000000000000000000000000000000000000000000000000000000000000000000000000000000000000000000000000000000000000000000000000000000000000000000000000000000000000000000000000000000000000000000000000000000000000000000000000000000000000000000000000000000000000000000000000000000000000000000000000000000000000000000000,0000000000000000000000000000000000000000000000000000000000000000000000000000000000000000000000000000000000000000000000000000000000000000000000000000000000000000000000000000000000000000000000000000000000000000000000000000000000000000000000000000000000000000000000000000000000000000000000000000000000000000000000000000000000000000000000000000947494628c065f566d65616e944700000000000000008c075f565369676d61944700000000000000008c095f6574615f6d65616e94473ff00000000000008c0a5f6574615f5369676d6194473ff00000000000008c055f746f6c7894473d551c51ce3718e18c075f746f6c787570944740c38800000000008c075f746f6c66756e94473d719799812dea118c105f746f6c636f6e646974696f6e636f76944742d6bcc41e9000008c0d5f66756e686973745f7465726d944b288c0f5f66756e686973745f76616c75657394682f68314b008594683387945294284b014b50859468398942800200006e9cee2a6c22e5bf00000000000000005988cb2023b0e0bfeb7a43dd5349dfbf8c53336af886e0bff53cae3467e0debf187a3378e69de0bf33bf1fca725fdebfe8d1368ca770e0bf9bd936aa1742dfbf6f9deddadcc5e0bfab6a5b1b0fd1debf116b7e1a39b6e0bfcd635791b07cddbfdf61880c9786e0bf7738f5582d2edebf65e130c894a2e0bff186a344f2afdebfa21dc6610288e0bfdb681f843bf2debfd29f3739cc25e1bf0b247574f6cbdebf14294914c3bee0bfa8e04b24e870dfbf9b9c7a420be6e0bf73e70c95482ddebf8ed8972bbfd1e0bf712ba2b40ddcdfbfc793b94225b7e0bfc58f5a6b632de0bfdb0e5e4d904be1bf6b9301627d02e0bfdf8a0deec2bde0bf132b99ea713ae0bfa54ca7b393cce0bf739fcf26390be0bfd36d812d4009e1bf7f6dddc8451ee0bf9bb412357efbe0bf3657498eac6ce0bfa3ae06443614e1bf24ecb42dd5bfdfbf069158cdd914e1bf97de8b133663e0bfc7902a8ecbe2e0bfe9a07f6ad3a3e0bf55c5559910ffe0bf80f1fa6fe807e0bfc7d9e1a4bfb2e0bff00e7561d1f1dfbf00000000000000800000000000000000000000000000a0bc000000000000000038218828be5527be00000000000000004f11cb61ab86a6be0000000000000000428b0480a40de1bd0000000000000000cf8c63d077f423be00000000000000001708394834c39cbe0000000000000000549a44ca84bfd1be0000000000000000b0e2298d86bc01bf000000000000000085dac67721f452bf00000000000000009b14ddfd266574bf0000000000000000108087096d0892bf000000000000000017e5299a827faabf000000000000000097caccd2b4a5d1bf000000000,00000004e70a4e29cbde0bf0000000000000000947494628c055f635f316494682f68314b008594683387945294284b014b37859468118942b8010000f7de5b237240e53f778a097c716494bf0e50572c4649b83ffc5956e65f4975bfe3919bbe757b99bf2af7e19a7363ae3f6efd8d849745a23fb56ff47013eec0bf737bc3c6dc7ac73f4de507ee24c7bd3fe3ed4cc1ba9de53fa6169f01fb85b63f3b44ad5695eda33f5c1b10d0b665b4bf1a546a88ae6fc63f266a661477a3bfbf08c5caa0b567863f2c4a2b713e0cc1bf634d5ab8003c9d3f5b6e5a7eaf2ff13f7d55881aa281c13ff0f2151cee3468bf709807c1dcbe983f3de7ed850ad7c73feaa95e54f9c2cabfcfa24751a918b0bfc92ed23b51a1d4bf7245a7cb6af4e83fcd379fa763f1ba3f61ecbaea670d983f481b4eda7f32783f07bdc00c783ba2bf5552ae0d7024b1bfb9876f8c5124c4bf2ad708274daddb3f9667965379f5a63ff8ae55be49c09a3f1079f830088cb3bfb9ae52cc80baa0bf20ebfad1e6ada4bf3aee62483466f03f0e09d5f51b8fc0bf93f99439a712c6bfc617f172e7e4a53f137a6c685d6aa7bf0986d0ccea62ea3fd79ed98fd7f9abbfdcb6e01d3fa8c03f69a8c85df88dd1bf56d9d6ecc121e93f0658011232bcc3bfccadd9d98c22be3ffddd3218fa06f03f90edbd2298c6353fe844ac3b026dec3f9474946275622e,COMPLETE
291,0.5022622341977442,2026-03-24 05:25:12.860356,2026-03-24 05:25:43.436045,0 days 00:00:30.575689,0.35535474772275666,0.04293931746070499,9,97,0.6273850257758867,1300,161,0.00026553730026920196,1.3487714544327761e-07,0.5373568158984943,24.0,,,,,COMPLETE
292,0.5071274147241335,2026-03-24 05:25:43.437109,2026-03-24 05:26:13.416553,0 days 00:00:29.979444,0.39089169940131535,0.03157864669344046,9,94,0.9386620990036993,1100,162,0.002465849856480767,6.281159928829871e-08,0.5732816239238674,24.0,,,,,COMPLETE
293,0.5197632329081333,2026-03-24 05:26:13.417540,2026-03-24 05:27:08.267497,0 days 00:00:54.849957,0.5124093227141961,0.030800216623674936,9,99,0.2725157351768379,1100,187,1.2273627594942526e-05,4.718734356544598e-06,0.5701284755895178,24.0,,,,,COMPLETE
294,0.5214387444197909,2026-03-24 05:27:08.268398,2026-03-24 05:27:54.651564,0 days 00:00:46.383166,0.4538797822169308,0.023335743721457157,9,98,0.5944951158400579,1300,185,8.65718918647406e-06,4.4199762560172145e-06,0.45980875536729565,24.0,,,,,COMPLETE
295,0.5212337906985555,2026-03-24 05:27:54.652609,2026-03-24 05:28:30.760353,0 days 00:00:36.107744,0.595023585977877,0.04470745549158431,11,94,0.3767370649939423,1300,186,1.7055615524559126e-05,1.840116065906224e-07,0.5288382961957039,24.0,,,,,COMPLETE
296,0.5297323208935757,2026-03-24 05:28:30.761204,2026-03-24 05:29:03.703985,0 days 00:00:32.942781,0.4715459132692238,0.055643213410355115,9,95,0.31303929527527,1300,163,1.4800904563552402e-05,1.6685048784636745e-05,0.5150881771399154,24.0,,,,,COMPLETE
297,0.5243712085525752,2026-03-24 05:29:03.704739,2026-03-24 05:29:56.082762,0 days 00:00:52.378023,0.4594416835094972,0.022587837982890942,8,96,0.5001464708170851,1200,187,9.660137044995953e-06,3.1519435789649785e-07,0.5157918689204295,24.0,,,,,COMPLETE
298,0.5171909884012167,2026-03-24 05:29:56.083648,2026-03-24 05:30:49.634937,0 days 00:00:53.551289,0.5460346286955281,0.02050454964705977,8,81,0.5878128163098759,1500,168,6.551731961495369e-05,5.837224331722577e-06,0.4825817526442805,24.0,,,,,COMPLETE
299,0.5039069886582848,2026-03-24 05:30:49.636359,2026-03-24 05:31:20.021613,0 days 00:00:30.385254,0.4976976907711339,0.026912286579877685,9,100,0.973836991459698,900,179,2.416450916259823e-05,8.660934960484672e-06,0.5128815185003351,24.0,,,,,COMPLETE
