number,value,datetime_start,datetime_complete,duration,params_colsample_bylevel,params_colsample_bytree,params_gamma,params_learning_rate,params_max_depth,params_min_child_weight,params_n_estimators,params_reg_alpha,params_reg_lambda,params_subsample,system_attrs_cma:generation,system_attrs_cma:optimizer:0,system_attrs_cma:optimizer:1,system_attrs_cma:optimizer:2,system_attrs_cma:optimizer:3,state
160,0.5082514425199496,2026-03-24 03:39:14.912176,2026-03-24 03:40:23.457854,0 days 00:01:08.545678,0.5340310915163073,0.8302862876029669,2.0425060302116456,0.018994910091097814,11,4,1000,6.902610326888809e-06,0.0003338165716556268,0.5807668059866518,11.0,800495ec0d0000000000008c0a636d6165732e5f636d61948c03434d419493942981947d94288c065f6e5f64696d944b0a8c085f706f7073697a65944b0a8c035f6d75944b058c075f6d755f656666948c166e756d70792e5f636f72652e6d756c74696172726179948c067363616c61729493948c056e756d7079948c0564747970659493948c02663894898887945294284b038c013c944e4e4e4affffffff4affffffff4b007494624308186d7201a156094094869452948c035f636394680b68114308d170f1571fe1d23f94869452948c035f633194680b68114308efd1ee33204d8f3f94869452948c045f636d7594680b681143086bbc550553a3943f94869452948c085f635f7369676d6194680b6811430824bcd1f61334d23f94869452948c085f645f7369676d6194680b68114308096fb4fd048df43f94869452948c035f636d944b018c065f6368695f6e94474008ad851f1406cd8c085f776569676874739468098c0c5f7265636f6e737472756374949394680c8c076e6461727261799493944b0085944301629487945294284b014b0a8594680e8c02663894898887945294284b0368124e4e4e4affffffff4affffffff4b00749462894350649b20309233dd3fde743acc0454d13f25864b3ffdc3c43f663951a1ddd1b53f5de5adba2f1f9a3f61fb228a96d7b5bfd8a31982dd44cebfee6bfe92b483d7bf8f47a053f8e7debf1bced94754c2e2bf947494628c085f705f7369676d6194682f68314b008594683387945294284b014b0a859468118943502461bf5676a9c1bf5938a72aca81f13f8cc62d94cdeeb1bf6db11c32b2cfc63f0ef73cd69bb1f13fd964c35dd46ff4bf86bdf391b0eaf4bfd88c10a988c0fabf44a3d1556658eebf675a6b51e444cebf947494628c035f706394682f68314b008594683387945294284b014b0a8594681189435080369f8183fcb6bfc9f5eecdd36ced3f8b3148247f79bb3f243ec5016f8ccb3fa3befc604c02ef3fdaa0d7744c76f3bff1d69bcb6fecf5bf02751859d910f9bfb324781da0b1f2bff484b90b5c7ad8bf947494628c055f6d65616e94682f68314b008594683387945294284b014b0a859468398943502002788d5ec2e23f16b9ed047b9ce83f17609651dc53ca3fac746e151871e13ff0c9fa98a1baea3fa43cfa475bf5c33fb2f718bb39acdb3fe8958a06f074dc3f9af5c4bd4ceddf3f7c233f277746d53f947494628c065f7369676d6194680b68114308e2fbb91f570bc53f94869452948c025f44944e8c025f42944e8c075f626f756e647394682f68314b008594683387945294284b014b0a4b02869468398943a00000000000000000000000000000f03f0000000000000000000000000000f03f0000000000000000000000000000f03f00000000000000000,00000000000f03f0000000000000000000000000000f03f0000000000000000000000000000f03f0000000000000000000000000000f03f0000000000000000000000000000f03f0000000000000000000000000000f03f0000000000000000000000000000f03f947494628c115f6e5f6d61785f726573616d706c696e67944b648c025f67944b0b8c095f6c725f616461707494898c065f616c70686194473ff66666666666668c0a5f626574615f6d65616e94473fb999999999999a8c0b5f626574615f5369676d6194473f9eb851eb851eb88c065f67616d6d6194473fb999999999999a8c065f456d65616e94682f68314b008594683387945294284b014b0a4b01869468398943500000000000000000000000000000000000000000000000000000000000000000000000000000000000000000000000000000000000000000000000000000000000000000000000000000000000000000947494628c075f455369676d6194682f68314b008594683387945294284b014b644b0186946839894220030000000000000000000000000000000000000000000000000000000000000000000000000000000000000000000000000000000000000000000000000000000000000000000000000000000000000000000000000000000000000000000000000000000000000000000000000000000000000000000000000000000000000000000000000000000000000000000000000000000000000000000000000000000000000000000000000000000000000000000000000000000000000000000000000000000000000000000000000000000000000000000000000000000000000000000000000000000000000000000000000000000000000000000000000000000000000000000000000000000000000000000000000000000000000000000000000000000000000000000000000000000000000000000000000000000000000000000000000000000000000000000000000000000000000000000000000000000000000000000000000000000000000000000000000000000000000000000000000000000000000000000000000000000000000000000000000000000000000000000000000000000000000000000000000000000000000000000000000000000000000000000000000000000000000000000000000000000000000000000000000000000000000000000000000000000000000000000000000000000000000000000000000000000000000000000000000000000000000000000000000000000000000000000000000000000000000000000000000000000000000000000000000000000000000000000000000000000000000000000000000000000000000000000000000000000000000000000000000000000000000000,0000000000000000000000000000000000000000000000000000000000000000000000000000000000000000000000000000000000000000000000000000000000000000000000000000000000000000000000000000000000000000000000000000000000000000000000000000000000000000000000000000000000000000000000000000000000000000000000000000000000000000000000000000000000000000000000000000947494628c065f566d65616e944700000000000000008c075f565369676d61944700000000000000008c095f6574615f6d65616e94473ff00000000000008c0a5f6574615f5369676d6194473ff00000000000008c055f746f6c7894473d551c51ce3718e18c075f746f6c787570944740c38800000000008c075f746f6c66756e94473d719799812dea118c105f746f6c636f6e646974696f6e636f76944742d6bcc41e9000008c0d5f66756e686973745f7465726d944b288c0f5f66756e686973745f76616c75657394682f68314b008594683387945294284b014b50859468398942800200009acbc82d88130dc00000000000000000dd066de796cde0bf4376631d31d5ddbfbcaa7c4337b4e0bf83fe5bbf618bdfbfd29c8660328ae0bf8d41c814ebc9ddbf6f752b24a7d6e0bf312601c25a0ddfbf60b72c3426ade0bf98ca001eab79debf0741eadd29d0e0bfb007aae77b66dfbf3508177eb99ce0bffc4a7a4fcfeddebf1b6006d09b9be0bf484e1ad9e5b5dfbf6dcb49c4e1bfe0bf13c9f25069a6dfbfc8c714d32e4fe1bf6d56f4e46068dfbf3fab26b23fdfe0bfa5786ad8d9dfdfbfec4b12dc6de10fc00000000000000000a1a71fbb98bd0fc00000000000000000dcf6980ce29e0fc0000000000000000078287ed049850fc00000000000000000102ecf06d0700fc00000000000000000ac74915de894ffbf0000000000000000db421f74682d00c000000000000000005eb69ee7996601c000000000000000002ed3485819520fc0000000000000000064b7ece4229e00c00000000000000000937623629e4600c0000000000000000078287ed049850fc00000000000000000dcf6980ce29e0fc000000000000000000cd3968b52f001c000000000000000004bb986781dbb01c00000000000000000b4de8388d35104c00000000000000000380f6564f82304c00000000000000000b6610ae6f22704c000000000000000001ac2ea13218d07c00000000000000000879d335cabea0bc00000000000000000be7da654e10310c00000000000000000153324dd271413c000000000000000006c59a773e7d515c00000000000000000d88800f6d06a17c00000000000000000b0a9f84bc35d21c0000000000000000052f128721be623c000000000000000005e082692a87128c0000000000,000000008f906ea22b82bc00000000000000000947494628c055f635f316494682f68314b008594683387945294284b014b37859468118942b801000087afb56a94b4ee3fc3d56404e62a8d3f12f2284f9cc29e3f197c8b54cc5a9bbf4d587d16b64daebfbfcafc7396c698bf248a5a0a1f5c663f5a39795e0f50b9bf8104ebea05cd903f59450acadccfa03f3e119ad330f8e83fd4cf0d0508deab3f76d483299ff4a03f20aa03509d8e443f8a2620d00d3a7bbf1a58fbf8fe64aebfbba5f79de2acb4bf8092736dd43ababf3ac823cbda9a9cbf7130c3665b9fea3fb48b0787ff60b23fe0a81079cb7e9cbfe692e7c8115db8bfdcc421dcd1d76cbfba635cde11c5a23f45185baaab24c4bf3e1eee71eeef9ebf2132cca5ee2ae43fd3134389a56787bfca790a93f44ea1bf671bb6537f5f84bfe272b051ea41bdbf2c60cc4758f3ae3fb74a1ab3c496a63f078c64ba269bf03f8c023055551ab9bfcc6986c90076913f0b315a7cd557773fe2088b1b0e659e3f5298f72f8d428e3fcbdb2cfa954bed3f73296c1e4fddb03f10c2d7c832d9af3fda66ebdff672b7bfbbf7fb8a697a843f3c4f1d71120cec3ff69a28718089b43f51a01b2c6837c63f7198d3db9e9aad3f2e53b930c0e6ea3ff18f743a8103b13fe2182746c14f943fb683026d29fef03f981d82b80b9dbd3f2e03d4309ccee93f9474946275622e,COMPLETE
161,0.5229982981952735,2026-03-24 03:40:23.458816,2026-03-24 03:40:55.633654,0 days 00:00:32.174838,0.7287597690573778,0.8325849546580648,4.1877090158483945,0.05550517467313525,12,3,900,9.781850389950813e-06,4.465893401197765e-05,0.49516649215393316,11.0,,,,,COMPLETE
162,0.5131462085094213,2026-03-24 03:40:55.634519,2026-03-24 03:41:32.126837,0 days 00:00:36.492318,0.691606115842996,0.8893069045934616,4.261123442784987,0.02716611774214568,10,6,800,0.0007174741247967467,2.2995558069525598e-05,0.7082191716251538,11.0,,,,,COMPLETE
163,0.5135165055839507,2026-03-24 03:41:32.127863,2026-03-24 03:42:07.851256,0 days 00:00:35.723393,0.6124554946508414,0.9349539138495102,3.5131966040249263,0.03050690530523478,8,4,700,0.0001303133135044818,5.902260941173664e-06,0.573493230814193,11.0,,,,,COMPLETE
164,0.5151472752314042,2026-03-24 03:42:07.852294,2026-03-24 03:43:09.618634,0 days 00:01:01.766340,0.7260588743781363,0.7090669797588116,1.6423540591263086,0.02182428439226588,12,2,800,0.0025495937698521657,0.00758735292910983,0.6563874876579181,11.0,,,,,COMPLETE
165,0.5121551411365578,2026-03-24 03:43:09.619369,2026-03-24 03:43:43.645225,0 days 00:00:34.025856,0.6763092051630732,0.9811773435112934,2.8951458756625206,0.05782255108715915,8,5,800,0.002349530056361199,1.8202287335159258e-06,0.6194702667884476,11.0,,,,,COMPLETE
166,0.5258980448611369,2026-03-24 03:43:43.646050,2026-03-24 03:44:58.223550,0 days 00:01:14.577500,0.7088678770761468,0.8804737601722148,3.489072707428917,0.014616730372188308,10,4,1500,0.07130795613365161,0.0344006895307697,0.662497580887778,11.0,,,,,COMPLETE
167,0.5165792139376307,2026-03-24 03:44:58.224468,2026-03-24 03:46:24.599526,0 days 00:01:26.375058,0.6623182444337421,0.9241471960880818,0.8580710436752745,0.013974382335089696,12,2,600,0.00012294420874148514,0.00014303737522370383,0.6413755419016003,11.0,,,,,COMPLETE
168,0.5172824733377981,2026-03-24 03:46:24.600399,2026-03-24 03:48:55.809421,0 days 00:02:31.209022,0.8901495189537749,0.5928432645381758,0.9990791422861846,0.008801048181205876,11,4,1200,0.00188510378379054,0.15152060401551118,0.5365144490488998,11.0,,,,,COMPLETE
169,0.5168078961611031,2026-03-24 03:48:55.810201,2026-03-24 03:50:40.928676,0 days 00:01:45.118475,0.55415015119886,0.8572996911714772,0.6302188715417367,0.012124819217211808,12,2,800,1.4480973384774247e-05,0.006337962225371354,0.5392730212681378,11.0,,,,,COMPLETE
170,0.4911522043311128,2026-03-24 03:50:40.929644,2026-03-24 03:51:23.511911,0 days 00:00:42.582267,0.7414709978392362,0.816664882278185,5.112517827038985,0.054689866411366986,8,3,1600,0.0006029449485132101,0.01485984112062438,0.6231422227345901,12.0,800495ec0d0000000000008c0a636d6165732e5f636d61948c03434d419493942981947d94288c065f6e5f64696d944b0a8c085f706f7073697a65944b0a8c035f6d75944b058c075f6d755f656666948c166e756d70792e5f636f72652e6d756c74696172726179948c067363616c61729493948c056e756d7079948c0564747970659493948c02663894898887945294284b038c013c944e4e4e4affffffff4affffffff4b007494624308186d7201a156094094869452948c035f636394680b68114308d170f1571fe1d23f94869452948c035f633194680b68114308efd1ee33204d8f3f94869452948c045f636d7594680b681143086bbc550553a3943f94869452948c085f635f7369676d6194680b6811430824bcd1f61334d23f94869452948c085f645f7369676d6194680b68114308096fb4fd048df43f94869452948c035f636d944b018c065f6368695f6e94474008ad851f1406cd8c085f776569676874739468098c0c5f7265636f6e737472756374949394680c8c076e6461727261799493944b0085944301629487945294284b014b0a8594680e8c02663894898887945294284b0368124e4e4e4affffffff4affffffff4b00749462894350649b20309233dd3fde743acc0454d13f25864b3ffdc3c43f663951a1ddd1b53f5de5adba2f1f9a3f61fb228a96d7b5bfd8a31982dd44cebfee6bfe92b483d7bf8f47a053f8e7debf1bced94754c2e2bf947494628c085f705f7369676d6194682f68314b008594683387945294284b014b0a85946811894350eead03f8c515c13fe7ffa39fbe98e43faad1c64c1cb4e83fea098c59b230c2bf9e063754690eeb3f7c7361bb135fedbfe2326a1c4c13d0bfaa147d28f6cdd7bfb063d0426991c83f6ee96a49c7e6dbbf947494628c035f706394682f68314b008594683387945294284b014b0a859468118943508ccd93f27878c23fc6f099f08d95dc3f6ed5ec52b0b1e83fd6b089952ff2b1bf6c2cbdf5e8a3e73f21cb36875dcdecbf70bd5eb0db7fcabfec5bfeccb53fd0bf60760a25a0c1b43fe58b82d3e482dcbf947494628c055f6d65616e94682f68314b008594683387945294284b014b0a85946839894350b1fefd2ce79fe33f1c1c975c4cc5e73f40cd5cdf61f7d23f1ff278c85f84e03f82733473f1f5ea3fc751fa3dea3fc33f7355adcb0700e13fd3b15f7f20c6e13f3e26ced524bce33f0380bfb52dcfd33f947494628c065f7369676d6194680b6811430839b5f60d3b1cc33f94869452948c025f44944e8c025f42944e8c075f626f756e647394682f68314b008594683387945294284b014b0a4b02869468398943a00000000000000000000000000000f03f0000000000000000000000000000f03f0000000000000000000000000000f03f00000000000000000,00000000000f03f0000000000000000000000000000f03f0000000000000000000000000000f03f0000000000000000000000000000f03f0000000000000000000000000000f03f0000000000000000000000000000f03f0000000000000000000000000000f03f947494628c115f6e5f6d61785f726573616d706c696e67944b648c025f67944b0c8c095f6c725f616461707494898c065f616c70686194473ff66666666666668c0a5f626574615f6d65616e94473fb999999999999a8c0b5f626574615f5369676d6194473f9eb851eb851eb88c065f67616d6d6194473fb999999999999a8c065f456d65616e94682f68314b008594683387945294284b014b0a4b01869468398943500000000000000000000000000000000000000000000000000000000000000000000000000000000000000000000000000000000000000000000000000000000000000000000000000000000000000000947494628c075f455369676d6194682f68314b008594683387945294284b014b644b0186946839894220030000000000000000000000000000000000000000000000000000000000000000000000000000000000000000000000000000000000000000000000000000000000000000000000000000000000000000000000000000000000000000000000000000000000000000000000000000000000000000000000000000000000000000000000000000000000000000000000000000000000000000000000000000000000000000000000000000000000000000000000000000000000000000000000000000000000000000000000000000000000000000000000000000000000000000000000000000000000000000000000000000000000000000000000000000000000000000000000000000000000000000000000000000000000000000000000000000000000000000000000000000000000000000000000000000000000000000000000000000000000000000000000000000000000000000000000000000000000000000000000000000000000000000000000000000000000000000000000000000000000000000000000000000000000000000000000000000000000000000000000000000000000000000000000000000000000000000000000000000000000000000000000000000000000000000000000000000000000000000000000000000000000000000000000000000000000000000000000000000000000000000000000000000000000000000000000000000000000000000000000000000000000000000000000000000000000000000000000000000000000000000000000000000000000000000000000000000000000000000000000000000000000000000000000000000000000000000000000000000000000000000,0000000000000000000000000000000000000000000000000000000000000000000000000000000000000000000000000000000000000000000000000000000000000000000000000000000000000000000000000000000000000000000000000000000000000000000000000000000000000000000000000000000000000000000000000000000000000000000000000000000000000000000000000000000000000000000000000000947494628c065f566d65616e944700000000000000008c075f565369676d61944700000000000000008c095f6574615f6d65616e94473ff00000000000008c0a5f6574615f5369676d6194473ff00000000000008c055f746f6c7894473d551c51ce3718e18c075f746f6c787570944740c38800000000008c075f746f6c66756e94473d719799812dea118c105f746f6c636f6e646974696f6e636f76944742d6bcc41e9000008c0d5f66756e686973745f7465726d944b288c0f5f66756e686973745f76616c75657394682f68314b008594683387945294284b014b50859468398942800200009acbc82d88130dc00000000000000000dd066de796cde0bf4376631d31d5ddbfbcaa7c4337b4e0bf83fe5bbf618bdfbfd29c8660328ae0bf8d41c814ebc9ddbf6f752b24a7d6e0bf312601c25a0ddfbf60b72c3426ade0bf98ca001eab79debf0741eadd29d0e0bfb007aae77b66dfbf3508177eb99ce0bffc4a7a4fcfeddebf1b6006d09b9be0bf484e1ad9e5b5dfbf6dcb49c4e1bfe0bf13c9f25069a6dfbfc8c714d32e4fe1bf6d56f4e46068dfbf3fab26b23fdfe0bfa5786ad8d9dfdfbf81aff62228d4e0bf849378879843e0bfa1a71fbb98bd0fc00000000000000000dcf6980ce29e0fc0000000000000000078287ed049850fc00000000000000000102ecf06d0700fc00000000000000000ac74915de894ffbf0000000000000000db421f74682d00c000000000000000005eb69ee7996601c000000000000000002ed3485819520fc0000000000000000064b7ece4229e00c00000000000000000937623629e4600c0000000000000000078287ed049850fc00000000000000000dcf6980ce29e0fc000000000000000000cd3968b52f001c000000000000000004bb986781dbb01c00000000000000000b4de8388d35104c00000000000000000380f6564f82304c00000000000000000b6610ae6f22704c000000000000000001ac2ea13218d07c00000000000000000879d335cabea0bc00000000000000000be7da654e10310c00000000000000000153324dd271413c000000000000000006c59a773e7d515c00000000000000000d88800f6d06a17c00000000000000000b0a9f84bc35d21c0000000000000000052f128721be623c000000000000000005e082692a87128c0000000000,000000008f906ea22b82bc00000000000000000947494628c055f635f316494682f68314b008594683387945294284b014b37859468118942b80100004ce1287f08a8ec3f0ac845580c3f843f86a4279ff894a43fdd942d615a9ea0bf7148133b7edab1bf3f50f4f0933590bf18a98c0c47347cbf235af25436c6c0bff2dd96ef4287793f10b6784a3fb4953f6f5f4976e4c5e83fc0141f41d468a83f483993698015973f3966f1c86db1a33f642f5b43cef298bf6cf968330ed6a6bf9464869f457ab7bf788a2a653dc7b3bf8ea58ff7f46a9dbf17149a42e59bea3f7d6e52b18048b13facb2915370b47c3f05da7998e4adbebf6d24427f371c9a3f0b4171274d1ea03f189548f78d52c0bf6a87c7960c8faabffd2f98404928e43facc180d0b7ac8c3f45a8a77c3725a4bfc1253502667281bffd4c8404c9edc1bf63b34fcf5878b03f5cf5e8134175a13f3d5970e9a100f03fe7d83961c1d0b8bf6ebab68229a297bfdad41ba4987d7b3fd6f543dd8b7596bf061eaf65fc29803f995df47b1e6eed3f4c050293f6d5b43fefcc0f266606b13f2347ce0db933b3bfddf84dfea834843fdd957bd8fd38ec3fe218dfe959f0be3fdf47a90fa8c5c53f38ea119fdfb2b43f629fd885b600eb3f4e3856dda29eba3ff0cc597d48e5953f69e8a021b0bcf03fb62bbef98cccc03ff71da01026bce93f9474946275622e,COMPLETE
171,0.5112741436977793,2026-03-24 03:51:23.512974,2026-03-24 03:53:56.908761,0 days 00:02:33.395787,0.6989452721819128,0.868644333626414,0.5983785665867863,0.005559966451498239,11,5,1300,0.07994559991591757,0.003829771942440738,0.5804701624088733,12.0,,,,,COMPLETE
172,0.5072208915536783,2026-03-24 03:53:56.909636,2026-03-24 03:55:31.288252,0 days 00:01:34.378616,0.7859973929086999,0.8232806643994794,0.7434452167773553,0.03840622484506387,10,2,1200,0.0022787521836151073,3.5681507008348023,0.5072853128942398,12.0,,,,,COMPLETE
173,0.5156514934247292,2026-03-24 03:55:31.289139,2026-03-24 03:56:25.553072,0 days 00:00:54.263933,0.6298948950920302,0.807115425504457,3.1470591979279057,0.025051914789253612,12,1,1400,0.0023421951481509998,3.945673018859986e-06,0.6181183791584324,12.0,,,,,COMPLETE
174,0.49908447415113627,2026-03-24 03:56:25.554088,2026-03-24 03:57:15.527196,0 days 00:00:49.973108,0.73767769751424,0.8773165786927524,4.678192594323038,0.022517677547224262,12,5,1300,0.07646456731686262,0.02823947395412099,0.5106753374637165,12.0,,,,,COMPLETE
175,0.5107673782223143,2026-03-24 03:57:15.528019,2026-03-24 03:59:05.028921,0 days 00:01:49.500902,0.6391849042452993,0.8803378088482972,1.3130131059720167,0.014344624916171998,11,3,1300,5.333966949518403e-05,0.0012711318133632624,0.5532642016648673,12.0,,,,,COMPLETE
176,0.502305344021769,2026-03-24 03:59:05.029794,2026-03-24 04:00:21.426242,0 days 00:01:16.396448,0.554950766477756,0.9114909115282628,4.736451448878942,0.00917312613075957,11,1,1700,0.004103265934225593,0.008114991515393612,0.6188779947187439,12.0,,,,,COMPLETE
177,0.5077358106731886,2026-03-24 04:00:21.427406,2026-03-24 04:01:27.242442,0 days 00:01:05.815036,0.9038620941112923,0.8888716935846448,2.8214044053135225,0.015370123450266412,9,7,1100,1.5119389172261678e-05,0.0007933718189265831,0.5953712328471645,12.0,,,,,COMPLETE
178,0.5146925115585708,2026-03-24 04:01:27.243438,2026-03-24 04:02:33.071086,0 days 00:01:05.827648,0.6920530483363387,0.8748310132630155,2.775991591032148,0.0157488936376825,10,7,1200,0.07088505674703365,0.0002985619602430804,0.692833653263676,12.0,,,,,COMPLETE
179,0.5185406381598437,2026-03-24 04:02:33.071931,2026-03-24 04:03:30.423734,0 days 00:00:57.351803,0.7989822807473532,0.8814971988907558,2.8404742756340937,0.04151127042335082,11,4,1600,0.014934324416646777,7.0266396299268274,0.5421922427649004,12.0,,,,,COMPLETE
