number,value,datetime_start,datetime_complete,duration,params_colsample_bylevel,params_colsample_bytree,params_gamma,params_learning_rate,params_max_depth,params_min_child_weight,params_n_estimators,params_reg_alpha,params_reg_lambda,params_subsample,system_attrs_cma:generation,system_attrs_cma:optimizer:0,system_attrs_cma:optimizer:1,system_attrs_cma:optimizer:2,system_attrs_cma:optimizer:3,state
80,0.5175117998466416,2026-03-24 02:01:33.625890,2026-03-24 02:02:54.145472,0 days 00:01:20.519582,0.8458658733949298,0.8413887053623883,1.3294470251260073,0.012546325001766764,5,12,1600,0.07343088168282107,5.150646252669079e-06,0.4737424916268015,3.0,800495ec0d0000000000008c0a636d6165732e5f636d61948c03434d419493942981947d94288c065f6e5f64696d944b0a8c085f706f7073697a65944b0a8c035f6d75944b058c075f6d755f656666948c166e756d70792e5f636f72652e6d756c74696172726179948c067363616c61729493948c056e756d7079948c0564747970659493948c02663894898887945294284b038c013c944e4e4e4affffffff4affffffff4b007494624308186d7201a156094094869452948c035f636394680b68114308d170f1571fe1d23f94869452948c035f633194680b68114308efd1ee33204d8f3f94869452948c045f636d7594680b681143086bbc550553a3943f94869452948c085f635f7369676d6194680b6811430824bcd1f61334d23f94869452948c085f645f7369676d6194680b68114308096fb4fd048df43f94869452948c035f636d944b018c065f6368695f6e94474008ad851f1406cd8c085f776569676874739468098c0c5f7265636f6e737472756374949394680c8c076e6461727261799493944b0085944301629487945294284b014b0a8594680e8c02663894898887945294284b0368124e4e4e4affffffff4affffffff4b00749462894350649b20309233dd3fde743acc0454d13f25864b3ffdc3c43f663951a1ddd1b53f5de5adba2f1f9a3f61fb228a96d7b5bfd8a31982dd44cebfee6bfe92b483d7bf8f47a053f8e7debf1bced94754c2e2bf947494628c085f705f7369676d6194682f68314b008594683387945294284b014b0a85946811894350f49f170b4bd5c43fea1bc7df7c83d93f1d5112e98827e8bf86aa13bde291f1bfe2cc353d3ac2f2bffe02ffbb6e10f93f54a42a106576d1bfb151f9f5c860f43fa89cda28541db7bf48dd7a121962e63f947494628c035f706394682f68314b008594683387945294284b014b0a8594681189435068b815184d0ac23f36e4a731ffecd93fe553e40e3ca3e8bf9850c6ade278f1bf3ce4666639ccf2bf062abfd67cbef83f2581ced6ca7ad0bf2e4b69536895f33f189635c85f87bfbf33b9ecc03943e63f947494628c055f6d65616e94682f68314b008594683387945294284b014b0a859468398943504047a8d2b684e73f3b71118a4f18e53ffc3f611a87dbc53fc4fd9d028d38dc3fc3154d6b7e0dd03ffc867db3352be03fe71a97b76f92e23fd03596d95770ea3f46a35f30d69cd93f9a9ad01cee86d63f947494628c065f7369676d6194680b6811430895e546e40d35cf3f94869452948c025f44944e8c025f42944e8c075f626f756e647394682f68314b008594683387945294284b014b0a4b02869468398943a00000000000000000000000000000f03f0000000000000000000000000000f03f0000000000000000000000000000f03f00000000000000000,00000000000f03f0000000000000000000000000000f03f0000000000000000000000000000f03f0000000000000000000000000000f03f0000000000000000000000000000f03f0000000000000000000000000000f03f0000000000000000000000000000f03f947494628c115f6e5f6d61785f726573616d706c696e67944b648c025f67944b038c095f6c725f616461707494898c065f616c70686194473ff66666666666668c0a5f626574615f6d65616e94473fb999999999999a8c0b5f626574615f5369676d6194473f9eb851eb851eb88c065f67616d6d6194473fb999999999999a8c065f456d65616e94682f68314b008594683387945294284b014b0a4b01869468398943500000000000000000000000000000000000000000000000000000000000000000000000000000000000000000000000000000000000000000000000000000000000000000000000000000000000000000947494628c075f455369676d6194682f68314b008594683387945294284b014b644b0186946839894220030000000000000000000000000000000000000000000000000000000000000000000000000000000000000000000000000000000000000000000000000000000000000000000000000000000000000000000000000000000000000000000000000000000000000000000000000000000000000000000000000000000000000000000000000000000000000000000000000000000000000000000000000000000000000000000000000000000000000000000000000000000000000000000000000000000000000000000000000000000000000000000000000000000000000000000000000000000000000000000000000000000000000000000000000000000000000000000000000000000000000000000000000000000000000000000000000000000000000000000000000000000000000000000000000000000000000000000000000000000000000000000000000000000000000000000000000000000000000000000000000000000000000000000000000000000000000000000000000000000000000000000000000000000000000000000000000000000000000000000000000000000000000000000000000000000000000000000000000000000000000000000000000000000000000000000000000000000000000000000000000000000000000000000000000000000000000000000000000000000000000000000000000000000000000000000000000000000000000000000000000000000000000000000000000000000000000000000000000000000000000000000000000000000000000000000000000000000000000000000000000000000000000000000000000000000000000000000000000000000000000000,0000000000000000000000000000000000000000000000000000000000000000000000000000000000000000000000000000000000000000000000000000000000000000000000000000000000000000000000000000000000000000000000000000000000000000000000000000000000000000000000000000000000000000000000000000000000000000000000000000000000000000000000000000000000000000000000000000947494628c065f566d65616e944700000000000000008c075f565369676d61944700000000000000008c095f6574615f6d65616e94473ff00000000000008c0a5f6574615f5369676d6194473ff00000000000008c055f746f6c7894473d551c51ce3718e18c075f746f6c787570944740c38800000000008c075f746f6c66756e94473d719799812dea118c105f746f6c636f6e646974696f6e636f76944742d6bcc41e9000008c0d5f66756e686973745f7465726d944b288c0f5f66756e686973745f76616c75657394682f68314b008594683387945294284b014b50859468398942800200009acbc82d88130dc00000000000000000dd066de796cde0bf4376631d31d5ddbfbcaa7c4337b4e0bf83fe5bbf618bdfbfd29c8660328ae0bf8d41c814ebc9ddbfb4de8388d35104c000000000000000000cd3968b52f001c0000000000000000075d0725bb3b202c00000000000000000937623629e4600c000000000000000001ae19dba391c10c0000000000000000064b7ece4229e00c00000000000000000f27bb8b7300510c00000000000000000a87b6b3ea0b901c00000000000000000ec4b12dc6de10fc00000000000000000a1a71fbb98bd0fc00000000000000000dcf6980ce29e0fc0000000000000000078287ed049850fc00000000000000000102ecf06d0700fc00000000000000000ac74915de894ffbf0000000000000000db421f74682d00c000000000000000005eb69ee7996601c000000000000000002ed3485819520fc0000000000000000064b7ece4229e00c00000000000000000937623629e4600c0000000000000000078287ed049850fc00000000000000000dcf6980ce29e0fc000000000000000000cd3968b52f001c000000000000000004bb986781dbb01c00000000000000000b4de8388d35104c00000000000000000380f6564f82304c00000000000000000b6610ae6f22704c000000000000000001ac2ea13218d07c00000000000000000879d335cabea0bc00000000000000000be7da654e10310c00000000000000000153324dd271413c000000000000000006c59a773e7d515c00000000000000000d88800f6d06a17c00000000000000000b0a9f84bc35d21c0000000000000000052f128721be623c000000000000000005e082692a87128c0000000000,000000008f906ea22b82bc00000000000000000947494628c055f635f316494682f68314b008594683387945294284b014b37859468118942b80100009198d9804b8cef3fd83411f124d2973f30014a7619693f3f3b7353747fbe98bf0a6baafdcfb48fbf180149462a4f9dbff09538fe5d4b9ebfa2a82bddd25da5bfc01d63ff8d73663f7c18af029a1c9c3f371de4e758fdee3f928ec4802ad5933f8964b170c1ff943f1c0fb7cba2aa8bbf1a1be3a898f9953f08e647c61e9d943f1f99da403989a33f946f43d505c4a8bf6a507940a961aabfb37fd6dfadbbef3f739856b9cc9da53f0a4885297a10783f67ade5a75d17a7bfe98cacbbadaf93bfa698ef76af7d96bfd21a4dc778df99bf1064b1bbca7a5f3f51e2a27e8a01eb3ff8faaefc70696e3f2a08035850f7adbf0ec823480711a8bf829379aeaf0ebdbf37f7aaff72c2a63f247fe1eefe24a23f0ea7a887fd5eef3f2012a31538c3a2bfbdbf502df1d79e3fb2e42a3918d195bf5d2d348558ff8fbfa3501b23a223a0bf5678bbb7857fee3fb43a480f8f59663fecce0be3b213a13f3a9ad32faee694bf22a45a7dd00a883fa59a3d99920fee3f1c40d08c0e0180bf824ff3b8156ea53f18a26da824f7a63f3fac008eac7dec3f0ca7c0dd2e189dbfed5c3843e627a93f635243a99565ef3f342f34ccc7a3993f9a983fcaa971ef3f9474946275622e,COMPLETE
81,0.5058997865467618,2026-03-24 02:02:54.146301,2026-03-24 02:03:39.394029,0 days 00:00:45.247728,0.7452233614841756,0.8606945250811322,3.68708063569104,0.03835372811719646,4,16,1800,0.13454695484045595,0.000879468922638143,0.7437957970200302,3.0,,,,,COMPLETE
82,0.4851900953841293,2026-03-24 02:03:39.395029,2026-03-24 02:04:12.273287,0 days 00:00:32.878258,0.6281050506572875,0.4292943084929346,3.9591028143326668,0.005961713242068726,4,7,800,0.624972656731566,0.003662531378344368,0.6524036364169681,3.0,,,,,COMPLETE
83,0.5087267530305627,2026-03-24 02:04:12.274288,2026-03-24 02:04:49.749996,0 days 00:00:37.475708,0.8981991037628625,0.7137381902731194,6.049625975243622,0.008145808027363387,7,12,800,0.0031586038152498263,0.0006262287385797479,0.5954138758800198,3.0,,,,,COMPLETE
84,0.5115020558040956,2026-03-24 02:04:49.751214,2026-03-24 02:05:59.242179,0 days 00:01:09.490965,0.9328932515511252,0.5859116319968802,0.953326592844595,0.010642522210018575,3,10,2000,0.10196845891934188,1.8812411503293485e-05,0.4937223583891158,3.0,,,,,COMPLETE
85,0.49152068158663303,2026-03-24 02:05:59.243645,2026-03-24 02:06:56.148444,0 days 00:00:56.904799,0.9282308956446741,0.9544557261948967,1.582355574187635,0.004437518333446074,8,13,800,3.3322732598705684,0.00031519386650030897,0.48116510489569764,3.0,,,,,COMPLETE
86,0.5262027460518491,2026-03-24 02:06:56.149472,2026-03-24 02:07:58.663422,0 days 00:01:02.513950,0.7075098656397667,0.6985890205725002,1.9962850144454327,0.01812301443693097,8,9,1100,0.002203095250557913,2.923685363009131e-06,0.6373372604156975,3.0,,,,,COMPLETE
87,0.5085263322142544,2026-03-24 02:07:58.664402,2026-03-24 02:08:26.678226,0 days 00:00:28.013824,0.781161376501742,0.7714942247158518,5.480933158049115,0.011647392624161715,3,4,900,4.981187908368898e-05,0.01970218085528627,0.7038659415506499,3.0,,,,,COMPLETE
88,0.5169714647484206,2026-03-24 02:08:26.679203,2026-03-24 02:09:12.906769,0 days 00:00:46.227566,0.7787569615242411,0.7010734574875093,3.4919912426340503,0.01265296158849523,5,9,1300,0.002933592755994328,0.013733586783763914,0.7400609043543196,3.0,,,,,COMPLETE
89,0.49773876473607365,2026-03-24 02:09:12.907644,2026-03-24 02:10:49.879511,0 days 00:01:36.971867,0.7759538183962214,0.7794595578991063,0.5222887209145952,0.06112448535953714,6,11,1700,0.00019982245722462825,6.945820795717462e-05,0.5653490518702813,3.0,,,,,COMPLETE
90,0.508046505075345,2026-03-24 02:10:49.880339,2026-03-24 02:12:13.593283,0 days 00:01:23.712944,0.8637045718123859,0.8452807578862098,0.8808511204550442,0.017937750407984,4,11,1900,0.011976979157622294,6.5691746225627714e-06,0.70193134997884,4.0,800495ec0d0000000000008c0a636d6165732e5f636d61948c03434d419493942981947d94288c065f6e5f64696d944b0a8c085f706f7073697a65944b0a8c035f6d75944b058c075f6d755f656666948c166e756d70792e5f636f72652e6d756c74696172726179948c067363616c61729493948c056e756d7079948c0564747970659493948c02663894898887945294284b038c013c944e4e4e4affffffff4affffffff4b007494624308186d7201a156094094869452948c035f636394680b68114308d170f1571fe1d23f94869452948c035f633194680b68114308efd1ee33204d8f3f94869452948c045f636d7594680b681143086bbc550553a3943f94869452948c085f635f7369676d6194680b6811430824bcd1f61334d23f94869452948c085f645f7369676d6194680b68114308096fb4fd048df43f94869452948c035f636d944b018c065f6368695f6e94474008ad851f1406cd8c085f776569676874739468098c0c5f7265636f6e737472756374949394680c8c076e6461727261799493944b0085944301629487945294284b014b0a8594680e8c02663894898887945294284b0368124e4e4e4affffffff4affffffff4b00749462894350649b20309233dd3fde743acc0454d13f25864b3ffdc3c43f663951a1ddd1b53f5de5adba2f1f9a3f61fb228a96d7b5bfd8a31982dd44cebfee6bfe92b483d7bf8f47a053f8e7debf1bced94754c2e2bf947494628c085f705f7369676d6194682f68314b008594683387945294284b014b0a859468118943508e41d42a087ac2bf906a361bb965ad3fe4975886bcb7d7bf86d12c104e4de6bf7c6865bde782ccbf756b62629694ef3f770814d3cc86b3bfa8e3e67ca601babf94188ce487bcd5bfb7ed6766ae16da3f947494628c035f706394682f68314b008594683387945294284b014b0a8594681189435008401dac0b56c3bf50749977fb36a53ffa8791512da3d6bfc810a22fab08e4bf94937ec84ac7c7bf3a5a1475c0a8ed3fc2a8127ebbccaebff8fa652cad52bebfc32579982625d6bfa3fbffbbd238d73f947494628c055f6d65616e94682f68314b008594683387945294284b014b0a859468398943500cfb128f6ef8e53f18d99620f395e33fa561bcbc7288ca3f1afe2486b9ffdd3f9e7e81c5f7fed73f329d66561e51de3f04d502158352e33fbecb1c1b685fe43f570930b98a68d63f5a258bd3faf2d43f947494628c065f7369676d6194680b681143085d384db782a8cb3f94869452948c025f44944e8c025f42944e8c075f626f756e647394682f68314b008594683387945294284b014b0a4b02869468398943a00000000000000000000000000000f03f0000000000000000000000000000f03f0000000000000000000000000000f03f00000000000000000,00000000000f03f0000000000000000000000000000f03f0000000000000000000000000000f03f0000000000000000000000000000f03f0000000000000000000000000000f03f0000000000000000000000000000f03f0000000000000000000000000000f03f947494628c115f6e5f6d61785f726573616d706c696e67944b648c025f67944b048c095f6c725f616461707494898c065f616c70686194473ff66666666666668c0a5f626574615f6d65616e94473fb999999999999a8c0b5f626574615f5369676d6194473f9eb851eb851eb88c065f67616d6d6194473fb999999999999a8c065f456d65616e94682f68314b008594683387945294284b014b0a4b01869468398943500000000000000000000000000000000000000000000000000000000000000000000000000000000000000000000000000000000000000000000000000000000000000000000000000000000000000000947494628c075f455369676d6194682f68314b008594683387945294284b014b644b0186946839894220030000000000000000000000000000000000000000000000000000000000000000000000000000000000000000000000000000000000000000000000000000000000000000000000000000000000000000000000000000000000000000000000000000000000000000000000000000000000000000000000000000000000000000000000000000000000000000000000000000000000000000000000000000000000000000000000000000000000000000000000000000000000000000000000000000000000000000000000000000000000000000000000000000000000000000000000000000000000000000000000000000000000000000000000000000000000000000000000000000000000000000000000000000000000000000000000000000000000000000000000000000000000000000000000000000000000000000000000000000000000000000000000000000000000000000000000000000000000000000000000000000000000000000000000000000000000000000000000000000000000000000000000000000000000000000000000000000000000000000000000000000000000000000000000000000000000000000000000000000000000000000000000000000000000000000000000000000000000000000000000000000000000000000000000000000000000000000000000000000000000000000000000000000000000000000000000000000000000000000000000000000000000000000000000000000000000000000000000000000000000000000000000000000000000000000000000000000000000000000000000000000000000000000000000000000000000000000000000000000000000000000,0000000000000000000000000000000000000000000000000000000000000000000000000000000000000000000000000000000000000000000000000000000000000000000000000000000000000000000000000000000000000000000000000000000000000000000000000000000000000000000000000000000000000000000000000000000000000000000000000000000000000000000000000000000000000000000000000000947494628c065f566d65616e944700000000000000008c075f565369676d61944700000000000000008c095f6574615f6d65616e94473ff00000000000008c0a5f6574615f5369676d6194473ff00000000000008c055f746f6c7894473d551c51ce3718e18c075f746f6c787570944740c38800000000008c075f746f6c66756e94473d719799812dea118c105f746f6c636f6e646974696f6e636f76944742d6bcc41e9000008c0d5f66756e686973745f7465726d944b288c0f5f66756e686973745f76616c75657394682f68314b008594683387945294284b014b50859468398942800200009acbc82d88130dc00000000000000000dd066de796cde0bf4376631d31d5ddbfbcaa7c4337b4e0bf83fe5bbf618bdfbfd29c8660328ae0bf8d41c814ebc9ddbf6f752b24a7d6e0bf312601c25a0ddfbf0cd3968b52f001c0000000000000000075d0725bb3b202c00000000000000000937623629e4600c000000000000000001ae19dba391c10c0000000000000000064b7ece4229e00c00000000000000000f27bb8b7300510c00000000000000000a87b6b3ea0b901c00000000000000000ec4b12dc6de10fc00000000000000000a1a71fbb98bd0fc00000000000000000dcf6980ce29e0fc0000000000000000078287ed049850fc00000000000000000102ecf06d0700fc00000000000000000ac74915de894ffbf0000000000000000db421f74682d00c000000000000000005eb69ee7996601c000000000000000002ed3485819520fc0000000000000000064b7ece4229e00c00000000000000000937623629e4600c0000000000000000078287ed049850fc00000000000000000dcf6980ce29e0fc000000000000000000cd3968b52f001c000000000000000004bb986781dbb01c00000000000000000b4de8388d35104c00000000000000000380f6564f82304c00000000000000000b6610ae6f22704c000000000000000001ac2ea13218d07c00000000000000000879d335cabea0bc00000000000000000be7da654e10310c00000000000000000153324dd271413c000000000000000006c59a773e7d515c00000000000000000d88800f6d06a17c00000000000000000b0a9f84bc35d21c0000000000000000052f128721be623c000000000000000005e082692a87128c0000000000,000000008f906ea22b82bc00000000000000000947494628c055f635f316494682f68314b008594683387945294284b014b37859468118942b80100002dac2fc9fdf3ee3fb4e72ee2f40d87bf87672244e8c88e3f46187e3208f292bf9bdfc3787fe2a4bf287312771387a4bfbc1032580fb497bf114eabf0dfe7a6bf594d6631552d903f4beb48378a4aa33f2694ce17a4e6ec3fc74df452dbbda33f6753c4536d458a3ff632dcfd8842a7bff04b1f2312767dbf5cdd38a9dd4b713f93de80a85614a53f5f87027158d0a2bf9f3e292b1780a2bfbf596777322cef3f166c89ff93b6ab3f47a0794a402a973fc4c9e8846b46a7bfb5ed2b666df580bf545c97786cc79ebfca4fa58ad948a2bfac94f0db9cbe84bfed91dc577717ea3fd00fb9450e828e3f5275102b529cb3bfc83da8fd82fab6bf754dd4ce57bab5bf307257049036aa3f489880f1a0db983fdea3a96f67f6ee3f20b2cbb9708fabbf02f8bf197654a13f4f03fdce720ba1bf38fcfe2c22bb93bf247a89f845207bbf200fd59ec13cee3f9ea06c9de29a88bfa6abef085d0fa13f82f230f11e1997bf272ecf430e1d913fc5f7466cc17eec3f021a51123464953f6e29e1b15144ac3f871119d50bf3983f292fbe2ac0b7eb3f7477d159ffde96bf7134a465b16aa83ff469f413df3def3f30e84fa35717993feca5665f281eef3f9474946275622e,COMPLETE
91,0.47617605142583264,2026-03-24 02:12:13.594134,2026-03-24 02:12:53.766204,0 days 00:00:40.172070,0.8779425243040437,0.5237296664917992,0.5657314044817694,0.09418568281014232,4,10,900,0.0015258364582896903,1.2757060293881794e-08,0.487494406198703,4.0,,,,,COMPLETE
92,0.5018432964506339,2026-03-24 02:12:53.767348,2026-03-24 02:13:10.208737,0 days 00:00:16.441389,0.9445594628668819,0.9719489217513446,3.048278085105074,0.11892255570678213,3,11,500,0.08079020037528552,0.004056700045180877,0.7312292456670026,4.0,,,,,COMPLETE
93,0.5070092903580219,2026-03-24 02:13:10.209603,2026-03-24 02:13:46.828474,0 days 00:00:36.618871,0.7869889120222029,0.70153392183098,3.0762420535546484,0.04479498392216117,4,9,1200,0.00147986127630944,0.00027238844214416176,0.692458224753409,4.0,,,,,COMPLETE
94,0.5094782671811248,2026-03-24 02:13:46.829445,2026-03-24 02:14:46.802203,0 days 00:00:59.972758,0.6250880617849535,0.5737318149619428,1.4262346949360607,0.01576498338677455,6,12,1100,0.07935629625694308,0.0001761326012971384,0.593587913189148,4.0,,,,,COMPLETE
95,0.5211363810574134,2026-03-24 02:14:46.803108,2026-03-24 02:15:54.002975,0 days 00:01:07.199867,0.7490591337920124,0.7469986710195783,1.3753575636438475,0.017368997115222648,8,4,1300,0.06671948007831717,0.11706207784672984,0.6640775700567902,4.0,,,,,COMPLETE
96,0.5018218090809984,2026-03-24 02:15:54.003681,2026-03-24 02:17:24.285499,0 days 00:01:30.281818,0.820746426071802,0.5335318933428788,3.131363326330919,0.003334757479514736,8,18,1500,0.025617066737222423,0.02111036114936917,0.6922189685317539,4.0,,,,,COMPLETE
97,0.5174331710528972,2026-03-24 02:17:24.286414,2026-03-24 02:18:18.488516,0 days 00:00:54.202102,0.6076901020564975,0.6775075805293602,1.8732591177802393,0.016445197425366112,8,12,1300,2.152368164123157,0.00020484774027038408,0.5605579144830779,4.0,,,,,COMPLETE
98,0.5142501539387002,2026-03-24 02:18:18.489410,2026-03-24 02:19:55.578737,0 days 00:01:37.089327,0.6624674358705267,0.5764521509804794,0.16663316945264905,0.022380073971154164,7,5,1500,0.00012868150495639485,0.020198968179908038,0.48600454513359115,4.0,,,,,COMPLETE
99,0.5150984403700195,2026-03-24 02:19:55.579752,2026-03-24 02:20:39.505692,0 days 00:00:43.925940,0.782163615622046,0.4811654283548805,4.362241139700719,0.014784530814457002,8,6,1100,0.09056134644660753,1.618482236540727e-05,0.6655614444653775,4.0,,,,,COMPLETE
