number,value,datetime_start,datetime_complete,duration,params_colsample_bylevel,params_colsample_bytree,params_gamma,params_learning_rate,params_max_depth,params_min_child_weight,params_n_estimators,params_reg_alpha,params_reg_lambda,params_subsample,system_attrs_cma:generation,system_attrs_cma:optimizer:0,system_attrs_cma:optimizer:1,system_attrs_cma:optimizer:2,system_attrs_cma:optimizer:3,state
280,0.5267940203822582,2026-03-24 05:55:53.518766,2026-03-24 05:56:32.957343,0 days 00:00:39.438577,0.8017367753431541,0.801206350459944,2.918039381212123,0.020293051728419387,10,4,1500,0.0016465110861225533,0.01684796105793982,0.5238058000589855,23.0,800495ec0d0000000000008c0a636d6165732e5f636d61948c03434d419493942981947d94288c065f6e5f64696d944b0a8c085f706f7073697a65944b0a8c035f6d75944b058c075f6d755f656666948c166e756d70792e5f636f72652e6d756c74696172726179948c067363616c61729493948c056e756d7079948c0564747970659493948c02663894898887945294284b038c013c944e4e4e4affffffff4affffffff4b007494624308186d7201a156094094869452948c035f636394680b68114308d170f1571fe1d23f94869452948c035f633194680b68114308efd1ee33204d8f3f94869452948c045f636d7594680b681143086bbc550553a3943f94869452948c085f635f7369676d6194680b6811430824bcd1f61334d23f94869452948c085f645f7369676d6194680b68114308096fb4fd048df43f94869452948c035f636d944b018c065f6368695f6e94474008ad851f1406cd8c085f776569676874739468098c0c5f7265636f6e737472756374949394680c8c076e6461727261799493944b0085944301629487945294284b014b0a8594680e8c02663894898887945294284b0368124e4e4e4affffffff4affffffff4b00749462894350649b20309233dd3fde743acc0454d13f25864b3ffdc3c43f663951a1ddd1b53f5de5adba2f1f9a3f61fb228a96d7b5bfd8a31982dd44cebfee6bfe92b483d7bf8f47a053f8e7debf1bced94754c2e2bf947494628c085f705f7369676d6194682f68314b008594683387945294284b014b0a85946811894350671af766f7b1ecbff3848624868fd83f0297c0165400db3f4ccc876b3541d13f003b576fa1e1853f708d65087920b3bf0cdc58380f7fd4bfe6db42c62c8ee9bff6dd8e7a4496ef3fa27c8482b965e8bf947494628c035f706394682f68314b008594683387945294284b014b0a859468118943501c62718d4c34e9bf8cf2b3908acbc83f2ca46aa8ec90d43f8c944a739b33da3fb0261453f1fea5bf38422f05d9e6d0bf321112ce8434d0bf6349b11d6b62e3bf3191d88c5434ea3f86ef826d585ae1bf947494628c055f6d65616e94682f68314b008594683387945294284b014b0a859468398943509ed514a44c0ae63f2e363c9a7b60e73fd1b671e4e97fd23f9d09cae1eeabe13fac6b92b51837e73f2790d28471d7c83f7424e2c93de8e43fab5cdd06081ee23fc917a8ddda49e53f27e92e9717c6c73f947494628c065f7369676d6194680b68114308b3f006b115d2ae3f94869452948c025f44944e8c025f42944e8c075f626f756e647394682f68314b008594683387945294284b014b0a4b02869468398943a00000000000000000000000000000f03f0000000000000000000000000000f03f0000000000000000000000000000f03f00000000000000000,00000000000f03f0000000000000000000000000000f03f0000000000000000000000000000f03f0000000000000000000000000000f03f0000000000000000000000000000f03f0000000000000000000000000000f03f0000000000000000000000000000f03f947494628c115f6e5f6d61785f726573616d706c696e67944b648c025f67944b178c095f6c725f616461707494898c065f616c70686194473ff66666666666668c0a5f626574615f6d65616e94473fb999999999999a8c0b5f626574615f5369676d6194473f9eb851eb851eb88c065f67616d6d6194473fb999999999999a8c065f456d65616e94682f68314b008594683387945294284b014b0a4b01869468398943500000000000000000000000000000000000000000000000000000000000000000000000000000000000000000000000000000000000000000000000000000000000000000000000000000000000000000947494628c075f455369676d6194682f68314b008594683387945294284b014b644b0186946839894220030000000000000000000000000000000000000000000000000000000000000000000000000000000000000000000000000000000000000000000000000000000000000000000000000000000000000000000000000000000000000000000000000000000000000000000000000000000000000000000000000000000000000000000000000000000000000000000000000000000000000000000000000000000000000000000000000000000000000000000000000000000000000000000000000000000000000000000000000000000000000000000000000000000000000000000000000000000000000000000000000000000000000000000000000000000000000000000000000000000000000000000000000000000000000000000000000000000000000000000000000000000000000000000000000000000000000000000000000000000000000000000000000000000000000000000000000000000000000000000000000000000000000000000000000000000000000000000000000000000000000000000000000000000000000000000000000000000000000000000000000000000000000000000000000000000000000000000000000000000000000000000000000000000000000000000000000000000000000000000000000000000000000000000000000000000000000000000000000000000000000000000000000000000000000000000000000000000000000000000000000000000000000000000000000000000000000000000000000000000000000000000000000000000000000000000000000000000000000000000000000000000000000000000000000000000000000000000000000000000000000000,0000000000000000000000000000000000000000000000000000000000000000000000000000000000000000000000000000000000000000000000000000000000000000000000000000000000000000000000000000000000000000000000000000000000000000000000000000000000000000000000000000000000000000000000000000000000000000000000000000000000000000000000000000000000000000000000000000947494628c065f566d65616e944700000000000000008c075f565369676d61944700000000000000008c095f6574615f6d65616e94473ff00000000000008c0a5f6574615f5369676d6194473ff00000000000008c055f746f6c7894473d551c51ce3718e18c075f746f6c787570944740c38800000000008c075f746f6c66756e94473d719799812dea118c105f746f6c636f6e646974696f6e636f76944742d6bcc41e9000008c0d5f66756e686973745f7465726d944b288c0f5f66756e686973745f76616c75657394682f68314b008594683387945294284b014b50859468398942800200009acbc82d88130dc00000000000000000dd066de796cde0bf4376631d31d5ddbfbcaa7c4337b4e0bf83fe5bbf618bdfbfd29c8660328ae0bf8d41c814ebc9ddbf6f752b24a7d6e0bf312601c25a0ddfbf60b72c3426ade0bf98ca001eab79debf0741eadd29d0e0bfb007aae77b66dfbf3508177eb99ce0bffc4a7a4fcfeddebf1b6006d09b9be0bf484e1ad9e5b5dfbf6dcb49c4e1bfe0bf13c9f25069a6dfbfc8c714d32e4fe1bf6d56f4e46068dfbf3fab26b23fdfe0bfa5786ad8d9dfdfbf81aff62228d4e0bf849378879843e0bf57645189e297e0bfd577bda7096fdfbf0f914eb4ffdde0bf0f4b58b3ec30e0bf90b96ee37bdfe0bffd20a985c52ce0bfafc3dc0ab2c9e0bf62306c83ca41e0bf656cd21178c9e0bfc7118de3050ce0bfd18e5e8c7fe4e0bfa89f1a8ca8c2dfbfd83c0c280d01e1bf1fda4ff72480e0bf2164c8fdfdf9e0bf3d7438e3762ee0bfc55f614fd2e2e0bf1ff33a3f1ce2dfbff7a6171721c8e0bfddb4dba9315de0bfc3b86b96c6e0e0bf10a95ebe9647e0bfdcf6980ce29e0fc000000000000000000cd3968b52f001c000000000000000004bb986781dbb01c00000000000000000b4de8388d35104c00000000000000000380f6564f82304c00000000000000000b6610ae6f22704c000000000000000001ac2ea13218d07c00000000000000000879d335cabea0bc00000000000000000be7da654e10310c00000000000000000153324dd271413c000000000000000006c59a773e7d515c00000000000000000d88800f6d06a17c00000000000000000b0a9f84bc35d21c0000000000000000052f128721be623c000000000000000005e082692a87128c0000000000,000000008f906ea22b82bc00000000000000000947494628c055f635f316494682f68314b008594683387945294284b014b37859468118942b8010000f598ad0fd6d1ea3f81db6db7a30578bf6030639d68787bbf9f5ec4016b3dadbf3b31b667da55b4bf8425bc008a4d863ff8a2c27879d2823f806e6691b345bebf2668eb4846209b3fa18e5270e2b8913f64a53c3d7d05e73f5a1970b798c0a7bfa4e0e842d8729fbf13361cd6dcc8c23fc0cf16b3d22f7a3f68f28265f00cb43f1323db1dc8a7a63fd95b3cf2a122a1bfa66138f99d34ab3f99ea15cc2df0e43f34a6b5e1800eb13ffa50396edfa595bf35f34d016294b4bfd54773cf786ca0bf89f8c39ae898a03f4c8b250eec10b1bfeea18bfc02ceaebfad877fe4dfb8e13f70f6ce33338cadbfcc59fe963443b0bfe65d3241c64e943fd9a79c7837adbebf3c6918a0d364bd3f2af21026688f88bf955bbb5ab159f03f96c215562114a6bf12a92b2775c8b43fe92bee38da9f90bf98deac143c97613fc7719192591ac83f00103719cd4de53f3c322a46cb7ab13f00527168d0739b3f7bc08da7511ecdbff267be9c337fa53f1243eea16503ea3f4a73c4f6a3daa93f950e6a5ca8f5c93fca1f6ce52337b53fe98eb54cc70ae83ffbc5d8e1f6e4a73f0b43d199ae52a23f80d6d7e7d0b1ec3f2caeb6052cfbb33fd458844f0e78e53f9474946275622e,COMPLETE
281,0.5190253915511598,2026-03-24 05:56:32.958055,2026-03-24 05:57:17.336687,0 days 00:00:44.378632,0.7445116847425814,0.7707482415600599,2.606664817047752,0.016069493238655332,10,4,1400,0.001841673446347241,0.010366455587139698,0.5014184572945735,23.0,,,,,COMPLETE
282,0.5231802863900944,2026-03-24 05:57:17.337399,2026-03-24 05:57:50.909507,0 days 00:00:33.572108,0.8323931995924378,0.7488478270300838,2.7557059624888898,0.03244242597896054,8,4,1500,0.00270834529557412,0.0074460155256971285,0.5168376372454639,23.0,,,,,COMPLETE
283,0.515462755054327,2026-03-24 05:57:50.910145,2026-03-24 05:58:25.633580,0 days 00:00:34.723435,0.8120434800990586,0.865067527618409,3.261881276481009,0.021104786253802625,11,3,1400,0.005194557897592651,0.0009525490054360487,0.5532490268141235,23.0,,,,,COMPLETE
284,0.5194929594777635,2026-03-24 05:58:25.634304,2026-03-24 05:58:58.944904,0 days 00:00:33.310600,0.8170355157967157,0.8123899128279253,3.6135926366999147,0.021856507872860375,9,5,1400,0.002075439060044197,0.008961822176245906,0.48757872805218583,23.0,,,,,COMPLETE
285,0.5241960180105912,2026-03-24 05:58:58.945528,2026-03-24 05:59:44.956261,0 days 00:00:46.010733,0.730987970009437,0.754641769746911,2.4086188221611806,0.020099391031370796,10,4,1600,0.00020119563547400422,0.011405870711856851,0.5299275399820912,23.0,,,,,COMPLETE
286,0.5161513483248102,2026-03-24 05:59:44.956991,2026-03-24 06:00:36.633358,0 days 00:00:51.676367,0.7883585366043153,0.8926121615456395,2.3202709691440586,0.016110743955927556,10,5,1400,0.0026047153842705608,0.002311006091487574,0.5021088025655536,23.0,,,,,COMPLETE
287,0.5126614926413279,2026-03-24 06:00:36.634013,2026-03-24 06:01:13.166462,0 days 00:00:36.532449,0.7148738383624875,0.8234095116739168,2.9918188424399377,0.023773014666851604,10,4,1400,0.011145725994003921,0.033486079048752046,0.49811201869417987,23.0,,,,,COMPLETE
288,0.5091527038844877,2026-03-24 06:01:13.167361,2026-03-24 06:01:49.713276,0 days 00:00:36.545915,0.7677749588934919,0.8192194635370837,3.1564037199906876,0.02127727123938878,10,5,1400,0.005631389741919733,0.007384368358946897,0.5024786584464359,23.0,,,,,COMPLETE
289,0.519008237070718,2026-03-24 06:01:49.714126,2026-03-24 06:02:25.655344,0 days 00:00:35.941218,0.786316281034477,0.7512686709878094,3.238377410788884,0.019019403401448406,10,3,1400,0.002413793847828666,0.016622230445732845,0.5178494156641628,23.0,,,,,COMPLETE
290,0.5061521579769481,2026-03-24 06:02:25.656017,2026-03-24 06:02:56.688716,0 days 00:00:31.032699,0.765043338610085,0.7255159514021785,2.744247212886371,0.037842601564900484,9,4,1400,0.00015702281237440862,0.05937610362847606,0.5202901987971321,24.0,800495ec0d0000000000008c0a636d6165732e5f636d61948c03434d419493942981947d94288c065f6e5f64696d944b0a8c085f706f7073697a65944b0a8c035f6d75944b058c075f6d755f656666948c166e756d70792e5f636f72652e6d756c74696172726179948c067363616c61729493948c056e756d7079948c0564747970659493948c02663894898887945294284b038c013c944e4e4e4affffffff4affffffff4b007494624308186d7201a156094094869452948c035f636394680b68114308d170f1571fe1d23f94869452948c035f633194680b68114308efd1ee33204d8f3f94869452948c045f636d7594680b681143086bbc550553a3943f94869452948c085f635f7369676d6194680b6811430824bcd1f61334d23f94869452948c085f645f7369676d6194680b68114308096fb4fd048df43f94869452948c035f636d944b018c065f6368695f6e94474008ad851f1406cd8c085f776569676874739468098c0c5f7265636f6e737472756374949394680c8c076e6461727261799493944b0085944301629487945294284b014b0a8594680e8c02663894898887945294284b0368124e4e4e4affffffff4affffffff4b00749462894350649b20309233dd3fde743acc0454d13f25864b3ffdc3c43f663951a1ddd1b53f5de5adba2f1f9a3f61fb228a96d7b5bfd8a31982dd44cebfee6bfe92b483d7bf8f47a053f8e7debf1bced94754c2e2bf947494628c085f705f7369676d6194682f68314b008594683387945294284b014b0a859468118943503c3cefdee200e2bf4678c12ae6d9ebbf949def475152ae3f7912219e7213cdbfd8a1b93420b0d8bfead29c4c0fd8e4bf8edb840f109df13f9e33cc0ebfe8f3bf9c13abf98e05cc3f80397a797ff6b4bf947494628c035f706394682f68314b008594683387945294284b014b0a859468118943507e3ba43e2b70d9bf15eed8a3986de9bff46b2ce0f541a83f50ed768fe82ca83f89bce2669a01d8bf587318f72bcbdfbfbf3b0abd0ed3eb3f7a1a2dc028d2efbf288b522b8a7ed73fa8f525f40186aebf947494628c055f6d65616e94682f68314b008594683387945294284b014b0a85946839894350ecf365bef547e63f19cd6ea8a8f4e53f64a847cde7f3d13fc5b23b929c4de13f2d02389160b0e63f093bd5f00bf2c63f56171e11b681e63facc7c7d25e40e13f037ee5f7b7f7e43feeb1806e68bec93f947494628c065f7369676d6194680b68114308ad4be2b3f8c4ac3f94869452948c025f44944e8c025f42944e8c075f626f756e647394682f68314b008594683387945294284b014b0a4b02869468398943a00000000000000000000000000000f03f0000000000000000000000000000f03f0000000000000000000000000000f03f00000000000000000,00000000000f03f0000000000000000000000000000f03f0000000000000000000000000000f03f0000000000000000000000000000f03f0000000000000000000000000000f03f0000000000000000000000000000f03f0000000000000000000000000000f03f947494628c115f6e5f6d61785f726573616d706c696e67944b648c025f67944b188c095f6c725f616461707494898c065f616c70686194473ff66666666666668c0a5f626574615f6d65616e94473fb999999999999a8c0b5f626574615f5369676d6194473f9eb851eb851eb88c065f67616d6d6194473fb999999999999a8c065f456d65616e94682f68314b008594683387945294284b014b0a4b01869468398943500000000000000000000000000000000000000000000000000000000000000000000000000000000000000000000000000000000000000000000000000000000000000000000000000000000000000000947494628c075f455369676d6194682f68314b008594683387945294284b014b644b0186946839894220030000000000000000000000000000000000000000000000000000000000000000000000000000000000000000000000000000000000000000000000000000000000000000000000000000000000000000000000000000000000000000000000000000000000000000000000000000000000000000000000000000000000000000000000000000000000000000000000000000000000000000000000000000000000000000000000000000000000000000000000000000000000000000000000000000000000000000000000000000000000000000000000000000000000000000000000000000000000000000000000000000000000000000000000000000000000000000000000000000000000000000000000000000000000000000000000000000000000000000000000000000000000000000000000000000000000000000000000000000000000000000000000000000000000000000000000000000000000000000000000000000000000000000000000000000000000000000000000000000000000000000000000000000000000000000000000000000000000000000000000000000000000000000000000000000000000000000000000000000000000000000000000000000000000000000000000000000000000000000000000000000000000000000000000000000000000000000000000000000000000000000000000000000000000000000000000000000000000000000000000000000000000000000000000000000000000000000000000000000000000000000000000000000000000000000000000000000000000000000000000000000000000000000000000000000000000000000000000000000000000000000,0000000000000000000000000000000000000000000000000000000000000000000000000000000000000000000000000000000000000000000000000000000000000000000000000000000000000000000000000000000000000000000000000000000000000000000000000000000000000000000000000000000000000000000000000000000000000000000000000000000000000000000000000000000000000000000000000000947494628c065f566d65616e944700000000000000008c075f565369676d61944700000000000000008c095f6574615f6d65616e94473ff00000000000008c0a5f6574615f5369676d6194473ff00000000000008c055f746f6c7894473d551c51ce3718e18c075f746f6c787570944740c38800000000008c075f746f6c66756e94473d719799812dea118c105f746f6c636f6e646974696f6e636f76944742d6bcc41e9000008c0d5f66756e686973745f7465726d944b288c0f5f66756e686973745f76616c75657394682f68314b008594683387945294284b014b50859468398942800200009acbc82d88130dc00000000000000000dd066de796cde0bf4376631d31d5ddbfbcaa7c4337b4e0bf83fe5bbf618bdfbfd29c8660328ae0bf8d41c814ebc9ddbf6f752b24a7d6e0bf312601c25a0ddfbf60b72c3426ade0bf98ca001eab79debf0741eadd29d0e0bfb007aae77b66dfbf3508177eb99ce0bffc4a7a4fcfeddebf1b6006d09b9be0bf484e1ad9e5b5dfbf6dcb49c4e1bfe0bf13c9f25069a6dfbfc8c714d32e4fe1bf6d56f4e46068dfbf3fab26b23fdfe0bfa5786ad8d9dfdfbf81aff62228d4e0bf849378879843e0bf57645189e297e0bfd577bda7096fdfbf0f914eb4ffdde0bf0f4b58b3ec30e0bf90b96ee37bdfe0bffd20a985c52ce0bfafc3dc0ab2c9e0bf62306c83ca41e0bf656cd21178c9e0bfc7118de3050ce0bfd18e5e8c7fe4e0bfa89f1a8ca8c2dfbfd83c0c280d01e1bf1fda4ff72480e0bf2164c8fdfdf9e0bf3d7438e3762ee0bfc55f614fd2e2e0bf1ff33a3f1ce2dfbff7a6171721c8e0bfddb4dba9315de0bfc3b86b96c6e0e0bf10a95ebe9647e0bf1fa528227fdbe0bfb7527b9cfa4ae0bf0cd3968b52f001c000000000000000004bb986781dbb01c00000000000000000b4de8388d35104c00000000000000000380f6564f82304c00000000000000000b6610ae6f22704c000000000000000001ac2ea13218d07c00000000000000000879d335cabea0bc00000000000000000be7da654e10310c00000000000000000153324dd271413c000000000000000006c59a773e7d515c00000000000000000d88800f6d06a17c00000000000000000b0a9f84bc35d21c0000000000000000052f128721be623c000000000000000005e082692a87128c0000000000,000000008f906ea22b82bc00000000000000000947494628c055f635f316494682f68314b008594683387945294284b014b37859468118942b80100002739f21846dfe93f880c5eda18dd7e3f766828b503c9843f3547388ade81abbfc4ab9277c983b4bfaab9321c044b923f6b5f943197ce85bf5f6c5e3f24c4aabfada3b8fa3b63a23fc011fd5de4d54fbfad52df07b5e0e63f154fa31f58c5a2bf3ca0626f775594bf25fdd7008b5fc23f87041cefae3f853f1c21b614e035ad3f84a8b389bd7ea83f64a7c7c7eed57bbf28deb26832b6a93fb109465e189be43f12b02fd212e5b13f609c37d6d5faa2bf6839505822f0b4bf02086c31d11ba1bf90bcec3e7ae68f3f543990e9dd0aadbf05b4ea8ea572afbfdb722ac89796e13f7da045862667aebffebe7c08f1c3acbf62453ab7ddc0873fe15487c72535babf3877292d268db83f2d85a61d83dc90bf5b66f62ca676f03fee50e078193da4bf08965733bfd3b53f76cc9d85bc30aabf8f2c6637b6f4a03f43dfe677d749c83f3563f32027b9e43f189139298f9aae3f9ea0f12de9719a3f6b69587337dfcbbf0ab479ce77d2a93f27db7676cce1ea3fdac954816900a43fcfec6892f135c93f1ab373d34efab53f5a913e1a1ac9e63f699f8d41debbaf3f8f068794572da83f839a6aa67239eb3f6727549ba4e1b43f0208b47c103de53f9474946275622e,COMPLETE
291,0.5189660647255591,2026-03-24 06:02:56.689714,2026-03-24 06:03:37.087930,0 days 00:00:40.398216,0.7593165789570921,0.8002587285871312,3.0331284257295907,0.01839835897120793,10,4,1600,0.0006105773727496524,0.004437244701386714,0.565798683716823,24.0,,,,,COMPLETE
292,0.5260686534902106,2026-03-24 06:03:37.088594,2026-03-24 06:04:20.818774,0 days 00:00:43.730180,0.7868837506220359,0.8394079888091626,2.869010606864805,0.01594020478397293,10,5,1600,0.0004537428710048873,0.007392205611286265,0.5940827973874963,24.0,,,,,COMPLETE
293,0.5257366799034545,2026-03-24 06:04:20.819423,2026-03-24 06:04:53.330391,0 days 00:00:32.510968,0.7666409055980288,0.7786196744667384,3.450619755829684,0.02288819272895644,10,3,1300,0.0067862462291672756,0.1823477146446978,0.49282146205396193,24.0,,,,,COMPLETE
294,0.5181567883550022,2026-03-24 06:04:53.331047,2026-03-24 06:05:31.726912,0 days 00:00:38.395865,0.7620580683658795,0.8250796453847014,2.78694411722428,0.02508585112088619,10,4,1500,0.0007564607659214235,0.009927066151489644,0.5262557544778586,24.0,,,,,COMPLETE
295,0.5121765929568807,2026-03-24 06:05:31.727644,2026-03-24 06:06:12.291012,0 days 00:00:40.563368,0.8610304116677738,0.803803207082793,2.5562196794135508,0.024522079056161463,10,4,1400,0.00016089721230008887,0.012004597890213922,0.5124457758409833,24.0,,,,,COMPLETE
296,0.5199292908529921,2026-03-24 06:06:12.291839,2026-03-24 06:06:48.900828,0 days 00:00:36.608989,0.8241801923047953,0.7686787029915142,3.5988862281916196,0.022259159924001504,10,3,1600,0.0006584837931030475,0.01757167744322973,0.52018610348854,24.0,,,,,COMPLETE
297,0.5191203443379765,2026-03-24 06:06:48.901536,2026-03-24 06:07:35.866623,0 days 00:00:46.965087,0.7936829415227973,0.7719486314363646,2.2569809429246206,0.020309676702681467,10,4,1500,0.0017776852075448962,0.015892162433001022,0.5370031173287309,24.0,,,,,COMPLETE
298,0.5225361656897736,2026-03-24 06:07:35.867624,2026-03-24 06:08:15.959992,0 days 00:00:40.092368,0.7789661932967287,0.7743906550273254,2.8771668497329212,0.03510959290678531,10,5,1600,0.00043400604723943363,0.09897140016814146,0.5461433531219015,24.0,,,,,COMPLETE
299,0.5100670797336411,2026-03-24 06:08:15.960685,2026-03-24 06:09:10.026458,0 days 00:00:54.065773,0.8182687124612995,0.8391840236263557,2.7810826916919247,0.01882782671527383,9,5,1300,0.0037656163555067337,0.0030915489948077565,0.5077228890741936,24.0,,,,,COMPLETE
