number,value,datetime_start,datetime_complete,duration,params_colsample_bytree,params_gamma,params_learning_rate,params_max_depth,params_min_child_weight,params_n_estimators,params_reg_alpha,params_reg_lambda,params_subsample,state
0,0.504659998960924,2026-03-24 09:41:46.147919,2026-03-24 09:42:07.925600,0 days 00:00:21.777681,0.4936111842654619,0.2904180608409973,0.1001303991139125,12,2,900,0.6245760287469893,0.002570603566117598,0.7993292420985183,COMPLETE
1,0.4836027954048867,2026-03-24 09:42:07.926678,2026-03-24 09:42:29.343174,0 days 00:00:21.416496,0.5274034664069657,0.9170225492671691,0.2652261985899886,3,2,1500,5.472429642032198e-06,0.00052821153945323,0.9162213204002109,COMPLETE
2,0.5135163488129074,2026-03-24 09:42:29.344014,2026-03-24 09:42:49.239576,0 days 00:00:19.895562,0.5752867891211308,2.28034992108518,0.061226156060280326,5,4,1000,0.1165691561324743,6.267062696005991e-07,0.569746930326021,COMPLETE
3,0.4893776258747194,2026-03-24 09:42:49.240456,2026-03-24 09:43:20.555408,0 days 00:00:31.314952,0.502314474212375,4.7444276862666666,0.006047360568422396,8,1,1100,4.905556676028774,0.18861495878553936,0.8037724259507192,COMPLETE
4,0.5091067339733287,2026-03-24 09:43:20.556310,2026-03-24 09:43:36.268077,0 days 00:00:15.711767,0.47322294090686734,0.17194260557609198,0.08234548958371457,3,5,700,1.527156759251193,2.133142332373004e-06,0.7200762468698007,COMPLETE
5,0.49611385981257733,2026-03-24 09:43:36.269070,2026-03-24 09:43:56.278743,0 days 00:00:20.009673,0.5109126733153162,3.8756641168055728,0.04204647637909148,6,10,1400,2.854239907497756,1.1309571585271483,0.7733551396716398,COMPLETE
6,0.5248202748798761,2026-03-24 09:43:56.280617,2026-03-24 09:45:01.766912,0 days 00:01:05.486295,0.4271363733463229,1.9433864484474102,0.007183284336890004,12,4,1300,2.7678419414850017e-06,0.28749982347407854,0.5979914312095727,COMPLETE
7,0.515463324815243,2026-03-24 09:45:01.768004,2026-03-24 09:45:14.834741,0 days 00:00:13.066737,0.8813181884524238,4.9344346830025865,0.04612811663739071,5,1,800,0.08916674715636537,6.143857495033091e-07,0.5704621124873813,COMPLETE
8,0.5097833982607314,2026-03-24 09:45:14.835682,2026-03-24 09:45:21.064371,0 days 00:00:06.228689,0.8627622080115674,1.7923286427213632,0.09033775094656361,11,1,200,1.1036250149900698e-07,0.5860448217200517,0.8645035840204937,COMPLETE
9,0.50464584219303,2026-03-24 09:45:21.065552,2026-03-24 09:46:00.345036,0 days 00:00:39.279484,0.5951099932160482,3.1877873567760657,0.006486140685631152,6,8,1300,0.9658611176861268,0.0001778010520878397,0.6554911608578311,COMPLETE
10,0.5096540616609772,2026-03-24 09:46:00.345905,2026-03-24 09:47:12.624370,0 days 00:01:12.278465,0.739367854408842,1.3384134435618573,0.013971520103449436,10,7,2000,3.404677878190553e-05,0.010478995733418038,0.5089809378074099,COMPLETE
11,0.5091472733330822,2026-03-24 09:47:12.625227,2026-03-24 09:47:30.265419,0 days 00:00:17.640192,0.9622950455665342,3.0976697156679958,0.01813684110051658,9,4,600,0.00616671688870147,1.2056318617638281e-08,0.6171221098127955,COMPLETE
12,0.5183363949469882,2026-03-24 09:47:30.266260,2026-03-24 09:47:57.063124,0 days 00:00:26.796864,0.7654443180602468,4.920817341558758,0.019636407061283462,5,3,1800,0.0014017636365860446,1.0533925122360175e-05,0.5055045416195403,COMPLETE
13,0.5133302414489592,2026-03-24 09:47:57.064111,2026-03-24 09:48:29.211014,0 days 00:00:32.146903,0.7018132207982415,3.93074614465718,0.017736862919955763,7,4,1900,0.0003392980045558475,3.0988964891489416e-05,0.5009345567953205,COMPLETE
14,0.4885781898013732,2026-03-24 09:48:29.212031,2026-03-24 09:49:03.264365,0 days 00:00:34.052334,0.7866389821986691,2.426550980987309,0.010675539740206795,12,6,1700,2.2479409809914492e-07,0.03285224662400435,0.9980084946806067,COMPLETE
15,0.5224918709643372,2026-03-24 09:49:03.265239,2026-03-24 09:49:32.332994,0 days 00:00:29.067755,0.6497222654627322,2.9990432952845807,0.026041848171132382,9,3,1700,1.1913068421542029e-08,6.243069797304142,0.6795350050461764,COMPLETE
16,0.5178025410441592,2026-03-24 09:49:32.333855,2026-03-24 09:50:19.430996,0 days 00:00:47.097141,0.4036938611975926,3.052113176684008,0.026463386507810722,10,6,1600,1.7578071939504844e-08,1.5274003111662025,0.6907347480796584,COMPLETE
17,0.5169311774135247,2026-03-24 09:50:19.432006,2026-03-24 09:52:47.642136,0 days 00:02:28.210130,0.6335789912530938,1.8752138508695042,0.008526328191895877,9,3,1200,2.1148988168580454e-06,9.42632267805476,0.6336744301333699,COMPLETE
18,0.5213019823505328,2026-03-24 09:52:47.642903,2026-03-24 09:53:44.837141,0 days 00:00:57.194238,0.40917606559053415,3.6277148318110717,0.1723153289466426,11,5,1500,2.2988045025829927e-08,7.465897195445307,0.7163728055902457,COMPLETE
19,0.5062145074176915,2026-03-24 09:53:44.837909,2026-03-24 09:54:55.455868,0 days 00:01:10.617959,0.6461322535535858,1.0209149318019781,0.025819547167175626,9,9,500,9.094256990628142e-07,0.10728784211896376,0.5887173220304807,COMPLETE
20,0.5081532033057709,2026-03-24 09:54:55.456520,2026-03-24 09:56:31.206450,0 days 00:01:35.749930,0.8289048828222572,2.8314058825607864,0.009716645939069271,11,3,1700,1.8299747450610085e-05,0.006012439258424562,0.6672216647363824,COMPLETE
21,0.5058924864593517,2026-03-24 09:56:31.207348,2026-03-24 09:56:48.164977,0 days 00:00:16.957629,0.4007996541988903,3.6480671020616278,0.18132242130051626,11,5,1400,1.3525218523777129e-08,8.135287392133979,0.7133826526707893,COMPLETE
22,0.501638729450811,2026-03-24 09:56:48.165832,2026-03-24 09:57:04.660427,0 days 00:00:16.494595,0.4392539666035522,4.268961058535482,0.23061063772596052,12,5,1500,9.314158317150322e-08,4.121009118670374,0.7491999778977503,COMPLETE
23,0.4821694700516279,2026-03-24 09:57:04.661691,2026-03-24 09:57:24.658897,0 days 00:00:19.997206,0.5646332968048857,2.0729587829746876,0.1404790863149109,10,7,1200,5.017387555894284e-07,0.31193477698393474,0.6246822904190056,COMPLETE
24,0.5275310242838036,2026-03-24 09:57:24.659612,2026-03-24 09:57:51.261788,0 days 00:00:26.602176,0.4631477255707181,3.382731181145784,0.030470773217929452,11,4,1600,1.367231894474771e-08,0.08493095459417553,0.6882141599007544,COMPLETE
25,0.516225034363993,2026-03-24 09:57:51.262543,2026-03-24 09:58:25.332939,0 days 00:00:34.070396,0.6641463880960585,2.7905408684790194,0.03092396801127884,8,2,2000,5.970826690614986e-05,0.04891390031340028,0.5472173777554571,COMPLETE
26,0.5130442607453346,2026-03-24 09:58:25.333660,2026-03-24 09:59:23.111949,0 days 00:00:57.778289,0.45049431607201895,1.4583321254637305,0.013301679361795115,10,4,1800,8.018391532539838e-08,0.0013658322357601917,0.6707744594084097,COMPLETE
27,0.4966742666383502,2026-03-24 09:59:23.112965,2026-03-24 09:59:45.750481,0 days 00:00:22.637516,0.530957497938606,3.3828688980789923,0.06412921270090276,12,3,1700,1.4598463673674634e-06,0.02232338696976747,0.8472147933184166,COMPLETE
28,0.5155954936623197,2026-03-24 09:59:45.751080,2026-03-24 10:00:46.997391,0 days 00:01:01.246311,0.6164681253694997,2.6958012986525013,0.005024048896739518,11,4,1300,1.0698521530122004e-05,1.565751042240595,0.591379454359312,COMPLETE
29,0.4997118717399958,2026-03-24 10:00:46.998011,2026-03-24 10:01:02.667698,0 days 00:00:15.669687,0.46217349107966926,4.379832520821137,0.03441775711007339,9,2,1000,4.7878249685021826e-08,0.0025244715620066035,0.7970707656290243,COMPLETE
30,0.4915488259168976,2026-03-24 10:01:02.668538,2026-03-24 10:01:54.735346,0 days 00:00:52.066808,0.6848905070140927,0.6155467087603381,0.046544825332458774,12,6,1600,5.038881254065522e-07,0.12313099585186464,0.6452642546940686,COMPLETE
31,0.5136732120875483,2026-03-24 10:01:54.735951,2026-03-24 10:02:13.728582,0 days 00:00:18.992631,0.43403367657139696,3.6449204180522115,0.1135665799418829,11,5,1500,1.006302271315355e-08,2.3008997014078068,0.7175538935606582,COMPLETE
32,0.5070346327318819,2026-03-24 10:02:13.729196,2026-03-24 10:02:33.135539,0 days 00:00:19.406343,0.5395942885478513,3.429973307169483,0.062439994279345996,12,3,1400,3.387609371351174e-08,0.34396552671558633,0.7539890340119825,COMPLETE
33,0.5116220312616069,2026-03-24 10:02:33.136204,2026-03-24 10:02:53.432121,0 days 00:00:20.295917,0.4838526418026945,2.4558351013427853,0.28409546334304353,10,4,1600,4.354486563628268e-06,8.15183952479626,0.6795374874711168,COMPLETE
34,0.508395962282746,2026-03-24 10:02:53.433306,2026-03-24 10:03:23.326036,0 days 00:00:29.892730,0.4116818385453043,4.213381170785459,0.02374647293887011,11,2,1800,2.0028296011924594e-07,0.7720957964335944,0.7024520844211622,COMPLETE
35,0.5173776567670351,2026-03-24 10:03:23.326862,2026-03-24 10:03:39.271218,0 days 00:00:15.944356,0.559471916683023,2.1738751057071415,0.13226621382929693,8,5,1100,3.153916551072606e-08,0.08657982706803005,0.7410107071381388,COMPLETE
36,0.5130167105728928,2026-03-24 10:03:39.271855,2026-03-24 10:04:12.813973,0 days 00:00:33.542118,0.4977605383292779,4.00221708927205,0.013884900736681851,12,7,1500,3.377408080079047e-07,3.863895470199673,0.60446634588313,COMPLETE
37,0.5055861605808832,2026-03-24 10:04:12.814580,2026-03-24 10:04:33.020178,0 days 00:00:20.205598,0.4770606550136567,3.6175793878848643,0.07291049322963006,10,4,1300,3.463841458682413e-06,0.0002824669968650881,0.5530870564692424,COMPLETE
38,0.49805035234082684,2026-03-24 10:04:33.020800,2026-03-24 10:04:46.929935,0 days 00:00:13.909135,0.4342738689066459,4.581816242506269,0.05378334669555987,11,3,900,4.5769152441599634e-08,0.2917397241428948,0.7768408853315448,COMPLETE
39,0.5315861454333812,2026-03-24 10:04:46.930611,2026-03-24 10:05:08.561674,0 days 00:00:21.631063,0.5118075882530765,2.636105415739433,0.04008832537008726,7,6,1200,0.0001902112542628501,0.6308790505168769,0.7295807638718625,COMPLETE
40,0.4981524221778864,2026-03-24 10:05:08.562969,2026-03-24 10:05:33.223022,0 days 00:00:24.660053,0.6025896621722582,1.6344261328285292,0.03753207664047141,7,6,1200,0.011918981812918967,0.014420052896437136,0.819707120478447,COMPLETE
41,0.5122639947255846,2026-03-24 10:05:33.223629,2026-03-24 10:06:15.261666,0 days 00:00:42.038037,0.5143875583082465,2.7379317698120356,0.007187574008256978,6,5,1400,0.0001257667161650669,0.7111489852561507,0.7288206097160732,COMPLETE
42,0.511885083819552,2026-03-24 10:06:15.262514,2026-03-24 10:06:30.922472,0 days 00:00:15.659958,0.465190476029279,3.2136339426947997,0.09205968549183899,7,6,1100,0.0002947154210516104,3.0041138556256004,0.769067398618543,COMPLETE
43,0.4857452825173289,2026-03-24 10:06:30.923433,2026-03-24 10:06:53.365059,0 days 00:00:22.441626,0.5356005737585201,1.9843856847281427,0.1872148631639684,8,8,1600,0.0016164127913830286,0.8182103003057163,0.696767322003624,COMPLETE
44,0.5260332500409491,2026-03-24 10:06:53.365750,2026-03-24 10:07:20.559951,0 days 00:00:27.194201,0.43025676208712627,2.349025941875548,0.02234245161171189,3,4,1400,0.04229172880216516,0.19849000987426946,0.655026933708425,COMPLETE
45,0.5399117261639657,2026-03-24 10:07:20.560695,2026-03-24 10:07:37.821613,0 days 00:00:17.260918,0.5044340747833691,2.251236627370419,0.031261772126631386,3,4,900,0.06365867669571927,0.05144660616015483,0.6524740971923401,COMPLETE
46,0.5214139298056012,2026-03-24 10:07:37.822242,2026-03-24 10:07:55.076595,0 days 00:00:17.254353,0.4930306260756924,2.2930012417569197,0.02039519091014137,3,4,900,0.042326398729544065,0.17230286293357844,0.6454056315841572,COMPLETE
47,0.520309897683484,2026-03-24 10:07:55.077246,2026-03-24 10:08:14.669321,0 days 00:00:19.592075,0.9968599887345563,1.2203492997583345,0.03154339358161757,4,4,800,0.3335241926254416,0.0535798157467414,0.5448464224982734,COMPLETE
48,0.5140179429450035,2026-03-24 10:08:14.670019,2026-03-24 10:08:36.367618,0 days 00:00:21.697599,0.5155484382566177,1.607212015378694,0.047139681913535764,4,5,1000,0.029708895717950684,0.0008552181206794749,0.6137798519895707,COMPLETE
49,0.4824798361775107,2026-03-24 10:08:36.368320,2026-03-24 10:08:46.267409,0 days 00:00:09.899089,0.5780653803461551,2.6091342535958995,0.01719920793473,3,1,500,5.8847407876671465,0.0052426261506446515,0.9231810640140996,COMPLETE
