number,value,datetime_start,datetime_complete,duration,params_colsample_bytree,params_learning_rate,params_max_depth,params_min_child_samples,params_min_split_gain,params_n_estimators,params_num_leaves,params_reg_alpha,params_reg_lambda,params_subsample,system_attrs_cma:generation,system_attrs_cma:optimizer:0,system_attrs_cma:optimizer:1,system_attrs_cma:optimizer:2,system_attrs_cma:optimizer:3,state
180,0.5177197265208769,2026-03-24 03:12:21.696379,2026-03-24 03:13:00.305199,0 days 00:00:38.608820,0.6550053320147613,0.03590690145545744,11,78,0.5779170757766388,1500,197,1.4988994182981279e-05,1.0346277195386989e-05,0.5677589880239284,13.0,800495ec0d0000000000008c0a636d6165732e5f636d61948c03434d419493942981947d94288c065f6e5f64696d944b0a8c085f706f7073697a65944b0a8c035f6d75944b058c075f6d755f656666948c166e756d70792e5f636f72652e6d756c74696172726179948c067363616c61729493948c056e756d7079948c0564747970659493948c02663894898887945294284b038c013c944e4e4e4affffffff4affffffff4b007494624308186d7201a156094094869452948c035f636394680b68114308d170f1571fe1d23f94869452948c035f633194680b68114308efd1ee33204d8f3f94869452948c045f636d7594680b681143086bbc550553a3943f94869452948c085f635f7369676d6194680b6811430824bcd1f61334d23f94869452948c085f645f7369676d6194680b68114308096fb4fd048df43f94869452948c035f636d944b018c065f6368695f6e94474008ad851f1406cd8c085f776569676874739468098c0c5f7265636f6e737472756374949394680c8c076e6461727261799493944b0085944301629487945294284b014b0a8594680e8c02663894898887945294284b0368124e4e4e4affffffff4affffffff4b00749462894350649b20309233dd3fde743acc0454d13f25864b3ffdc3c43f663951a1ddd1b53f5de5adba2f1f9a3f61fb228a96d7b5bfd8a31982dd44cebfee6bfe92b483d7bf8f47a053f8e7debf1bced94754c2e2bf947494628c085f705f7369676d6194682f68314b008594683387945294284b014b0a8594681189435080ea04c6ed70a93fbca48d8f195adebffcabc749767de73f9fb32c04e9dff0bf972c42f81821c93f65bf5c8b27a6eb3f809bbcd00df3eb3f140103e860a3df3f56d485d7fdeff5bf53cdc6a0f825e1bf947494628c035f706394682f68314b008594683387945294284b014b0a8594681189435064850eedf31cbcbf7525827533fdd3bf9d74e5044d9ae93f99a6da4d0f06f0bf8123c9efc6bcc03f38f395136949e53f96656655cb7de93fee98389df8ead33f0bb7a37c1e3ef2bf452593b3f2eee0bf947494628c055f6d65616e94682f68314b008594683387945294284b014b0a859468398943501050e84816c3d63f5e79a7c279bce23fabf836415ad8de3f99e4c88f7004e63fea6369967facb93f4cf491ed648de23faddf4cd4b14fe53f09498826f240db3f795940bf77d3d33fd07d55901ad1de3f947494628c065f7369676d6194680b681143084f234e686958c13f94869452948c025f44944e8c025f42944e8c075f626f756e647394682f68314b008594683387945294284b014b0a4b02869468398943a00000000000000000000000000000f03f0000000000000000000000000000f03f0000000000000000000000000000f03f00000000000000000,00000000000f03f0000000000000000000000000000f03f0000000000000000000000000000f03f0000000000000000000000000000f03f0000000000000000000000000000f03f0000000000000000000000000000f03f0000000000000000000000000000f03f947494628c115f6e5f6d61785f726573616d706c696e67944b648c025f67944b0d8c095f6c725f616461707494898c065f616c70686194473ff66666666666668c0a5f626574615f6d65616e94473fb999999999999a8c0b5f626574615f5369676d6194473f9eb851eb851eb88c065f67616d6d6194473fb999999999999a8c065f456d65616e94682f68314b008594683387945294284b014b0a4b01869468398943500000000000000000000000000000000000000000000000000000000000000000000000000000000000000000000000000000000000000000000000000000000000000000000000000000000000000000947494628c075f455369676d6194682f68314b008594683387945294284b014b644b0186946839894220030000000000000000000000000000000000000000000000000000000000000000000000000000000000000000000000000000000000000000000000000000000000000000000000000000000000000000000000000000000000000000000000000000000000000000000000000000000000000000000000000000000000000000000000000000000000000000000000000000000000000000000000000000000000000000000000000000000000000000000000000000000000000000000000000000000000000000000000000000000000000000000000000000000000000000000000000000000000000000000000000000000000000000000000000000000000000000000000000000000000000000000000000000000000000000000000000000000000000000000000000000000000000000000000000000000000000000000000000000000000000000000000000000000000000000000000000000000000000000000000000000000000000000000000000000000000000000000000000000000000000000000000000000000000000000000000000000000000000000000000000000000000000000000000000000000000000000000000000000000000000000000000000000000000000000000000000000000000000000000000000000000000000000000000000000000000000000000000000000000000000000000000000000000000000000000000000000000000000000000000000000000000000000000000000000000000000000000000000000000000000000000000000000000000000000000000000000000000000000000000000000000000000000000000000000000000000000000000000000000000000000,0000000000000000000000000000000000000000000000000000000000000000000000000000000000000000000000000000000000000000000000000000000000000000000000000000000000000000000000000000000000000000000000000000000000000000000000000000000000000000000000000000000000000000000000000000000000000000000000000000000000000000000000000000000000000000000000000000947494628c065f566d65616e944700000000000000008c075f565369676d61944700000000000000008c095f6574615f6d65616e94473ff00000000000008c0a5f6574615f5369676d6194473ff00000000000008c055f746f6c7894473d551c51ce3718e18c075f746f6c787570944740c38800000000008c075f746f6c66756e94473d719799812dea118c105f746f6c636f6e646974696f6e636f76944742d6bcc41e9000008c0d5f66756e686973745f7465726d944b288c0f5f66756e686973745f76616c75657394682f68314b008594683387945294284b014b50859468398942800200006e9cee2a6c22e5bf00000000000000005988cb2023b0e0bfeb7a43dd5349dfbf8c53336af886e0bff53cae3467e0debf187a3378e69de0bf33bf1fca725fdebfe8d1368ca770e0bf9bd936aa1742dfbf6f9deddadcc5e0bfab6a5b1b0fd1debf116b7e1a39b6e0bfcd635791b07cddbfdf61880c9786e0bf7738f5582d2edebf65e130c894a2e0bff186a344f2afdebfa21dc6610288e0bfdb681f843bf2debfd29f3739cc25e1bf0b247574f6cbdebf14294914c3bee0bfa8e04b24e870dfbf9b9c7a420be6e0bf73e70c95482ddebf8ed8972bbfd1e0bf712ba2b40ddcdfbf00000000000000800000000000000000010000000000b4bc0000000000000000000000000000008000000000000000005100000000f821bd000000000000000072e701000414c6bd00000000000000000000000000000080000000000000000000000000000000800000000000000000fff94aa97bba39be0000000000000000a861f0d9edd2b5be0000000000000000000000000000008000000000000000000000000000000080000000000000000000000000000000800000000000000000000000000000a0bc000000000000000038218828be5527be00000000000000004f11cb61ab86a6be0000000000000000428b0480a40de1bd0000000000000000cf8c63d077f423be00000000000000001708394834c39cbe0000000000000000549a44ca84bfd1be0000000000000000b0e2298d86bc01bf000000000000000085dac67721f452bf00000000000000009b14ddfd266574bf0000000000000000108087096d0892bf000000000000000017e5299a827faabf000000000000000097caccd2b4a5d1bf000000000,00000004e70a4e29cbde0bf0000000000000000947494628c055f635f316494682f68314b008594683387945294284b014b37859468118942b8010000f5a2cf0a6a35e63f7c9fb0709a8b65bf98bb00b98082893ff44d15e2f200903f9e49189be889aabff739108c4b07a0bf50abe350d80c8cbfe58589183f00babfcf179a49ebc3c13fb06e3a43d2889d3f6350a9091baae53fb261f3906b89b03fb3a4fe13e63eb33f40502de30ee3b6bfa8db60956545953f34e3ebc3f2ae9cbf8626c8ae94ceac3fba351a2a7102b6bf36777883294183bf142a23600576f23fc6cabc77c7aba23f081ca66d63f98cbfa53c83528d898dbf511787726824ba3f070c656142869bbffa55449aafa88bbfc9ab13c8cf46c1bfe6160051d32fed3fb64a4c969d1c983ff39fac007f53a4bf8f210713f8d58bbf1631314486979d3f264953d41294b0bf07c69ecae305a53f3c3011bce2a6e13f025d50aef8dd883f1296a0799c80a43fd2f6358ecb2e7fbf6c4fb333090ea03f7022dc47823074bfec9a0b4dd321ee3fb556824cc11bb9bfe4e20526dacea7bf4f11fd6b35fa833f61ec03efd482a73f7ad935c3c825ed3f3b82d9a120b0b4bf2a4f40ead978b13fc3001f1887dfabbfcb9320a6c753eb3f365077bc2e52b3bf381d494bf7e5a03fd6495f62e4cbed3fa9c75a5153f393bf649c25314dc5ea3f9474946275622e,COMPLETE
181,0.5085539965440905,2026-03-24 03:13:00.306325,2026-03-24 03:13:18.138383,0 days 00:00:17.832058,0.6053516014056981,0.07671154151243681,5,65,0.9608061258606804,1400,231,0.000195024944619504,0.0008303103392573944,0.7209687635187452,13.0,,,,,COMPLETE
182,0.5222938101336703,2026-03-24 03:13:18.139229,2026-03-24 03:14:14.698677,0 days 00:00:56.559448,0.5234918755003672,0.022931469207096603,7,96,0.42707651538609753,900,192,0.0021990640519747745,0.00015886615410560785,0.6505537771798713,13.0,,,,,COMPLETE
183,0.5223566344471856,2026-03-24 03:14:14.699522,2026-03-24 03:15:42.788793,0 days 00:01:28.089271,0.49067449094268045,0.009417965307215309,8,84,0.43521601467300564,1000,144,9.163082567262548e-08,1.9083767453913847e-06,0.5435594082894625,13.0,,,,,COMPLETE
184,0.5142856396529875,2026-03-24 03:15:42.789864,2026-03-24 03:17:07.064755,0 days 00:01:24.274891,0.3915171581204353,0.01187146003661417,6,72,0.6668321237003279,1400,156,0.0006479418980783001,2.373032127360495e-05,0.6245210361389443,13.0,,,,,COMPLETE
185,0.5196618424736653,2026-03-24 03:17:07.065697,2026-03-24 03:18:09.808972,0 days 00:01:02.743275,0.5080449831852867,0.03068414857591385,8,58,0.2953603040896347,1300,200,4.2064435046723034e-05,2.2089247708464106e-07,0.6522742763041449,13.0,,,,,COMPLETE
186,0.5055405709031154,2026-03-24 03:18:09.809742,2026-03-24 03:19:12.129004,0 days 00:01:02.319262,0.48075727216834785,0.01992150649447609,10,69,0.5902536707646914,1100,171,0.0037333767909829623,0.000331078693143891,0.6817385057410921,13.0,,,,,COMPLETE
187,0.5184088335128331,2026-03-24 03:19:12.129960,2026-03-24 03:21:08.418312,0 days 00:01:56.288352,0.45282769479199253,0.01040570019847506,6,49,0.23327611778769355,1600,170,0.0004083811465838726,0.00030767809771644494,0.7179255147728607,13.0,,,,,COMPLETE
188,0.5125183637883154,2026-03-24 03:21:08.419171,2026-03-24 03:21:33.688519,0 days 00:00:25.269348,0.5317669167693685,0.05944793042729109,8,83,0.6533947797837193,1900,129,0.00037808692985920187,1.2274348131875058e-06,0.7814258323920491,13.0,,,,,COMPLETE
189,0.5075186452858276,2026-03-24 03:21:33.689500,2026-03-24 03:22:00.847086,0 days 00:00:27.157586,0.5432477984392383,0.03315392230327303,9,68,1.124624710882344,1100,211,0.0011352255765840146,4.3066519128479845e-05,0.7862663350528692,13.0,,,,,COMPLETE
190,0.5181663634139003,2026-03-24 03:22:00.847948,2026-03-24 03:23:10.501990,0 days 00:01:09.654042,0.5108907274720899,0.007912619599754152,6,80,1.2924666792794381,1200,158,0.0010164928973265788,1.3882773286061883e-05,0.7047943649664832,14.0,800495ec0d0000000000008c0a636d6165732e5f636d61948c03434d419493942981947d94288c065f6e5f64696d944b0a8c085f706f7073697a65944b0a8c035f6d75944b058c075f6d755f656666948c166e756d70792e5f636f72652e6d756c74696172726179948c067363616c61729493948c056e756d7079948c0564747970659493948c02663894898887945294284b038c013c944e4e4e4affffffff4affffffff4b007494624308186d7201a156094094869452948c035f636394680b68114308d170f1571fe1d23f94869452948c035f633194680b68114308efd1ee33204d8f3f94869452948c045f636d7594680b681143086bbc550553a3943f94869452948c085f635f7369676d6194680b6811430824bcd1f61334d23f94869452948c085f645f7369676d6194680b68114308096fb4fd048df43f94869452948c035f636d944b018c065f6368695f6e94474008ad851f1406cd8c085f776569676874739468098c0c5f7265636f6e737472756374949394680c8c076e6461727261799493944b0085944301629487945294284b014b0a8594680e8c02663894898887945294284b0368124e4e4e4affffffff4affffffff4b00749462894350649b20309233dd3fde743acc0454d13f25864b3ffdc3c43f663951a1ddd1b53f5de5adba2f1f9a3f61fb228a96d7b5bfd8a31982dd44cebfee6bfe92b483d7bf8f47a053f8e7debf1bced94754c2e2bf947494628c085f705f7369676d6194682f68314b008594683387945294284b014b0a859468118943508b5e14d18081e9bffc3a830551bff9bffeac4f751584e73f2ce9fc06e667d13fdb1b444359dad0bf4e990d231eecddbf6a7c0d6853eece3f8eac631671f9e8bfaf721d1f35c7efbf613f57745ce9fbbf947494628c035f706394682f68314b008594683387945294284b014b0a85946811894350188ee3eb6ae6e5bfa5bb2a23d4c4f3bf7e3e8fc31876eb3fb8ef16358fa6c93fa3dd61811953babfa8c6d4e96f72e3bfd54173e0d9b4d63f8aed5f682274e9bf0142c73c118ceabfb99399dd47a6fabf947494628c055f6d65616e94682f68314b008594683387945294284b014b0a85946839894350268f7c236a97d23f5e3caa0edf7ede3fe0464e44d86ee03fa97f9875b021e93f9e7d7b004d50b43fac63805bceb4dd3f0feba7c7c899e43f09343395c847d43f0f49f4e622a6d33fd698b1af77efd53f947494628c065f7369676d6194680b68114308e3ac46402334c13f94869452948c025f44944e8c025f42944e8c075f626f756e647394682f68314b008594683387945294284b014b0a4b02869468398943a00000000000000000000000000000f03f0000000000000000000000000000f03f0000000000000000000000000000f03f00000000000000000,00000000000f03f0000000000000000000000000000f03f0000000000000000000000000000f03f0000000000000000000000000000f03f0000000000000000000000000000f03f0000000000000000000000000000f03f0000000000000000000000000000f03f947494628c115f6e5f6d61785f726573616d706c696e67944b648c025f67944b0e8c095f6c725f616461707494898c065f616c70686194473ff66666666666668c0a5f626574615f6d65616e94473fb999999999999a8c0b5f626574615f5369676d6194473f9eb851eb851eb88c065f67616d6d6194473fb999999999999a8c065f456d65616e94682f68314b008594683387945294284b014b0a4b01869468398943500000000000000000000000000000000000000000000000000000000000000000000000000000000000000000000000000000000000000000000000000000000000000000000000000000000000000000947494628c075f455369676d6194682f68314b008594683387945294284b014b644b0186946839894220030000000000000000000000000000000000000000000000000000000000000000000000000000000000000000000000000000000000000000000000000000000000000000000000000000000000000000000000000000000000000000000000000000000000000000000000000000000000000000000000000000000000000000000000000000000000000000000000000000000000000000000000000000000000000000000000000000000000000000000000000000000000000000000000000000000000000000000000000000000000000000000000000000000000000000000000000000000000000000000000000000000000000000000000000000000000000000000000000000000000000000000000000000000000000000000000000000000000000000000000000000000000000000000000000000000000000000000000000000000000000000000000000000000000000000000000000000000000000000000000000000000000000000000000000000000000000000000000000000000000000000000000000000000000000000000000000000000000000000000000000000000000000000000000000000000000000000000000000000000000000000000000000000000000000000000000000000000000000000000000000000000000000000000000000000000000000000000000000000000000000000000000000000000000000000000000000000000000000000000000000000000000000000000000000000000000000000000000000000000000000000000000000000000000000000000000000000000000000000000000000000000000000000000000000000000000000000000000000000000000000000,0000000000000000000000000000000000000000000000000000000000000000000000000000000000000000000000000000000000000000000000000000000000000000000000000000000000000000000000000000000000000000000000000000000000000000000000000000000000000000000000000000000000000000000000000000000000000000000000000000000000000000000000000000000000000000000000000000947494628c065f566d65616e944700000000000000008c075f565369676d61944700000000000000008c095f6574615f6d65616e94473ff00000000000008c0a5f6574615f5369676d6194473ff00000000000008c055f746f6c7894473d551c51ce3718e18c075f746f6c787570944740c38800000000008c075f746f6c66756e94473d719799812dea118c105f746f6c636f6e646974696f6e636f76944742d6bcc41e9000008c0d5f66756e686973745f7465726d944b288c0f5f66756e686973745f76616c75657394682f68314b008594683387945294284b014b50859468398942800200006e9cee2a6c22e5bf00000000000000005988cb2023b0e0bfeb7a43dd5349dfbf8c53336af886e0bff53cae3467e0debf187a3378e69de0bf33bf1fca725fdebfe8d1368ca770e0bf9bd936aa1742dfbf6f9deddadcc5e0bfab6a5b1b0fd1debf116b7e1a39b6e0bfcd635791b07cddbfdf61880c9786e0bf7738f5582d2edebf65e130c894a2e0bff186a344f2afdebfa21dc6610288e0bfdb681f843bf2debfd29f3739cc25e1bf0b247574f6cbdebf14294914c3bee0bfa8e04b24e870dfbf9b9c7a420be6e0bf73e70c95482ddebf8ed8972bbfd1e0bf712ba2b40ddcdfbfc793b94225b7e0bfc58f5a6b632de0bf010000000000b4bc0000000000000000000000000000008000000000000000005100000000f821bd000000000000000072e701000414c6bd00000000000000000000000000000080000000000000000000000000000000800000000000000000fff94aa97bba39be0000000000000000a861f0d9edd2b5be0000000000000000000000000000008000000000000000000000000000000080000000000000000000000000000000800000000000000000000000000000a0bc000000000000000038218828be5527be00000000000000004f11cb61ab86a6be0000000000000000428b0480a40de1bd0000000000000000cf8c63d077f423be00000000000000001708394834c39cbe0000000000000000549a44ca84bfd1be0000000000000000b0e2298d86bc01bf000000000000000085dac67721f452bf00000000000000009b14ddfd266574bf0000000000000000108087096d0892bf000000000000000017e5299a827faabf000000000000000097caccd2b4a5d1bf000000000,00000004e70a4e29cbde0bf0000000000000000947494628c055f635f316494682f68314b008594683387945294284b014b37859468118942b801000002a2509b6239e63f76b665525652853f30c66524415d983f79a883c1ec9b853fac0f88f346aaa8bfd843010bc69897bfa5a0cfde451296bf76cc48533fa2b1bf26fe1a3d4bf2c33f56bdea55cb4dab3f73d1f1835b8de63f40139957fba0ae3fb5d049a07688ad3f8d232c8f1d68b7bf44c5311bd964a13fd77465c332c3a0bf708894069728ba3fbe786877fa0db2bfe8921b2f25e0a03fc30c04e45678f13f93cc33104f51a63fbc478a50e74b9abf20bbed3a3c56683f6665268c3ca6bb3f928d515a8888b7bfcd977ff35656acbfd8e99a41fc6bc7bf216a938f4047ee3fef8461451cab9a3f3cdeb84f9bc4b5bf5128928906267abf6e40d251017d913fed232ba7b559aabf4ce5f35986fe8a3fef320ed26e48e13fb425e5d7ec6f943f7509417de159983fe6727076192492bfe2ac6d9f53db933f26863e2c8af08dbf2e611d7db800ee3f5a1caf68b681b3bf4883103c78cf7ebfd93ecc37e58da23fbdf6c3d7cb84b53fbab61c80dc66ec3fe27e065154ecb1bf7dc9c47ee00ca73f8711e736c365b0bf2f81d33f9291ec3ffa039ba513e7b2bf7478becdc921b43fc40e7ba87960ed3f1d7b5149b284663feb441ee6e36bec3f9474946275622e,COMPLETE
191,0.5003039278204658,2026-03-24 03:23:10.502911,2026-03-24 03:23:44.151812,0 days 00:00:33.648901,0.6054887272499534,0.027250054745376232,8,82,1.1770376215990725,1300,105,0.0009478046643223259,7.792200712970094e-05,0.6123372817118984,14.0,,,,,COMPLETE
192,0.5081530518688543,2026-03-24 03:23:44.152880,2026-03-24 03:25:19.022453,0 days 00:01:34.869573,0.37627480854113987,0.020669721050909324,8,59,0.15365347057513148,900,190,4.359343512704296e-07,1.046042218242993e-06,0.5846717435396276,14.0,,,,,COMPLETE
193,0.5162214823599011,2026-03-24 03:25:19.023402,2026-03-24 03:27:00.734731,0 days 00:01:41.711329,0.5863296083655505,0.019924916593854154,8,72,0.247571565406467,1200,168,9.949502229985074e-06,8.902147051321427e-06,0.495319834081374,14.0,,,,,COMPLETE
194,0.5067560402631398,2026-03-24 03:27:00.735576,2026-03-24 03:27:31.619009,0 days 00:00:30.883433,0.564630944299114,0.03403131626769927,7,88,0.680580593370062,1200,156,6.510024858599765e-05,2.764264785865789e-05,0.8624961921770726,14.0,,,,,COMPLETE
195,0.5030578228534851,2026-03-24 03:27:31.620013,2026-03-24 03:28:02.299180,0 days 00:00:30.679167,0.4931081532188688,0.03910543556078317,9,81,0.9344468619085322,900,232,2.6087614050256198e-06,5.809830527688536e-06,0.7164312421619927,14.0,,,,,COMPLETE
196,0.54047408209632,2026-03-24 03:28:02.300124,2026-03-24 03:30:18.420462,0 days 00:02:16.120338,0.5410396558859006,0.011881470815125321,10,83,0.18445119409776561,1200,177,1.775426265401461e-05,0.00010991427876859777,0.5348202330456656,14.0,,,,,COMPLETE
197,0.5047836956757162,2026-03-24 03:30:18.421315,2026-03-24 03:31:19.965827,0 days 00:01:01.544512,0.462841131687208,0.018424518460831797,7,83,0.8101729716336248,1200,204,1.1186426086514462e-07,1.4441383675333667e-05,0.7688375407405066,14.0,,,,,COMPLETE
198,0.5121334607007992,2026-03-24 03:31:19.966805,2026-03-24 03:32:25.996554,0 days 00:01:06.029749,0.6611782149341556,0.010826629893457628,5,94,0.9073492914013493,1100,210,3.260129407953372e-06,9.583002931351417e-07,0.49175660376655617,14.0,,,,,COMPLETE
199,0.5211471572347415,2026-03-24 03:32:25.997415,2026-03-24 03:33:20.495525,0 days 00:00:54.498110,0.3707947780185664,0.015013773801277651,6,94,0.21590143262151099,700,204,1.3980110843658552e-05,1.3664715394458423e-06,0.5865234328273435,14.0,,,,,COMPLETE
