number,value,datetime_start,datetime_complete,duration,params_colsample_bytree,params_learning_rate,params_max_depth,params_min_child_samples,params_min_split_gain,params_n_estimators,params_num_leaves,params_reg_alpha,params_reg_lambda,params_subsample,system_attrs_cma:generation,system_attrs_cma:optimizer:0,system_attrs_cma:optimizer:1,system_attrs_cma:optimizer:2,system_attrs_cma:optimizer:3,state
260,0.5276849533734315,2026-03-24 05:02:44.870613,2026-03-24 05:04:08.340690,0 days 00:01:23.470077,0.4679862900306389,0.045365565787444724,8,99,0.4125415732377458,1400,147,6.99918669110657e-06,1.4590644058554153e-07,0.5148564967268211,21.0,800495ec0d0000000000008c0a636d6165732e5f636d61948c03434d419493942981947d94288c065f6e5f64696d944b0a8c085f706f7073697a65944b0a8c035f6d75944b058c075f6d755f656666948c166e756d70792e5f636f72652e6d756c74696172726179948c067363616c61729493948c056e756d7079948c0564747970659493948c02663894898887945294284b038c013c944e4e4e4affffffff4affffffff4b007494624308186d7201a156094094869452948c035f636394680b68114308d170f1571fe1d23f94869452948c035f633194680b68114308efd1ee33204d8f3f94869452948c045f636d7594680b681143086bbc550553a3943f94869452948c085f635f7369676d6194680b6811430824bcd1f61334d23f94869452948c085f645f7369676d6194680b68114308096fb4fd048df43f94869452948c035f636d944b018c065f6368695f6e94474008ad851f1406cd8c085f776569676874739468098c0c5f7265636f6e737472756374949394680c8c076e6461727261799493944b0085944301629487945294284b014b0a8594680e8c02663894898887945294284b0368124e4e4e4affffffff4affffffff4b00749462894350649b20309233dd3fde743acc0454d13f25864b3ffdc3c43f663951a1ddd1b53f5de5adba2f1f9a3f61fb228a96d7b5bfd8a31982dd44cebfee6bfe92b483d7bf8f47a053f8e7debf1bced94754c2e2bf947494628c085f705f7369676d6194682f68314b008594683387945294284b014b0a85946811894350883873fbf929ef3f866274eb4e34ee3f7a9a8a8e95a3dcbf191434724af7f23f1d75333edf0fe6bf8a8cc37494bcf73f5d37631d4f5ad33fe3fd2d158cb1cabf65c4b294f0f8d3bf9049377040c6b9bf947494628c035f706394682f68314b008594683387945294284b014b0a859468118943503a7f243d98dceb3f237b62c55294e93f72df93e10307d4bf3b8afaf8ca35f03ff0b1fd2b66c2debf31fca0138a09f53ff0f5d9fc5a23b03fbc3ca5b17953c2bffc1e368da24bbbbff0ed9476a17fa63f947494628c055f6d65616e94682f68314b008594683387945294284b014b0a859468398943507e0369e48942d23fae24f43d5493e43fcc9f81153ddadd3f9b020c096375ed3f2041ebc57d8da43f5e4ced5ae4c6e33f8725e7f37f78e23ff2fca28511edd73f28a7caf0ade7cc3f1691ddcc9d0fd53f947494628c065f7369676d6194680b681143083bc51707e9edb93f94869452948c025f44944e8c025f42944e8c075f626f756e647394682f68314b008594683387945294284b014b0a4b02869468398943a00000000000000000000000000000f03f0000000000000000000000000000f03f0000000000000000000000000000f03f00000000000000000,00000000000f03f0000000000000000000000000000f03f0000000000000000000000000000f03f0000000000000000000000000000f03f0000000000000000000000000000f03f0000000000000000000000000000f03f0000000000000000000000000000f03f947494628c115f6e5f6d61785f726573616d706c696e67944b648c025f67944b158c095f6c725f616461707494898c065f616c70686194473ff66666666666668c0a5f626574615f6d65616e94473fb999999999999a8c0b5f626574615f5369676d6194473f9eb851eb851eb88c065f67616d6d6194473fb999999999999a8c065f456d65616e94682f68314b008594683387945294284b014b0a4b01869468398943500000000000000000000000000000000000000000000000000000000000000000000000000000000000000000000000000000000000000000000000000000000000000000000000000000000000000000947494628c075f455369676d6194682f68314b008594683387945294284b014b644b0186946839894220030000000000000000000000000000000000000000000000000000000000000000000000000000000000000000000000000000000000000000000000000000000000000000000000000000000000000000000000000000000000000000000000000000000000000000000000000000000000000000000000000000000000000000000000000000000000000000000000000000000000000000000000000000000000000000000000000000000000000000000000000000000000000000000000000000000000000000000000000000000000000000000000000000000000000000000000000000000000000000000000000000000000000000000000000000000000000000000000000000000000000000000000000000000000000000000000000000000000000000000000000000000000000000000000000000000000000000000000000000000000000000000000000000000000000000000000000000000000000000000000000000000000000000000000000000000000000000000000000000000000000000000000000000000000000000000000000000000000000000000000000000000000000000000000000000000000000000000000000000000000000000000000000000000000000000000000000000000000000000000000000000000000000000000000000000000000000000000000000000000000000000000000000000000000000000000000000000000000000000000000000000000000000000000000000000000000000000000000000000000000000000000000000000000000000000000000000000000000000000000000000000000000000000000000000000000000000000000000000000000000000000,0000000000000000000000000000000000000000000000000000000000000000000000000000000000000000000000000000000000000000000000000000000000000000000000000000000000000000000000000000000000000000000000000000000000000000000000000000000000000000000000000000000000000000000000000000000000000000000000000000000000000000000000000000000000000000000000000000947494628c065f566d65616e944700000000000000008c075f565369676d61944700000000000000008c095f6574615f6d65616e94473ff00000000000008c0a5f6574615f5369676d6194473ff00000000000008c055f746f6c7894473d551c51ce3718e18c075f746f6c787570944740c38800000000008c075f746f6c66756e94473d719799812dea118c105f746f6c636f6e646974696f6e636f76944742d6bcc41e9000008c0d5f66756e686973745f7465726d944b288c0f5f66756e686973745f76616c75657394682f68314b008594683387945294284b014b50859468398942800200006e9cee2a6c22e5bf00000000000000005988cb2023b0e0bfeb7a43dd5349dfbf8c53336af886e0bff53cae3467e0debf187a3378e69de0bf33bf1fca725fdebfe8d1368ca770e0bf9bd936aa1742dfbf6f9deddadcc5e0bfab6a5b1b0fd1debf116b7e1a39b6e0bfcd635791b07cddbfdf61880c9786e0bf7738f5582d2edebf65e130c894a2e0bff186a344f2afdebfa21dc6610288e0bfdb681f843bf2debfd29f3739cc25e1bf0b247574f6cbdebf14294914c3bee0bfa8e04b24e870dfbf9b9c7a420be6e0bf73e70c95482ddebf8ed8972bbfd1e0bf712ba2b40ddcdfbfc793b94225b7e0bfc58f5a6b632de0bfdb0e5e4d904be1bf6b9301627d02e0bfdf8a0deec2bde0bf132b99ea713ae0bfa54ca7b393cce0bf739fcf26390be0bfd36d812d4009e1bf7f6dddc8451ee0bf9bb412357efbe0bf3657498eac6ce0bfa3ae06443614e1bf24ecb42dd5bfdfbf069158cdd914e1bf97de8b133663e0bfa861f0d9edd2b5be0000000000000000000000000000008000000000000000000000000000000080000000000000000000000000000000800000000000000000000000000000a0bc000000000000000038218828be5527be00000000000000004f11cb61ab86a6be0000000000000000428b0480a40de1bd0000000000000000cf8c63d077f423be00000000000000001708394834c39cbe0000000000000000549a44ca84bfd1be0000000000000000b0e2298d86bc01bf000000000000000085dac67721f452bf00000000000000009b14ddfd266574bf0000000000000000108087096d0892bf000000000000000017e5299a827faabf000000000000000097caccd2b4a5d1bf000000000,00000004e70a4e29cbde0bf0000000000000000947494628c055f635f316494682f68314b008594683387945294284b014b37859468118942b801000003d24b18040be63f2500f0ce0262a2bfa009172b0852ab3f52e09ee8df966f3fb63c71df0398a6bff23f5d7586ab873f2073f96cd4f039bf3b6eef78f28dbabf038eada63a9ec53f6d09b454ec08c03f3e08e99a030de73f6430bb428afeb73f1cbdea1fad97a73ff24aabe78349c0bf095bbe9e40bcc03f37a29dd2efc6c1bf07c31a1bde2cbb3fe25a8a3cad02c0bf07f6459db382a93f254aa3e17708f03fde37956ddeddac3f51da1ee9864ab4bfa2907ccaf77faebf1c0868a04b37b83fe33bea18dd02b8bfd1253f270153adbfd9bb4ad404c3c7bf8cfc5e3eabadea3f6a28ee04bd41a83f26c31a9e94ee9a3fa0c3d8e077679fbfd7df80503aaa893f78effc2c35b5b1bfa5570bb4239ea7bf30aed61f7d61de3fa64be0e585b8823f5c37425ff9a5883f52de03d7b864b5bfe166775766c291bf4a62ed92d442883f02d36cacb24fed3f0f8ddbd9b1d5c2bf799c9f0adb39b2bf9135895f3beaa23fc83d97e7eed3b23febf01372d3c4e93f384176ac548179bf3f80b732b5dabc3fa0377cd85115c3bf24b0750dd8e9e83f4d4471820ac0bdbfa024e95002ddb53f34723a87b50af03f2f73a8301eef88bf04d898f33fc1e93f9474946275622e,COMPLETE
261,0.5250398835259359,2026-03-24 05:04:08.341622,2026-03-24 05:04:55.604712,0 days 00:00:47.263090,0.5534179610288439,0.029086769718576513,8,91,0.4094502863736948,1400,161,4.8740934848547114e-06,1.586333227077162e-07,0.648424496339607,21.0,,,,,COMPLETE
262,0.5234082019758027,2026-03-24 05:04:55.606842,2026-03-24 05:06:01.912681,0 days 00:01:06.305839,0.5050679569808598,0.01528324359648558,7,93,0.5405387908655811,1200,188,0.0003891344590199284,1.5751243535527797e-07,0.6374582334657213,21.0,,,,,COMPLETE
263,0.5199982719468866,2026-03-24 05:06:01.913729,2026-03-24 05:06:48.079976,0 days 00:00:46.166247,0.4979047886956145,0.02031036206940607,6,89,0.6281472872819596,1300,153,1.436205767634097e-06,4.3161682328284777e-07,0.5390113041408545,21.0,,,,,COMPLETE
264,0.524477068274919,2026-03-24 05:06:48.080982,2026-03-24 05:08:01.269992,0 days 00:01:13.189010,0.48425776928436204,0.04154568709530284,7,94,0.09991734697409395,1400,144,0.00010768584618239014,1.7200715385745352e-06,0.568156625411288,21.0,,,,,COMPLETE
265,0.5233619838856572,2026-03-24 05:08:01.270860,2026-03-24 05:08:41.249344,0 days 00:00:39.978484,0.49975676561406523,0.03202841137778673,7,80,0.4967292024842236,1500,144,2.7046692919862606e-05,1.8026087202539096e-07,0.6324863121528919,21.0,,,,,COMPLETE
266,0.5262354592143886,2026-03-24 05:08:41.250405,2026-03-24 05:09:11.555203,0 days 00:00:30.304798,0.5179116253874924,0.04524321477256271,8,90,0.526641489245802,1500,150,4.0842022733292096e-05,1.4297603709221572e-06,0.5886010359132302,21.0,,,,,COMPLETE
267,0.5226423201383175,2026-03-24 05:09:11.556060,2026-03-24 05:10:27.655765,0 days 00:01:16.099705,0.43536438022280766,0.0308409696584288,8,79,0.057837113010602084,1100,168,9.704457510669531e-05,1.0456330822999768e-07,0.6128923663332215,21.0,,,,,COMPLETE
268,0.5212096167847599,2026-03-24 05:10:27.656653,2026-03-24 05:11:21.219433,0 days 00:00:53.562780,0.5152110002389217,0.03895189168104479,7,96,0.2081953783410395,1400,163,8.141188440851208e-05,5.280128796706311e-07,0.667106757713243,21.0,,,,,COMPLETE
269,0.5223412408182698,2026-03-24 05:11:21.220441,2026-03-24 05:12:44.008842,0 days 00:01:22.788401,0.46773501387612504,0.011402097394743241,7,77,0.5423813491898921,1200,165,3.275524323092021e-06,6.712283535970251e-07,0.6567906361781377,21.0,,,,,COMPLETE
270,0.531135844690804,2026-03-24 05:12:44.009715,2026-03-24 05:13:34.158050,0 days 00:00:50.148335,0.5237009474182627,0.059077197303136736,10,100,0.13981530995426855,1500,183,9.807381314352681e-07,1.0232860247766897e-05,0.47981263777473626,22.0,800495ec0d0000000000008c0a636d6165732e5f636d61948c03434d419493942981947d94288c065f6e5f64696d944b0a8c085f706f7073697a65944b0a8c035f6d75944b058c075f6d755f656666948c166e756d70792e5f636f72652e6d756c74696172726179948c067363616c61729493948c056e756d7079948c0564747970659493948c02663894898887945294284b038c013c944e4e4e4affffffff4affffffff4b007494624308186d7201a156094094869452948c035f636394680b68114308d170f1571fe1d23f94869452948c035f633194680b68114308efd1ee33204d8f3f94869452948c045f636d7594680b681143086bbc550553a3943f94869452948c085f635f7369676d6194680b6811430824bcd1f61334d23f94869452948c085f645f7369676d6194680b68114308096fb4fd048df43f94869452948c035f636d944b018c065f6368695f6e94474008ad851f1406cd8c085f776569676874739468098c0c5f7265636f6e737472756374949394680c8c076e6461727261799493944b0085944301629487945294284b014b0a8594680e8c02663894898887945294284b0368124e4e4e4affffffff4affffffff4b00749462894350649b20309233dd3fde743acc0454d13f25864b3ffdc3c43f663951a1ddd1b53f5de5adba2f1f9a3f61fb228a96d7b5bfd8a31982dd44cebfee6bfe92b483d7bf8f47a053f8e7debf1bced94754c2e2bf947494628c085f705f7369676d6194682f68314b008594683387945294284b014b0a8594681189435075297520cdd0e83f8ea0c073258be73f93ebeb92ae90e03fa2caf11fcfa5ef3feb63681abbbbd43f3f6857200347f83f38b126469c49a43f00d7572a15cadfbf16c11afeeefeeebf7e67f81b1534e9bf947494628c035f706394682f68314b008594683387945294284b014b0a85946811894350f4da2641bb7de23feeba697c90c6e43f61ba256bacd7e53f40ffbb938460ee3fda249803de70ca3f31559a37a96cf53f7c669ed023cfb8bf223cfc3da048e0bfcb4d0f5f27d6eabfd21348062321e5bf947494628c055f6d65616e94682f68314b008594683387945294284b014b0a8594683989435000a33ea13813d23f3ff4c194a8cbe43f2ba49914e13ee13f68d18676e20fee3f9cef321c277bb53f1e05b1f7c7d5e43ffa9266da921be23f528fdfc1b9d4d53f752b7d250e10c53fcbbc4a85ba82d13f947494628c065f7369676d6194680b681143083aabf0d1edfcb83f94869452948c025f44944e8c025f42944e8c075f626f756e647394682f68314b008594683387945294284b014b0a4b02869468398943a00000000000000000000000000000f03f0000000000000000000000000000f03f0000000000000000000000000000f03f00000000000000000,00000000000f03f0000000000000000000000000000f03f0000000000000000000000000000f03f0000000000000000000000000000f03f0000000000000000000000000000f03f0000000000000000000000000000f03f0000000000000000000000000000f03f947494628c115f6e5f6d61785f726573616d706c696e67944b648c025f67944b168c095f6c725f616461707494898c065f616c70686194473ff66666666666668c0a5f626574615f6d65616e94473fb999999999999a8c0b5f626574615f5369676d6194473f9eb851eb851eb88c065f67616d6d6194473fb999999999999a8c065f456d65616e94682f68314b008594683387945294284b014b0a4b01869468398943500000000000000000000000000000000000000000000000000000000000000000000000000000000000000000000000000000000000000000000000000000000000000000000000000000000000000000947494628c075f455369676d6194682f68314b008594683387945294284b014b644b0186946839894220030000000000000000000000000000000000000000000000000000000000000000000000000000000000000000000000000000000000000000000000000000000000000000000000000000000000000000000000000000000000000000000000000000000000000000000000000000000000000000000000000000000000000000000000000000000000000000000000000000000000000000000000000000000000000000000000000000000000000000000000000000000000000000000000000000000000000000000000000000000000000000000000000000000000000000000000000000000000000000000000000000000000000000000000000000000000000000000000000000000000000000000000000000000000000000000000000000000000000000000000000000000000000000000000000000000000000000000000000000000000000000000000000000000000000000000000000000000000000000000000000000000000000000000000000000000000000000000000000000000000000000000000000000000000000000000000000000000000000000000000000000000000000000000000000000000000000000000000000000000000000000000000000000000000000000000000000000000000000000000000000000000000000000000000000000000000000000000000000000000000000000000000000000000000000000000000000000000000000000000000000000000000000000000000000000000000000000000000000000000000000000000000000000000000000000000000000000000000000000000000000000000000000000000000000000000000000000000000000000000000000000,0000000000000000000000000000000000000000000000000000000000000000000000000000000000000000000000000000000000000000000000000000000000000000000000000000000000000000000000000000000000000000000000000000000000000000000000000000000000000000000000000000000000000000000000000000000000000000000000000000000000000000000000000000000000000000000000000000947494628c065f566d65616e944700000000000000008c075f565369676d61944700000000000000008c095f6574615f6d65616e94473ff00000000000008c0a5f6574615f5369676d6194473ff00000000000008c055f746f6c7894473d551c51ce3718e18c075f746f6c787570944740c38800000000008c075f746f6c66756e94473d719799812dea118c105f746f6c636f6e646974696f6e636f76944742d6bcc41e9000008c0d5f66756e686973745f7465726d944b288c0f5f66756e686973745f76616c75657394682f68314b008594683387945294284b014b50859468398942800200006e9cee2a6c22e5bf00000000000000005988cb2023b0e0bfeb7a43dd5349dfbf8c53336af886e0bff53cae3467e0debf187a3378e69de0bf33bf1fca725fdebfe8d1368ca770e0bf9bd936aa1742dfbf6f9deddadcc5e0bfab6a5b1b0fd1debf116b7e1a39b6e0bfcd635791b07cddbfdf61880c9786e0bf7738f5582d2edebf65e130c894a2e0bff186a344f2afdebfa21dc6610288e0bfdb681f843bf2debfd29f3739cc25e1bf0b247574f6cbdebf14294914c3bee0bfa8e04b24e870dfbf9b9c7a420be6e0bf73e70c95482ddebf8ed8972bbfd1e0bf712ba2b40ddcdfbfc793b94225b7e0bfc58f5a6b632de0bfdb0e5e4d904be1bf6b9301627d02e0bfdf8a0deec2bde0bf132b99ea713ae0bfa54ca7b393cce0bf739fcf26390be0bfd36d812d4009e1bf7f6dddc8451ee0bf9bb412357efbe0bf3657498eac6ce0bfa3ae06443614e1bf24ecb42dd5bfdfbf069158cdd914e1bf97de8b133663e0bfc7902a8ecbe2e0bfe9a07f6ad3a3e0bf000000000000008000000000000000000000000000000080000000000000000000000000000000800000000000000000000000000000a0bc000000000000000038218828be5527be00000000000000004f11cb61ab86a6be0000000000000000428b0480a40de1bd0000000000000000cf8c63d077f423be00000000000000001708394834c39cbe0000000000000000549a44ca84bfd1be0000000000000000b0e2298d86bc01bf000000000000000085dac67721f452bf00000000000000009b14ddfd266574bf0000000000000000108087096d0892bf000000000000000017e5299a827faabf000000000000000097caccd2b4a5d1bf000000000,00000004e70a4e29cbde0bf0000000000000000947494628c055f635f316494682f68314b008594683387945294284b014b37859468118942b80100000c49bff5341ae63f854219cafc73a4bf902980577358b03fa22f0d200d3175bfff2ae080bc47a5bf099cec6a47348a3fd61f25432dd85b3f850227004687bcbfeb07f3361a70c43fb1c690292817bf3f7f1433036bebe53f44ce26f08548b53f5f40feef843d9b3f5a2c797fdc53babf05b71c0bbb53c03fa8f3a8507074c1bfb5e38909870db13f511410373302c3bfe2164fce88f1a13fa3a5be8564eaef3fe4d6388bed9cb13f7e825fbc0f71abbf34bacac05ba5a3bfcc50e7158b4cb73fe631767276a7c0bf8942cd6c98f5b4bf5f77a93e11f0cabf4524b8e45e0dea3f8ba8eb74eefcaf3fd8e21eb9f1bf993f7c8df7c39bda9fbfd27aa4a42e2891bff100009838afb9bf1967e73625ccb1bf0a4dff0641cedd3f3d9d167af6df943f18f908604308873f4816b20ec80cb1bf87f9c9605f7b92bfe2451cd76358893fb4bf303486a6ed3f5c05248d32abc2bfe68ec075cc15b8bf71b51d60f3bb843f6a0deacee720a93fb17f62aa2290e93faf3513aeb64285bf99771e3d4d94bf3fc4ebd28883b4c4bf1bb0477b74e7e73fcb041ab64560babff624122cd410b03fd4c1c675ab19f03f56a14444c293943f1ed1ef3fe974e83f9474946275622e,COMPLETE
271,0.5137418335541274,2026-03-24 05:13:34.158932,2026-03-24 05:13:57.996070,0 days 00:00:23.837138,0.4674915413426436,0.0955976681563867,8,89,0.3515106699011044,1600,154,1.2547705668018503e-05,3.6496184392235826e-06,0.5861694124250635,22.0,,,,,COMPLETE
272,0.5116061241657083,2026-03-24 05:13:57.997119,2026-03-24 05:14:28.057737,0 days 00:00:30.060618,0.401811763110612,0.05557706581790219,10,100,0.5136659631131577,1800,152,2.886627503248945e-06,5.235757334907705e-07,0.508351294733819,22.0,,,,,COMPLETE
273,0.5242177897219206,2026-03-24 05:14:28.058608,2026-03-24 05:14:58.610918,0 days 00:00:30.552310,0.5008858619948291,0.03294594971764712,8,98,0.8947677733902961,1700,160,5.421084492201777e-06,2.1691075675613182e-07,0.4637514243956865,22.0,,,,,COMPLETE
274,0.5045771890513672,2026-03-24 05:14:58.611927,2026-03-24 05:15:17.883054,0 days 00:00:19.271127,0.5138533559262913,0.06855448973551774,8,85,0.8670646503402129,1400,153,0.0001682277212395142,3.6243164632900663e-06,0.5492327549236338,22.0,,,,,COMPLETE
275,0.5009653269876679,2026-03-24 05:15:17.884093,2026-03-24 05:15:51.386403,0 days 00:00:33.502310,0.381973018605139,0.05489625983747493,10,81,0.4141505438376135,1400,169,4.166512100643724e-05,2.422155269246509e-06,0.5260347645380469,22.0,,,,,COMPLETE
276,0.5170860702343857,2026-03-24 05:15:51.387393,2026-03-24 05:16:23.249202,0 days 00:00:31.861809,0.4111010618396054,0.03594338396197794,9,93,0.7167147273593892,1400,165,3.410207556530496e-06,2.2546666322773977e-08,0.5077685727932907,22.0,,,,,COMPLETE
277,0.5036133481308486,2026-03-24 05:16:23.250252,2026-03-24 05:16:59.649374,0 days 00:00:36.399122,0.4604640720969956,0.02040008081504682,7,90,1.120634747816183,1400,158,1.6595843006799136e-05,1.8115412656208085e-06,0.614520800832452,22.0,,,,,COMPLETE
278,0.509546374264566,2026-03-24 05:16:59.650338,2026-03-24 05:17:32.810092,0 days 00:00:33.159754,0.42429173234586626,0.03167273684206162,7,88,0.7050748351944354,1300,151,1.509979933673097e-06,2.6386954340751626e-08,0.5042679060639418,22.0,,,,,COMPLETE
279,0.5228822092508864,2026-03-24 05:17:32.811144,2026-03-24 05:18:02.931024,0 days 00:00:30.119880,0.4636500703049812,0.03865119844841841,9,96,0.7408700783323792,1600,153,2.5516107507860247e-05,1.4177970567095878e-07,0.49202775889082606,22.0,,,,,COMPLETE
