number,value,datetime_start,datetime_complete,duration,params_colsample_bytree,params_learning_rate,params_max_depth,params_min_child_samples,params_min_split_gain,params_n_estimators,params_num_leaves,params_reg_alpha,params_reg_lambda,params_subsample,system_attrs_cma:generation,system_attrs_cma:optimizer:0,system_attrs_cma:optimizer:1,system_attrs_cma:optimizer:2,system_attrs_cma:optimizer:3,state
80,0.5137517679746084,2026-03-24 01:58:30.459842,2026-03-24 01:58:55.946398,0 days 00:00:25.486556,0.39994356010259074,0.06772402553588053,12,80,0.5901375518736527,1400,177,8.513880069631806e-07,2.9293774185841013,0.5920423932308427,3.0,800495ec0d0000000000008c0a636d6165732e5f636d61948c03434d419493942981947d94288c065f6e5f64696d944b0a8c085f706f7073697a65944b0a8c035f6d75944b058c075f6d755f656666948c166e756d70792e5f636f72652e6d756c74696172726179948c067363616c61729493948c056e756d7079948c0564747970659493948c02663894898887945294284b038c013c944e4e4e4affffffff4affffffff4b007494624308186d7201a156094094869452948c035f636394680b68114308d170f1571fe1d23f94869452948c035f633194680b68114308efd1ee33204d8f3f94869452948c045f636d7594680b681143086bbc550553a3943f94869452948c085f635f7369676d6194680b6811430824bcd1f61334d23f94869452948c085f645f7369676d6194680b68114308096fb4fd048df43f94869452948c035f636d944b018c065f6368695f6e94474008ad851f1406cd8c085f776569676874739468098c0c5f7265636f6e737472756374949394680c8c076e6461727261799493944b0085944301629487945294284b014b0a8594680e8c02663894898887945294284b0368124e4e4e4affffffff4affffffff4b00749462894350649b20309233dd3fde743acc0454d13f25864b3ffdc3c43f663951a1ddd1b53f5de5adba2f1f9a3f61fb228a96d7b5bfd8a31982dd44cebfee6bfe92b483d7bf8f47a053f8e7debf1bced94754c2e2bf947494628c085f705f7369676d6194682f68314b008594683387945294284b014b0a859468118943507b21c9b0ca06f13fe2626b4535dad43fe6389eede4b8f2bfe1ce3ef1a1fae9bff82fe120c989dd3ffc01ecc9e765ed3f0616b3cc3f4beabfea3bdba08a42e13fc3dfaf2417f0e33f8c01229d4b89d73f947494628c035f706394682f68314b008594683387945294284b014b0a85946811894350782930d696aef03f97118d7c421ad43ffdd8db9b5306f2bfbcc87958e3f1e9bfa31d3d11512ad83f07fb9011a5b9ec3f9c33cb92e943e8bfcc5bdeb729cadf3fc0c17c5469cde43f5af51f745424d63f947494628c055f6d65616e94682f68314b008594683387945294284b014b0a859468398943503c30edc369e3dc3f345758f7f0e7e33f08d8be0dfccfe13f82c40a4c0561e33fe46a837ece9cc93f14606a350622d43f65f623167d92e53fed489e4a9348d63f9684632af9ede63f8a19d464a8abd83f947494628c065f7369676d6194680b6811430873c88c392780cd3f94869452948c025f44944e8c025f42944e8c075f626f756e647394682f68314b008594683387945294284b014b0a4b02869468398943a00000000000000000000000000000f03f0000000000000000000000000000f03f0000000000000000000000000000f03f00000000000000000,00000000000f03f0000000000000000000000000000f03f0000000000000000000000000000f03f0000000000000000000000000000f03f0000000000000000000000000000f03f0000000000000000000000000000f03f0000000000000000000000000000f03f947494628c115f6e5f6d61785f726573616d706c696e67944b648c025f67944b038c095f6c725f616461707494898c065f616c70686194473ff66666666666668c0a5f626574615f6d65616e94473fb999999999999a8c0b5f626574615f5369676d6194473f9eb851eb851eb88c065f67616d6d6194473fb999999999999a8c065f456d65616e94682f68314b008594683387945294284b014b0a4b01869468398943500000000000000000000000000000000000000000000000000000000000000000000000000000000000000000000000000000000000000000000000000000000000000000000000000000000000000000947494628c075f455369676d6194682f68314b008594683387945294284b014b644b0186946839894220030000000000000000000000000000000000000000000000000000000000000000000000000000000000000000000000000000000000000000000000000000000000000000000000000000000000000000000000000000000000000000000000000000000000000000000000000000000000000000000000000000000000000000000000000000000000000000000000000000000000000000000000000000000000000000000000000000000000000000000000000000000000000000000000000000000000000000000000000000000000000000000000000000000000000000000000000000000000000000000000000000000000000000000000000000000000000000000000000000000000000000000000000000000000000000000000000000000000000000000000000000000000000000000000000000000000000000000000000000000000000000000000000000000000000000000000000000000000000000000000000000000000000000000000000000000000000000000000000000000000000000000000000000000000000000000000000000000000000000000000000000000000000000000000000000000000000000000000000000000000000000000000000000000000000000000000000000000000000000000000000000000000000000000000000000000000000000000000000000000000000000000000000000000000000000000000000000000000000000000000000000000000000000000000000000000000000000000000000000000000000000000000000000000000000000000000000000000000000000000000000000000000000000000000000000000000000000000000000000000000000000,0000000000000000000000000000000000000000000000000000000000000000000000000000000000000000000000000000000000000000000000000000000000000000000000000000000000000000000000000000000000000000000000000000000000000000000000000000000000000000000000000000000000000000000000000000000000000000000000000000000000000000000000000000000000000000000000000000947494628c065f566d65616e944700000000000000008c075f565369676d61944700000000000000008c095f6574615f6d65616e94473ff00000000000008c0a5f6574615f5369676d6194473ff00000000000008c055f746f6c7894473d551c51ce3718e18c075f746f6c787570944740c38800000000008c075f746f6c66756e94473d719799812dea118c105f746f6c636f6e646974696f6e636f76944742d6bcc41e9000008c0d5f66756e686973745f7465726d944b288c0f5f66756e686973745f76616c75657394682f68314b008594683387945294284b014b50859468398942800200006e9cee2a6c22e5bf00000000000000005988cb2023b0e0bfeb7a43dd5349dfbf8c53336af886e0bff53cae3467e0debf187a3378e69de0bf33bf1fca725fdebf45436f09a57e2ebf0000000000000000000000000000008000000000000000006462942f3a46eabe00000000000000007c252b9a4bc478be000000000000000000000000000000800000000000000000000000000000008000000000000000000000000000000080000000000000000035ce8375a2b7eebf0000000000000000000000000000008000000000000000000000000000000080000000000000000000000000000000800000000000000000010000000000b4bc0000000000000000000000000000008000000000000000005100000000f821bd000000000000000072e701000414c6bd00000000000000000000000000000080000000000000000000000000000000800000000000000000fff94aa97bba39be0000000000000000a861f0d9edd2b5be0000000000000000000000000000008000000000000000000000000000000080000000000000000000000000000000800000000000000000000000000000a0bc000000000000000038218828be5527be00000000000000004f11cb61ab86a6be0000000000000000428b0480a40de1bd0000000000000000cf8c63d077f423be00000000000000001708394834c39cbe0000000000000000549a44ca84bfd1be0000000000000000b0e2298d86bc01bf000000000000000085dac67721f452bf00000000000000009b14ddfd266574bf0000000000000000108087096d0892bf000000000000000017e5299a827faabf000000000000000097caccd2b4a5d1bf000000000,00000004e70a4e29cbde0bf0000000000000000947494628c055f635f316494682f68314b008594683387945294284b014b37859468118942b80100001ef174cc9edbee3fd235d413aa369a3f242b3e08845569bfb0e2b2ad391191bf2e33d0e4456aa2bfb940785aa46a91bf5ce2c719631496bfa6c98a6d761ab0bfee9f57087924b23f1564a3d24d82a2bf440568c670bcec3f8d04fdb680e68c3fc67fc97edbfc923fb14e2b39c13ca3bfbc78cccbc86c81bf675eb237193e743fcee436832ebc80bf1e7bc28e1f8193bf77c138093c8584bfd22fd6250ffbee3fec6ba72dce2c983fcc67623964acb23f4c56898f94e3683fd34dde8f4b719fbf77413c4f1a2799bffaffcf8644e0a4bfacd8b6c78c9081bfa40bc3391db3ef3fd975011f1074913ff763ad0ca2b788bf5189183718ec923ffdcb5960745c99bf8a5ab4f906c0613ff6756988651a9dbff8698d45ed0aed3f6f787f5f3b1595bf8678a3c1ed5aaa3f6b33a84f8e338fbfeeee0c474347853f4d434277bb46a3bfd01c81c35930f03f4b340fc5920c87bfc8e678148c7a82bf64835356d884953f4ac5e402ac4b903fcfa0490f292aec3f183a263bb31a88bf7cf6863aaec494bfdf4f574304589fbfcccb27d9f5c4ef3f8470d817caf9aa3f7e941548071f993fa8eaf0b452e6ec3f16eca7cf974c873f74ff3f9b7b65ed3f9474946275622e,COMPLETE
81,0.4938639945756667,2026-03-24 01:58:55.949707,2026-03-24 02:00:50.204006,0 days 00:01:54.254299,0.7679469581694804,0.0038098552133278476,10,66,1.108470471393805,900,189,2.971651340127567e-06,0.007998530891635634,0.6022319536468588,3.0,,,,,COMPLETE
82,0.5029640702625578,2026-03-24 02:00:50.204701,2026-03-24 02:01:05.862039,0 days 00:00:15.657338,0.47308115512961024,0.06903193567885751,4,59,1.085207664978366,1200,255,0.00032123980995521923,0.0002804564001054931,0.6451033438557741,3.0,,,,,COMPLETE
83,0.5036504984271462,2026-03-24 02:01:05.862916,2026-03-24 02:01:31.159802,0 days 00:00:25.296886,0.7976223128945856,0.029688422809158805,5,56,1.1037454960570547,900,219,0.00017252894512329714,0.14839578062714226,0.8506619617995833,3.0,,,,,COMPLETE
84,0.48840896246420024,2026-03-24 02:01:31.160750,2026-03-24 02:01:41.248398,0 days 00:00:10.087648,0.4067875664116488,0.17498342699079636,9,44,1.6056254177326785,700,166,3.4883679514114033e-06,6.3737021126599736,0.6340551013747194,3.0,,,,,COMPLETE
85,0.49627493147695917,2026-03-24 02:01:41.249270,2026-03-24 02:02:25.469136,0 days 00:00:44.219866,0.9352708497561246,0.023910524414153894,10,50,0.866916114837379,800,202,6.306837994563304e-06,0.0016134758785804554,0.6828693018978953,3.0,,,,,COMPLETE
86,0.5009559232006712,2026-03-24 02:02:25.469986,2026-03-24 02:03:40.015393,0 days 00:01:14.545407,0.6422371431812715,0.010524761031327434,6,57,1.1406869465347698,1200,149,3.343897094920797e-06,0.06399530972025151,0.6751295913263904,3.0,,,,,COMPLETE
87,0.5084315858343188,2026-03-24 02:03:40.016256,2026-03-24 02:03:51.913531,0 days 00:00:11.897275,0.632573392929913,0.10213544404494866,3,60,0.6479563570394056,800,134,0.2193415237599796,0.002062423801707394,0.7620896206063562,3.0,,,,,COMPLETE
88,0.5088844247162908,2026-03-24 02:03:51.914374,2026-03-24 02:04:16.695263,0 days 00:00:24.780889,0.5511221172792226,0.03194505310739398,6,68,1.265814619174189,1000,167,0.008430217979854564,0.01501761936935517,0.7684089264167928,3.0,,,,,COMPLETE
89,0.5111330551544006,2026-03-24 02:04:16.696089,2026-03-24 02:05:34.004856,0 days 00:01:17.308767,0.5021579808862914,0.01769022632796237,9,55,0.6024305865230312,1000,92,4.046852145923444e-06,1.371660568800408,0.7695048048786985,3.0,,,,,COMPLETE
90,0.5112730383200542,2026-03-24 02:05:34.005585,2026-03-24 02:05:49.902463,0 days 00:00:15.896878,0.6631595505081673,0.07634155097307459,7,94,1.0085039105194311,900,148,2.1592608943413946e-05,0.006283585247924542,0.6835027916164693,4.0,800495ec0d0000000000008c0a636d6165732e5f636d61948c03434d419493942981947d94288c065f6e5f64696d944b0a8c085f706f7073697a65944b0a8c035f6d75944b058c075f6d755f656666948c166e756d70792e5f636f72652e6d756c74696172726179948c067363616c61729493948c056e756d7079948c0564747970659493948c02663894898887945294284b038c013c944e4e4e4affffffff4affffffff4b007494624308186d7201a156094094869452948c035f636394680b68114308d170f1571fe1d23f94869452948c035f633194680b68114308efd1ee33204d8f3f94869452948c045f636d7594680b681143086bbc550553a3943f94869452948c085f635f7369676d6194680b6811430824bcd1f61334d23f94869452948c085f645f7369676d6194680b68114308096fb4fd048df43f94869452948c035f636d944b018c065f6368695f6e94474008ad851f1406cd8c085f776569676874739468098c0c5f7265636f6e737472756374949394680c8c076e6461727261799493944b0085944301629487945294284b014b0a8594680e8c02663894898887945294284b0368124e4e4e4affffffff4affffffff4b00749462894350649b20309233dd3fde743acc0454d13f25864b3ffdc3c43f663951a1ddd1b53f5de5adba2f1f9a3f61fb228a96d7b5bfd8a31982dd44cebfee6bfe92b483d7bf8f47a053f8e7debf1bced94754c2e2bf947494628c085f705f7369676d6194682f68314b008594683387945294284b014b0a85946811894350f27225046ce0d3bf72e69cfc4d6ddc3f1cd000e4a181c5bfa8475398db74ccbf00b7ccf0b1b4563f463fd1e18ca1fa3fb9cb88afb75ef3bf25317fec5b42d73f77a79bc511f0f13ff7660572dcaee83f947494628c035f706394682f68314b008594683387945294284b014b0a85946811894350b4fff5684bf9d3bf2e3d34676a36da3f9c2911490d62c1bfdc7ea9baf5f0cabf70f48968e65fa4bf00fc0cb95800fb3faed4aba6fa70f2bf73b352b0db0ad83fdf7c46438020f13f84cc10dac2e4e83f947494628c055f6d65616e94682f68314b008594683387945294284b014b0a85946839894350a2cfeecd92a6d03f0dd55d355b01e53fe0c2a31de8a8e53fa438c5fb397de53f9b2f1adae075c23fa0bf1ddcc23ae03f418591030ff6e13fa006bc1aca94d63f4d4c7a11a581ea3f969675284fe9de3f947494628c065f7369676d6194680b6811430837135394ce6ccc3f94869452948c025f44944e8c025f42944e8c075f626f756e647394682f68314b008594683387945294284b014b0a4b02869468398943a00000000000000000000000000000f03f0000000000000000000000000000f03f0000000000000000000000000000f03f00000000000000000,00000000000f03f0000000000000000000000000000f03f0000000000000000000000000000f03f0000000000000000000000000000f03f0000000000000000000000000000f03f0000000000000000000000000000f03f0000000000000000000000000000f03f947494628c115f6e5f6d61785f726573616d706c696e67944b648c025f67944b048c095f6c725f616461707494898c065f616c70686194473ff66666666666668c0a5f626574615f6d65616e94473fb999999999999a8c0b5f626574615f5369676d6194473f9eb851eb851eb88c065f67616d6d6194473fb999999999999a8c065f456d65616e94682f68314b008594683387945294284b014b0a4b01869468398943500000000000000000000000000000000000000000000000000000000000000000000000000000000000000000000000000000000000000000000000000000000000000000000000000000000000000000947494628c075f455369676d6194682f68314b008594683387945294284b014b644b0186946839894220030000000000000000000000000000000000000000000000000000000000000000000000000000000000000000000000000000000000000000000000000000000000000000000000000000000000000000000000000000000000000000000000000000000000000000000000000000000000000000000000000000000000000000000000000000000000000000000000000000000000000000000000000000000000000000000000000000000000000000000000000000000000000000000000000000000000000000000000000000000000000000000000000000000000000000000000000000000000000000000000000000000000000000000000000000000000000000000000000000000000000000000000000000000000000000000000000000000000000000000000000000000000000000000000000000000000000000000000000000000000000000000000000000000000000000000000000000000000000000000000000000000000000000000000000000000000000000000000000000000000000000000000000000000000000000000000000000000000000000000000000000000000000000000000000000000000000000000000000000000000000000000000000000000000000000000000000000000000000000000000000000000000000000000000000000000000000000000000000000000000000000000000000000000000000000000000000000000000000000000000000000000000000000000000000000000000000000000000000000000000000000000000000000000000000000000000000000000000000000000000000000000000000000000000000000000000000000000000000000000000000000,0000000000000000000000000000000000000000000000000000000000000000000000000000000000000000000000000000000000000000000000000000000000000000000000000000000000000000000000000000000000000000000000000000000000000000000000000000000000000000000000000000000000000000000000000000000000000000000000000000000000000000000000000000000000000000000000000000947494628c065f566d65616e944700000000000000008c075f565369676d61944700000000000000008c095f6574615f6d65616e94473ff00000000000008c0a5f6574615f5369676d6194473ff00000000000008c055f746f6c7894473d551c51ce3718e18c075f746f6c787570944740c38800000000008c075f746f6c66756e94473d719799812dea118c105f746f6c636f6e646974696f6e636f76944742d6bcc41e9000008c0d5f66756e686973745f7465726d944b288c0f5f66756e686973745f76616c75657394682f68314b008594683387945294284b014b50859468398942800200006e9cee2a6c22e5bf00000000000000005988cb2023b0e0bfeb7a43dd5349dfbf8c53336af886e0bff53cae3467e0debf187a3378e69de0bf33bf1fca725fdebfe8d1368ca770e0bf9bd936aa1742dfbf000000000000008000000000000000006462942f3a46eabe00000000000000007c252b9a4bc478be000000000000000000000000000000800000000000000000000000000000008000000000000000000000000000000080000000000000000035ce8375a2b7eebf0000000000000000000000000000008000000000000000000000000000000080000000000000000000000000000000800000000000000000010000000000b4bc0000000000000000000000000000008000000000000000005100000000f821bd000000000000000072e701000414c6bd00000000000000000000000000000080000000000000000000000000000000800000000000000000fff94aa97bba39be0000000000000000a861f0d9edd2b5be0000000000000000000000000000008000000000000000000000000000000080000000000000000000000000000000800000000000000000000000000000a0bc000000000000000038218828be5527be00000000000000004f11cb61ab86a6be0000000000000000428b0480a40de1bd0000000000000000cf8c63d077f423be00000000000000001708394834c39cbe0000000000000000549a44ca84bfd1be0000000000000000b0e2298d86bc01bf000000000000000085dac67721f452bf00000000000000009b14ddfd266574bf0000000000000000108087096d0892bf000000000000000017e5299a827faabf000000000000000097caccd2b4a5d1bf000000000,00000004e70a4e29cbde0bf0000000000000000947494628c055f635f316494682f68314b008594683387945294284b014b37859468118942b8010000ab785884e898ec3f4d87dd90d107b63f17449c70bf68a9bf1037646b7718a1bfffe5c08f4cc591bfb0e90d0f2dc6abbfa8c06db689ff98bf45906ae48badaabf1d51a2bc047ab83f88064ab7683fa7bf3e953c531a0bea3f30e987caddc89a3f82c08de65b4aa43f66e82e68b6cea7bffcc85a12ccb09f3faa3b292ad8a0743fc37bb996e3828ebf1318e05f3b9aa6bf2640ee633ec683bfcb4fa5bfeeebee3ff7d37b98aee7a43f4a42e182b99ab03f1899d1bf2f87a23f60b2d77f4ed9a2bf8f9a20d5403ba4bf010f3be1dcfb97bf02e79e53975690bf56a134cf885cef3fe6633ed06968973f4e79824e159182bfa20fefa72c6d973fd02a5681fe3aa2bf7ce451c5dc828e3fc10ae11f2fb09ebf1f851cdafeefec3f3006242201e69abf46e8d8f3a1c6ad3f56223ffa048b82bf643331907de06ebfc9acd12366cea3bfe6c4fdb47bf0f03fb9d2c135647ca5bf830eaf7ff95e69bf7bc25dff985db13f9b27eaee7ec3a03f06c966afd8e6ec3f9935c2d78e5e96bfef9c33e25f6ea0bfa4fe610d5408abbfa0144d37ef0df03f1abed5840e64ab3f42da3c987d44a33ff002cce447e6ec3fe5ce704af7c3993f5f53f88587f5ed3f9474946275622e,COMPLETE
91,0.5008306695451884,2026-03-24 02:05:49.903460,2026-03-24 02:07:48.349612,0 days 00:01:58.446152,0.6689065822602184,0.008660206546888741,10,42,1.0342082608250616,1800,135,1.009307814714357e-06,0.051121842570586384,0.5137336829412098,4.0,,,,,COMPLETE
92,0.4908189019586398,2026-03-24 02:07:48.350400,2026-03-24 02:08:03.653640,0 days 00:00:15.303240,0.7045346182967729,0.11037899047985411,6,78,1.1578266121525813,1600,185,2.3835010028474357e-08,0.5831817128405209,0.5954042805175486,4.0,,,,,COMPLETE
93,0.5174046134620242,2026-03-24 02:08:03.654393,2026-03-24 02:08:52.476470,0 days 00:00:48.822077,0.6341234442828867,0.03784255880207715,9,60,0.42504409940032795,1000,88,3.1505418293075474e-05,4.863113323216724,0.7167534733875005,4.0,,,,,COMPLETE
94,0.5065813639370537,2026-03-24 02:08:52.477215,2026-03-24 02:10:14.616790,0 days 00:01:22.139575,0.4388868503432482,0.013745218549894606,11,55,0.9339388953235241,800,138,4.597163968304833e-06,0.5308475140304117,0.6332637790558096,4.0,,,,,COMPLETE
95,0.5099171554302641,2026-03-24 02:10:14.617973,2026-03-24 02:10:54.587907,0 days 00:00:39.969934,0.43962676290612474,0.050923095129189966,8,60,0.5444068008160724,1600,250,0.00030428969846178614,4.87579724839584,0.5491012755229481,4.0,,,,,COMPLETE
96,0.48150994941321795,2026-03-24 02:10:54.588881,2026-03-24 02:11:03.290258,0 days 00:00:08.701377,0.7210065768955143,0.18304335030844968,10,67,2.2780522052173313,800,117,4.7655829091008647e-05,1.2961143331750908,0.7161195270032363,4.0,,,,,COMPLETE
97,0.5124265580882212,2026-03-24 02:11:03.291113,2026-03-24 02:12:42.201365,0 days 00:01:38.910252,0.37485619123139335,0.015705596794369368,12,69,0.6743042322981868,800,184,0.0001869101485270052,0.29105070404478534,0.7219070482520404,4.0,,,,,COMPLETE
98,0.4951318178581144,2026-03-24 02:12:42.202779,2026-03-24 02:13:08.312452,0 days 00:00:26.109673,0.4750680242477189,0.03435842233214464,9,84,1.9226823589693145,900,237,0.00048680000877224624,0.0011598827960625317,0.4499523206924177,4.0,,,,,COMPLETE
99,0.5241531635228237,2026-03-24 02:13:08.313589,2026-03-24 02:13:48.188307,0 days 00:00:39.874718,0.5640935303752341,0.04574801672078525,8,96,0.4559499854722966,700,153,0.0012674845739748366,6.114166114338272e-06,0.6783296817157887,4.0,,,,,COMPLETE
